airport p27-airport4halfMUC-p6.pddl 10320 0.540 0.531
transport-opt08-strips p23.pddl 163 0.010 0.003
satellite p35-HC-pfile15.pddl 110985 0.390 0.388
scanalyzer-opt11-strips p18.pddl 409 0.010 0.005
satellite p23-HC-pfile3.pddl 13679 0.040 0.038
blocks probBLOCKS-10-0.pddl 151 0.000 0.002
hiking-opt14-strips ptesting-1-2-8.pddl 86 0.000 0.003
rovers p03.pddl 144 0.010 0.005
tpp p29.pddl 3577 0.020 0.015
visitall-opt14-strips p-05-7.pddl 364 0.000 0.004
freecell p20.pddl 6289 0.020 0.022
transport-opt11-strips p16.pddl 415 0.010 0.005
satellite p19-pfile19.pddl 8415 0.030 0.024
freecell p18.pddl 5517 0.020 0.020
openstacks-opt11-strips p03.pddl 180 0.010 0.007
psr-small p32-s50-n4-l2-f50.pddl 67 0.010 0.015
transport-opt11-strips p06.pddl 236 0.000 0.004
parcprinter-08-strips p21.pddl 144 0.010 0.009
tpp p13.pddl 519 0.000 0.005
pipesworld-notankage p23-net3-b14-g3.pddl 438 0.010 0.006
elevators-opt11-strips p12.pddl 282 0.000 0.004
mystery prob16.pddl 5619 0.020 0.016
logistics98 prob35.pddl 5809 0.020 0.017
woodworking-opt08-strips p13.pddl 243 0.020 0.009
airport p04-airport2-p1.pddl 377 0.050 0.044
miconic s25-3.pddl 1725 0.010 0.012
pipesworld-notankage p34-net4-b16-g6.pddl 563 0.010 0.006
freecell probfreecell-12-5.pddl 5665 0.020 0.020
miconic s14-1.pddl 658 0.010 0.006
transport-opt14-strips p17.pddl 1077 0.020 0.009
hiking-opt14-strips ptesting-2-3-7.pddl 125 0.000 0.004
psr-small p19-s33-n3-l2-f30.pddl 41 0.030 0.026
childsnack-opt14-strips child-snack_pfile08-2.pddl 315 0.000 0.005
ged-opt14-strips d-7-6.pddl 165 0.010 0.008
tpp p27.pddl 2832 0.020 0.013
miconic s24-0.pddl 1608 0.010 0.012
barman-opt11-strips pfile03-010.pddl 232 0.010 0.006
barman-opt14-strips p739-3.pddl 353 0.010 0.006
airport p09-airport2-p4.pddl 998 0.050 0.052
miconic s13-0.pddl 585 0.000 0.005
zenotravel p12.pddl 1806 0.000 0.007
woodworking-opt11-strips p14.pddl 368 0.010 0.010
transport-opt08-strips p10.pddl 861 0.010 0.007
elevators-opt11-strips p02.pddl 372 0.000 0.005
airport p13-airport3-p2.pddl 640 0.050 0.056
gripper prob06.pddl 738 0.000 0.004
miconic s19-2.pddl 1083 0.000 0.008
woodworking-opt08-strips p16.pddl 340 0.010 0.009
freecell p12.pddl 3501 0.020 0.015
elevators-opt08-strips p29.pddl 448 0.010 0.005
miconic s28-2.pddl 2100 0.020 0.014
mystery prob03.pddl 3971 0.010 0.012
psr-small p37-s67-n6-l2-f70.pddl 63 0.020 0.016
parking-opt14-strips p_20_11-01.pddl 734 0.000 0.005
sokoban-opt11-strips p03.pddl 686 0.010 0.006
floortile-opt14-strips p02-5-3-2.pddl 195 0.010 0.004
parking-opt14-strips p_16_9-01.pddl 492 0.010 0.004
childsnack-opt14-strips child-snack_pfile09-2.pddl 342 0.000 0.005
scanalyzer-08-strips p23.pddl 39 0.000 0.003
pathways-noneg p17.pddl 2214 0.020 0.016
transport-opt08-strips p22.pddl 112 0.000 0.002
organic-synthesis-opt18-strips p12.pddl 4121 0.020 0.027
scanalyzer-08-strips p09.pddl 177 0.000 0.004
transport-opt08-strips p12.pddl 142 0.010 0.003
scanalyzer-08-strips p26.pddl 111 0.010 0.003
logistics98 prob05.pddl 3854 0.010 0.012
childsnack-opt14-strips child-snack_pfile07-2.pddl 294 0.010 0.005
elevators-opt08-strips p17.pddl 390 0.000 0.005
driverlog p18.pddl 21768 0.050 0.059
openstacks-opt11-strips p17.pddl 355 0.010 0.013
freecell probfreecell-9-1.pddl 3985 0.010 0.015
freecell probfreecell-2-5.pddl 1185 0.010 0.008
transport-opt14-strips p08.pddl 335 0.010 0.005
logistics00 probLOGISTICS-8-1.pddl 1043 0.000 0.005
pegsol-08-strips p19.pddl 243 0.010 0.004
psr-small p16-s29-n2-l5-f30.pddl 44 0.020 0.018
miconic s10-0.pddl 390 0.010 0.004
psr-small p45-s94-n4-l3-f50.pddl 51 0.010 0.012
blocks probBLOCKS-4-2.pddl 37 0.010 0.002
miconic s8-0.pddl 280 0.000 0.003
gripper prob11.pddl 1708 0.010 0.006
floortile-opt14-strips p03-5-5-2.pddl 323 0.000 0.005
openstacks-opt14-strips p35_3.pddl 558 0.020 0.020
tpp p24.pddl 1776 0.020 0.009
scanalyzer-08-strips p11.pddl 247 0.010 0.004
pipesworld-tankage p22-net3-b12-g4-t60.pddl 500 0.010 0.008
scanalyzer-opt11-strips p09.pddl 365 0.010 0.005
miconic s22-1.pddl 1386 0.010 0.010
zenotravel p16.pddl 5172 0.010 0.015
transport-opt08-strips p11.pddl 77 0.000 0.002
rovers p04.pddl 160 0.000 0.005
scanalyzer-08-strips p05.pddl 125 0.000 0.003
woodworking-opt08-strips p03.pddl 242 0.010 0.009
pipesworld-tankage p43-net5-b24-g3-t80.pddl 1559 0.010 0.012
openstacks-opt14-strips p45_2.pddl 626 0.020 0.021
barman-opt11-strips pfile04-016.pddl 303 0.010 0.006
airport p46-airport5MUC-p6.pddl 15590 0.830 0.829
tpp p15.pddl 629 0.000 0.006
miconic s11-4.pddl 451 0.000 0.005
sokoban-opt08-strips p07.pddl 1210 0.000 0.008
parcprinter-08-strips p27.pddl 498 0.010 0.010
pathways-noneg p04.pddl 410 0.000 0.005
miconic s4-4.pddl 108 0.000 0.002
elevators-opt11-strips p14.pddl 297 0.000 0.004
miconic s3-0.pddl 75 0.010 0.002
scanalyzer-08-strips p06.pddl 122 0.010 0.003
gripper prob03.pddl 348 0.000 0.003
openstacks-opt08-strips p13.pddl 251 0.000 0.009
mystery prob23.pddl 11028 0.040 0.030
miconic s21-1.pddl 1281 0.000 0.009
organic-synthesis-opt18-strips p08.pddl 3885 0.080 0.070
openstacks-opt11-strips p15.pddl 341 0.010 0.012
pegsol-08-strips p09.pddl 243 0.000 0.004
pathways-noneg p07.pddl 949 0.010 0.008
zenotravel p17.pddl 7062 0.020 0.020
parking-opt11-strips pfile03-012.pddl 298 0.010 0.003
satellite p20-pfile20.pddl 10048 0.030 0.031
miconic s28-4.pddl 2100 0.010 0.015
satellite p29-HC-pfile9.pddl 47842 0.140 0.142
barman-opt14-strips p435-3.pddl 190 0.010 0.006
floortile-opt11-strips opt-p07-013.pddl 323 0.010 0.005
satellite p34-HC-pfile14.pddl 99927 0.370 0.357
sokoban-opt11-strips p13.pddl 833 0.000 0.006
transport-opt11-strips p19.pddl 299 0.000 0.004
openstacks-opt11-strips p16.pddl 368 0.010 0.013
floortile-opt14-strips p01-6-5-2.pddl 376 0.010 0.005
psr-small p28-s43-n3-l4-f70.pddl 42 0.010 0.009
parking-opt14-strips p_20_11-04.pddl 734 0.000 0.005
pipesworld-notankage p06-net1-b10-g6.pddl 251 0.000 0.005
rovers p23.pddl 2840 0.020 0.018
rovers p27.pddl 2931 0.020 0.018
miconic s4-2.pddl 108 0.000 0.002
ged-opt14-strips d-2-4.pddl 97 0.000 0.008
openstacks-opt11-strips p11.pddl 280 0.010 0.010
rovers p09.pddl 371 0.010 0.006
movie prob11.pddl 233 0.000 0.002
barman-opt14-strips p739-2.pddl 353 0.010 0.006
elevators-opt11-strips p11.pddl 474 0.000 0.005
visitall-opt11-strips problem02-half.pddl 24 0.000 0.001
parcprinter-08-strips p16.pddl 642 0.010 0.015
sokoban-opt08-strips p11.pddl 1407 0.010 0.009
pipesworld-tankage p34-net4-b16-g6-t60.pddl 763 0.000 0.009
pipesworld-notankage p20-net2-b18-g8.pddl 555 0.010 0.006
pegsol-08-strips p14.pddl 243 0.010 0.007
miconic s20-4.pddl 1180 0.010 0.009
visitall-opt14-strips p-1-17.pddl 2244 0.020 0.015
airport p50-airport5MUC-p15.pddl 36218 1.220 1.223
miconic s14-4.pddl 658 0.010 0.006
organic-synthesis-split-opt18-strips p13.pddl 9560 0.350 0.337
gripper prob14.pddl 2482 0.010 0.009
airport p30-airport4halfMUC-p8.pddl 13354 0.570 0.571
barman-opt11-strips pfile05-018.pddl 354 0.010 0.007
barman-opt14-strips p638-2.pddl 302 0.010 0.006
mprime prob23.pddl 11028 0.040 0.031
barman-opt11-strips pfile05-017.pddl 354 0.010 0.006
zenotravel p20.pddl 10626 0.030 0.029
sokoban-opt08-strips p26.pddl 1038 0.000 0.007
gripper prob02.pddl 250 0.000 0.003
elevators-opt08-strips p07.pddl 262 0.000 0.004
scanalyzer-08-strips p25.pddl 113 0.010 0.003
woodworking-opt11-strips p08.pddl 346 0.010 0.009
parcprinter-opt11-strips p11.pddl 429 0.010 0.010
pipesworld-tankage p28-net3-b18-g7-t70.pddl 858 0.000 0.009
satellite p14-pfile14.pddl 4947 0.010 0.015
openstacks-opt14-strips p30_2.pddl 411 0.010 0.014
woodworking-opt11-strips p04.pddl 242 0.010 0.008
logistics98 prob28.pddl 482030 2.160 2.154
miconic s8-1.pddl 280 0.000 0.003
pegsol-08-strips p26.pddl 243 0.000 0.004
logistics00 probLOGISTICS-9-0.pddl 1043 0.010 0.005
parcprinter-08-strips p20.pddl 1063 0.020 0.016
hiking-opt14-strips ptesting-2-4-7.pddl 134 0.010 0.004
parking-opt11-strips pfile07-028.pddl 734 0.000 0.005
openstacks-opt08-strips p01.pddl 76 0.010 0.004
blocks probBLOCKS-8-0.pddl 105 0.000 0.002
miconic s23-2.pddl 1495 0.010 0.010
mprime prob34.pddl 7211 0.020 0.021
blocks probBLOCKS-7-2.pddl 85 0.000 0.002
pegsol-08-strips p08.pddl 243 0.000 0.004
logistics98 prob01.pddl 2162 0.010 0.008
driverlog p15.pddl 8163 0.020 0.023
floortile-opt11-strips opt-p10-020.pddl 497 0.000 0.006
depot p03.pddl 1250 0.000 0.006
pegsol-08-strips p04.pddl 243 0.000 0.004
elevators-opt08-strips p21.pddl 372 0.000 0.005
floortile-opt11-strips opt-p07-014.pddl 323 0.000 0.005
scanalyzer-08-strips p03.pddl 77 0.000 0.003
grid prob05.pddl 10612 0.030 0.031
pipesworld-notankage p07-net1-b12-g5.pddl 315 0.010 0.005
woodworking-opt08-strips p15.pddl 341 0.000 0.010
miconic s22-2.pddl 1386 0.010 0.010
ged-opt14-strips d-3-2.pddl 129 0.010 0.008
miconic s26-3.pddl 1846 0.010 0.013
transport-opt11-strips p01.pddl 163 0.000 0.003
rovers p26.pddl 2409 0.020 0.015
logistics00 probLOGISTICS-15-1.pddl 2864 0.010 0.009
rovers p15.pddl 563 0.000 0.007
hiking-opt14-strips ptesting-2-3-5.pddl 97 0.000 0.003
airport p40-airport5MUC-p4.pddl 11006 0.750 0.756
organic-synthesis-opt18-strips p02.pddl 2375 0.020 0.023
elevators-opt08-strips p18.pddl 433 0.000 0.005
transport-opt14-strips p14.pddl 487 0.010 0.006
freecell probfreecell-9-4.pddl 3985 0.010 0.015
movie prob23.pddl 413 0.000 0.003
pipesworld-tankage p02-net1-b6-g4-t50.pddl 222 0.000 0.006
movie prob03.pddl 113 0.000 0.002
miconic s25-0.pddl 1725 0.010 0.012
airport p33-airport4halfMUC-p10.pddl 16388 0.610 0.610
scanalyzer-opt11-strips p06.pddl 125 0.010 0.003
mystery prob08.pddl 6896 0.020 0.024
movie prob02.pddl 98 0.000 0.002
movie prob18.pddl 338 0.010 0.003
driverlog p16.pddl 12357 0.030 0.038
gripper prob07.pddl 900 0.010 0.005
openstacks-opt08-strips p03.pddl 103 0.000 0.005
miconic s15-1.pddl 735 0.000 0.007
satellite p25-HC-pfile5.pddl 21085 0.060 0.059
openstacks-opt14-strips p30_1.pddl 406 0.010 0.014
miconic s22-4.pddl 1386 0.010 0.010
organic-synthesis-split-opt18-strips p03.pddl 3634 0.390 0.396
openstacks-opt14-strips p50_1.pddl 680 0.030 0.025
freecell probfreecell-7-2.pddl 3025 0.010 0.014
tpp p28.pddl 2989 0.030 0.028
elevators-opt08-strips p16.pddl 414 0.010 0.005
mystery prob19.pddl 9023 0.030 0.029
elevators-opt08-strips p30.pddl 494 0.010 0.005
openstacks-opt08-strips p16.pddl 298 0.010 0.011
psr-small p30-s46-n3-l5-f50.pddl 60 0.020 0.017
gripper prob09.pddl 1272 0.000 0.006
satellite p32-HC-pfile12.pddl 131695 0.480 0.477
transport-opt08-strips p25.pddl 299 0.000 0.004
sokoban-opt11-strips p09.pddl 1210 0.010 0.008
openstacks-opt11-strips p01.pddl 149 0.000 0.006
blocks probBLOCKS-10-1.pddl 151 0.000 0.002
satellite p10-pfile10.pddl 3161 0.010 0.011
ged-opt14-strips d-1-4.pddl 69 0.010 0.008
satellite p12-pfile12.pddl 4361 0.010 0.014
depot p16.pddl 3764 0.010 0.012
nomystery-opt11-strips p20.pddl 9362 0.070 0.065
barman-opt14-strips p435-2.pddl 190 0.000 0.006
floortile-opt14-strips p03-4-4-2.pddl 217 0.000 0.004
blocks probBLOCKS-9-0.pddl 127 0.000 0.002
parcprinter-08-strips p09.pddl 798 0.010 0.012
freecell probfreecell-3-5.pddl 1489 0.010 0.009
freecell probfreecell-5-1.pddl 2193 0.010 0.010
openstacks-opt08-strips p23.pddl 402 0.020 0.014
rovers p39.pddl 9775 0.050 0.050
sokoban-opt08-strips p24.pddl 1060 0.000 0.007
scanalyzer-08-strips p27.pddl 110 0.010 0.003
pegsol-opt11-strips p20.pddl 243 0.000 0.004
psr-small p42-s82-n3-l4-f50.pddl 47 0.020 0.016
floortile-opt11-strips opt-p03-005.pddl 195 0.010 0.004
airport p31-airport4halfMUC-p9.pddl 14871 0.600 0.595
logistics00 probLOGISTICS-10-0.pddl 1781 0.010 0.007
parking-opt11-strips pfile04-014.pddl 389 0.000 0.004
barman-opt11-strips pfile01-001.pddl 154 0.000 0.006
movie prob30.pddl 518 0.010 0.004
miconic s24-3.pddl 1608 0.010 0.011
rovers p17.pddl 953 0.010 0.008
parking-opt14-strips p_18_10-01.pddl 607 0.000 0.005
driverlog p06.pddl 846 0.000 0.005
floortile-opt11-strips opt-p03-006.pddl 195 0.010 0.004
psr-small p40-s80-n3-l4-f10.pddl 66 0.200 0.200
organic-synthesis-opt18-strips p16.pddl 10105 0.080 0.087
sokoban-opt11-strips p10.pddl 996 0.010 0.006
driverlog p09.pddl 1580 0.010 0.007
pipesworld-tankage p24-net3-b14-g5-t60.pddl 618 0.010 0.008
floortile-opt11-strips opt-p05-010.pddl 259 0.000 0.004
mprime prob22.pddl 17167 0.050 0.048
pathways-noneg p22.pddl 1679 0.010 0.015
freecell probfreecell-6-2.pddl 2593 0.010 0.012
transport-opt11-strips p09.pddl 316 0.010 0.004
scanalyzer-08-strips p01.pddl 85 0.000 0.003
transport-opt11-strips p02.pddl 175 0.000 0.003
zenotravel p14.pddl 3174 0.020 0.011
pipesworld-notankage p14-net2-b12-g5.pddl 315 0.010 0.005
pipesworld-notankage p36-net4-b18-g6.pddl 661 0.000 0.006
pegsol-08-strips p12.pddl 243 0.010 0.004
parcprinter-opt11-strips p07.pddl 466 0.010 0.010
miconic s2-1.pddl 46 0.000 0.002
sokoban-opt08-strips p30.pddl 1589 0.010 0.008
pathways-noneg p21.pddl 2062 0.010 0.017
psr-small p08-s12-n1-l5-f10.pddl 20 0.010 0.006
mystery prob05.pddl 5029 0.010 0.015
driverlog p20.pddl 29496 0.090 0.092
nomystery-opt11-strips p19.pddl 18237 0.130 0.131
pipesworld-tankage p41-net5-b22-g2-t20.pddl 1091 0.010 0.009
pipesworld-notankage p35-net4-b18-g4.pddl 661 0.010 0.006
grid prob01.pddl 1808 0.010 0.008
woodworking-opt08-strips p30.pddl 516 0.010 0.010
satellite p33-HC-pfile13.pddl 194199 0.770 0.767
blocks probBLOCKS-16-1.pddl 337 0.010 0.003
nomystery-opt11-strips p16.pddl 16652 0.120 0.118
childsnack-opt14-strips child-snack_pfile10-2.pddl 363 0.010 0.005
pathways-noneg p06.pddl 752 0.010 0.007
miconic s18-2.pddl 990 0.000 0.008
miconic s21-0.pddl 1281 0.010 0.010
movie prob06.pddl 158 0.000 0.002
freecell probfreecell-7-3.pddl 3025 0.010 0.013
psr-small p41-s81-n3-l4-f30.pddl 51 0.010 0.011
logistics00 probLOGISTICS-5-0.pddl 501 0.000 0.004
mprime prob03.pddl 3971 0.010 0.013
woodworking-opt08-strips p01.pddl 168 0.010 0.008
miconic s16-0.pddl 816 0.010 0.007
childsnack-opt14-strips child-snack_pfile03.pddl 191 0.000 0.004
depot p21.pddl 16221 0.050 0.043
nomystery-opt11-strips p13.pddl 1278 0.010 0.010
freecell p02.pddl 937 0.010 0.007
organic-synthesis-opt18-strips p10.pddl 3108 0.020 0.024
floortile-opt14-strips p03-4-3-2.pddl 164 0.000 0.004
parcprinter-08-strips p25.pddl 379 0.000 0.010
organic-synthesis-split-opt18-strips p11.pddl 4065 0.070 0.062
barman-opt11-strips pfile05-020.pddl 354 0.010 0.007
gripper prob01.pddl 168 0.000 0.002
floortile-opt11-strips opt-p01-002.pddl 133 0.010 0.003
miconic s28-3.pddl 2100 0.010 0.014
miconic s26-4.pddl 1846 0.020 0.013
blocks probBLOCKS-11-0.pddl 177 0.000 0.002
ged-opt14-strips d-4-8.pddl 297 0.000 0.008
airport p25-airport4halfMUC-p5.pddl 8803 0.500 0.496
airport p35-airport4halfMUC-p12.pddl 19422 0.660 0.662
gripper prob13.pddl 2208 0.010 0.008
parcprinter-08-strips p15.pddl 568 0.010 0.014
transport-opt14-strips p06.pddl 419 0.000 0.005
organic-synthesis-split-opt18-strips p09.pddl 3718 0.060 0.061
pipesworld-tankage p10-net1-b14-g8-t50.pddl 507 0.010 0.007
psr-small p23-s38-n3-l3-f50.pddl 56 0.010 0.013
parcprinter-opt11-strips p08.pddl 303 0.010 0.009
openstacks-opt11-strips p13.pddl 312 0.020 0.011
pipesworld-tankage p12-net2-b10-g4-t60.pddl 341 0.000 0.007
transport-opt11-strips p18.pddl 300 0.000 0.004
floortile-opt11-strips opt-p10-019.pddl 497 0.000 0.006
pegsol-08-strips p28.pddl 243 0.010 0.004
parking-opt11-strips pfile06-021.pddl 607 0.000 0.004
pipesworld-notankage p33-net4-b16-g5.pddl 563 0.000 0.006
tpp p03.pddl 51 0.010 0.002
gripper prob08.pddl 1078 0.000 0.005
driverlog p11.pddl 2715 0.010 0.010
blocks probBLOCKS-9-2.pddl 127 0.000 0.002
organic-synthesis-opt18-strips p20.pddl 7784 0.070 0.081
logistics00 probLOGISTICS-6-1.pddl 501 0.010 0.004
logistics98 prob03.pddl 14083 0.040 0.039
ged-opt14-strips d-7-5.pddl 205 0.000 0.008
parcprinter-08-strips p13.pddl 387 0.020 0.014
elevators-opt08-strips p01.pddl 220 0.010 0.004
miconic s19-3.pddl 1083 0.000 0.008
psr-small p13-s22-n2-l3-f50.pddl 27 0.000 0.007
miconic s6-2.pddl 186 0.000 0.002
mprime prob21.pddl 14136 0.040 0.037
logistics98 prob24.pddl 72887 0.260 0.253
transport-opt14-strips p04.pddl 307 0.000 0.004
freecell probfreecell-2-3.pddl 1185 0.020 0.008
nomystery-opt11-strips p18.pddl 14610 0.120 0.106
logistics00 probLOGISTICS-4-0.pddl 501 0.010 0.004
psr-small p24-s39-n3-l3-f70.pddl 45 0.010 0.009
mprime prob30.pddl 7233 0.020 0.021
openstacks-opt08-strips p11.pddl 223 0.000 0.008
scanalyzer-opt11-strips p07.pddl 577 0.010 0.006
pipesworld-tankage p14-net2-b12-g5-t30.pddl 395 0.000 0.007
ged-opt14-strips d-3-4.pddl 205 0.000 0.008
parking-opt14-strips p_12_7-03.pddl 298 0.010 0.003
pathways-noneg p14.pddl 1234 0.010 0.011
ged-opt14-strips d-2-8.pddl 297 0.000 0.008
pegsol-08-strips p13.pddl 243 0.000 0.004
miconic s21-2.pddl 1281 0.010 0.009
pipesworld-notankage p13-net2-b12-g3.pddl 315 0.000 0.005
pipesworld-notankage p15-net2-b14-g4.pddl 387 0.000 0.005
logistics98 prob31.pddl 1340 0.000 0.006
airport p02-airport1-p1.pddl 170 0.010 0.017
openstacks-opt14-strips p25_1.pddl 341 0.010 0.012
blocks probBLOCKS-15-0.pddl 301 0.000 0.003
miconic s26-1.pddl 1846 0.010 0.013
woodworking-opt08-strips p17.pddl 415 0.010 0.009
miconic s24-4.pddl 1608 0.010 0.011
mprime prob04.pddl 2608 0.010 0.009
nomystery-opt11-strips p02.pddl 6072 0.040 0.043
mystery prob10.pddl 24003 0.070 0.066
mystery prob22.pddl 17167 0.050 0.048
woodworking-opt08-strips p12.pddl 234 0.010 0.009
zenotravel p08.pddl 1392 0.000 0.006
mprime prob25.pddl 1368 0.000 0.006
mystery prob02.pddl 6547 0.020 0.019
movie prob08.pddl 188 0.000 0.002
parcprinter-08-strips p23.pddl 246 0.010 0.009
pipesworld-notankage p39-net4-b22-g7.pddl 881 0.010 0.007
parcprinter-08-strips p18.pddl 832 0.010 0.015
floortile-opt14-strips p03-5-4-2.pddl 259 0.010 0.005
airport p26-airport4halfMUC-p6.pddl 10320 0.530 0.523
miconic s6-1.pddl 186 0.000 0.002
hiking-opt14-strips ptesting-2-4-4.pddl 89 0.010 0.003
psr-small p46-s97-n5-l2-f30.pddl 60 0.020 0.018
visitall-opt14-strips p-1-9.pddl 612 0.010 0.006
freecell p11.pddl 3501 0.010 0.014
movie prob26.pddl 458 0.000 0.003
pegsol-opt11-strips p09.pddl 243 0.010 0.004
organic-synthesis-opt18-strips p11.pddl 3267 0.030 0.024
woodworking-opt08-strips p05.pddl 331 0.010 0.009
scanalyzer-opt11-strips p11.pddl 113 0.000 0.003
airport p18-airport3-p6.pddl 1548 0.070 0.069
airport p05-airport2-p1.pddl 377 0.050 0.045
pegsol-opt11-strips p16.pddl 243 0.010 0.004
elevators-opt08-strips p02.pddl 252 0.000 0.004
nomystery-opt11-strips p06.pddl 30316 0.230 0.234
rovers p30.pddl 4004 0.020 0.023
barman-opt11-strips pfile02-006.pddl 191 0.000 0.006
freecell probfreecell-5-5.pddl 2193 0.010 0.011
gripper prob15.pddl 2772 0.010 0.009
freecell probfreecell-13-4.pddl 6289 0.020 0.022
elevators-opt08-strips p15.pddl 372 0.010 0.005
satellite p05-pfile5.pddl 1438 0.010 0.006
pipesworld-notankage p26-net3-b16-g7.pddl 524 0.000 0.006
parcprinter-opt11-strips p02.pddl 259 0.010 0.009
miconic s17-1.pddl 901 0.000 0.007
woodworking-opt11-strips p09.pddl 331 0.010 0.009
scanalyzer-08-strips p22.pddl 39 0.000 0.002
airport p34-airport4halfMUC-p11.pddl 17905 0.630 0.631
miconic s19-1.pddl 1083 0.010 0.008
miconic s18-0.pddl 990 0.000 0.008
organic-synthesis-split-opt18-strips p14.pddl 6497 0.070 0.071
satellite p02-pfile2.pddl 485 0.000 0.004
logistics98 prob08.pddl 40265 0.120 0.122
miconic s30-1.pddl 2370 0.010 0.016
elevators-opt11-strips p08.pddl 248 0.010 0.004
tpp p16.pddl 830 0.000 0.006
miconic s27-3.pddl 1971 0.010 0.013
driverlog p02.pddl 662 0.000 0.004
miconic s5-4.pddl 145 0.000 0.002
elevators-opt08-strips p24.pddl 434 0.000 0.005
scanalyzer-08-strips p28.pddl 223 0.000 0.004
psr-small p35-s57-n5-l2-f30.pddl 68 0.030 0.023
hiking-opt14-strips ptesting-2-2-8.pddl 129 0.010 0.004
transport-opt11-strips p13.pddl 323 0.000 0.004
sokoban-opt11-strips p19.pddl 1070 0.010 0.007
openstacks-opt14-strips p25_3.pddl 381 0.010 0.013
mystery prob26.pddl 3979 0.010 0.012
depot p12.pddl 5096 0.020 0.015
driverlog p10.pddl 2194 0.010 0.008
mprime prob08.pddl 6896 0.020 0.020
zenotravel p05.pddl 924 0.000 0.005
openstacks-opt08-strips p27.pddl 468 0.020 0.016
pipesworld-notankage p01-net1-b6-g2.pddl 147 0.000 0.005
transport-opt14-strips p03.pddl 244 0.010 0.004
pegsol-08-strips p29.pddl 243 0.010 0.004
mprime prob12.pddl 2603 0.020 0.009
transport-opt14-strips p18.pddl 1179 0.010 0.009
organic-synthesis-split-opt18-strips p06.pddl 4791 0.320 0.325
scanalyzer-08-strips p04.pddl 137 0.000 0.003
transport-opt08-strips p27.pddl 536 0.000 0.005
satellite p15-pfile15.pddl 6909 0.020 0.020
pipesworld-tankage p11-net2-b10-g2-t30.pddl 311 0.010 0.007
logistics98 prob06.pddl 36404 0.110 0.114
miconic s24-2.pddl 1608 0.010 0.012
pipesworld-notankage p40-net4-b22-g8.pddl 881 0.010 0.007
scanalyzer-08-strips p08.pddl 181 0.000 0.004
psr-small p27-s42-n3-l4-f50.pddl 45 0.010 0.012
miconic s10-2.pddl 390 0.000 0.004
tpp p18.pddl 1178 0.000 0.007
freecell probfreecell-3-4.pddl 1489 0.010 0.009
airport p24-airport4halfMUC-p4.pddl 7286 0.460 0.468
miconic s14-2.pddl 658 0.000 0.006
freecell probfreecell-11-2.pddl 5073 0.020 0.019
miconic s28-0.pddl 2100 0.010 0.015
psr-small p43-s83-n3-l4-f70.pddl 49 0.010 0.012
transport-opt08-strips p16.pddl 589 0.010 0.006
barman-opt14-strips p536-1.pddl 231 0.010 0.005
parcprinter-opt11-strips p14.pddl 709 0.020 0.011
miconic s18-4.pddl 990 0.000 0.007
openstacks-opt11-strips p07.pddl 237 0.010 0.009
depot p02.pddl 982 0.010 0.005
pathways-noneg p08.pddl 1196 0.010 0.010
miconic s15-3.pddl 735 0.010 0.006
visitall-opt11-strips problem03-full.pddl 60 0.000 0.001
miconic s6-4.pddl 186 0.000 0.002
openstacks-opt08-strips p14.pddl 268 0.010 0.010
mystery prob15.pddl 12767 0.040 0.035
pipesworld-notankage p05-net1-b10-g4.pddl 251 0.000 0.005
miconic s29-4.pddl 2233 0.020 0.015
parcprinter-opt11-strips p17.pddl 568 0.020 0.015
pipesworld-tankage p03-net1-b8-g3-t80.pddl 300 0.000 0.007
barman-opt14-strips p739-1.pddl 353 0.010 0.006
freecell probfreecell-8-5.pddl 3489 0.020 0.014
freecell p03.pddl 1209 0.010 0.008
ged-opt14-strips d-2-3.pddl 129 0.010 0.007
openstacks-opt14-strips p30_3.pddl 472 0.020 0.016
barman-opt14-strips p638-3.pddl 302 0.010 0.006
openstacks-opt11-strips p05.pddl 209 0.010 0.008
psr-small p02-s5-n1-l3-f30.pddl 27 0.010 0.007
miconic s1-0.pddl 21 0.000 0.001
miconic s16-3.pddl 816 0.020 0.006
parking-opt11-strips pfile05-018.pddl 492 0.010 0.004
pathways-noneg p05.pddl 541 0.010 0.006
freecell probfreecell-7-5.pddl 3025 0.010 0.013
miconic s6-3.pddl 186 0.000 0.002
openstacks-opt08-strips p06.pddl 149 0.000 0.006
tpp p07.pddl 201 0.000 0.004
psr-small p01-s2-n1-l2-f50.pddl 12 0.010 0.003
visitall-opt14-strips p-1-15.pddl 1740 0.010 0.012
pipesworld-tankage p07-net1-b12-g5-t80.pddl 450 0.010 0.007
sokoban-opt11-strips p01.pddl 474 0.010 0.005
openstacks-opt11-strips p09.pddl 268 0.010 0.010
freecell probfreecell-6-5.pddl 2593 0.010 0.013
elevators-opt08-strips p09.pddl 276 0.010 0.004
pipesworld-notankage p44-net5-b24-g5.pddl 1084 0.000 0.008
parking-opt14-strips p_14_8-01.pddl 389 0.000 0.004
organic-synthesis-split-opt18-strips p12.pddl 4999 0.070 0.064
mprime prob09.pddl 4476 0.020 0.013
freecell probfreecell-3-1.pddl 1489 0.000 0.009
childsnack-opt14-strips child-snack_pfile03-2.pddl 191 0.000 0.004
woodworking-opt11-strips p15.pddl 415 0.010 0.009
pathways-noneg p09.pddl 1121 0.000 0.009
psr-small p22-s37-n3-l3-f30.pddl 56 0.010 0.018
barman-opt14-strips p839-2.pddl 378 0.000 0.006
blocks probBLOCKS-8-2.pddl 105 0.000 0.002
barman-opt11-strips pfile01-004.pddl 154 0.000 0.005
parking-opt14-strips p_18_10-04.pddl 607 0.000 0.004
parcprinter-opt11-strips p01.pddl 193 0.010 0.009
freecell p10.pddl 3501 0.020 0.015
miconic s18-3.pddl 990 0.010 0.008
mystery prob27.pddl 4488 0.010 0.013
parcprinter-08-strips p01.pddl 198 0.010 0.009
miconic s21-3.pddl 1281 0.010 0.009
freecell p07.pddl 2407 0.010 0.011
depot p14.pddl 4814 0.020 0.015
tpp p26.pddl 2675 0.010 0.012
visitall-opt14-strips p-1-6.pddl 264 0.000 0.003
blocks probBLOCKS-6-2.pddl 67 0.000 0.002
parking-opt14-strips p_12_7-04.pddl 298 0.000 0.003
parcprinter-08-strips p30.pddl 754 0.010 0.011
mprime prob24.pddl 19301 0.050 0.053
blocks probBLOCKS-11-1.pddl 177 0.010 0.002
woodworking-opt11-strips p13.pddl 371 0.010 0.010
logistics98 prob21.pddl 83984 0.270 0.281
miconic s12-2.pddl 516 0.010 0.005
mprime prob17.pddl 12315 0.030 0.034
childsnack-opt14-strips child-snack_pfile07.pddl 294 0.000 0.004
nomystery-opt11-strips p10.pddl 16970 0.130 0.124
mystery prob01.pddl 1849 0.000 0.007
parcprinter-08-strips p22.pddl 193 0.010 0.009
visitall-opt14-strips p-1-8.pddl 480 0.010 0.005
pegsol-opt11-strips p18.pddl 243 0.000 0.004
visitall-opt14-strips p-1-16.pddl 1984 0.010 0.014
miconic s5-1.pddl 145 0.000 0.002
organic-synthesis-opt18-strips p01.pddl 1399 0.020 0.019
pipesworld-notankage p12-net2-b10-g4.pddl 251 0.010 0.005
elevators-opt11-strips p20.pddl 434 0.010 0.005
miconic s2-2.pddl 46 0.000 0.002
floortile-opt11-strips opt-p04-008.pddl 217 0.000 0.004
freecell probfreecell-5-3.pddl 2193 0.010 0.011
visitall-opt11-strips problem09-half.pddl 612 0.000 0.005
depot p11.pddl 3766 0.010 0.012
logistics98 prob10.pddl 25946 0.080 0.086
elevators-opt08-strips p28.pddl 474 0.010 0.005
pipesworld-notankage p30-net3-b20-g8.pddl 720 0.000 0.006
freecell p14.pddl 4123 0.010 0.016
floortile-opt14-strips p01-5-5-2.pddl 323 0.010 0.005
freecell probfreecell-13-1.pddl 6289 0.010 0.022
pipesworld-notankage p10-net1-b14-g8.pddl 387 0.010 0.006
blocks probBLOCKS-9-1.pddl 127 0.000 0.002
elevators-opt08-strips p19.pddl 408 0.010 0.005
sokoban-opt11-strips p12.pddl 3434 0.030 0.020
logistics00 probLOGISTICS-13-0.pddl 2864 0.010 0.009
openstacks-opt14-strips p35_2.pddl 482 0.020 0.016
miconic s11-0.pddl 451 0.000 0.005
grid prob02.pddl 2989 0.000 0.010
elevators-opt08-strips p08.pddl 297 0.000 0.004
sokoban-opt11-strips p16.pddl 1274 0.000 0.008
hiking-opt14-strips ptesting-1-2-3.pddl 41 0.000 0.003
mystery prob25.pddl 1368 0.010 0.006
rovers p25.pddl 2160 0.010 0.014
woodworking-opt08-strips p23.pddl 235 0.010 0.009
parcprinter-opt11-strips p20.pddl 498 0.010 0.010
parcprinter-08-strips p12.pddl 310 0.010 0.013
parking-opt11-strips pfile04-016.pddl 389 0.000 0.004
woodworking-opt08-strips p09.pddl 443 0.010 0.010
miconic s20-2.pddl 1180 0.010 0.009
sokoban-opt08-strips p29.pddl 2349 0.010 0.011
movie prob16.pddl 308 0.010 0.003
airport p39-airport5MUC-p4.pddl 11006 0.760 0.753
nomystery-opt11-strips p17.pddl 11539 0.080 0.082
parcprinter-opt11-strips p04.pddl 393 0.010 0.010
barman-opt11-strips pfile03-011.pddl 232 0.010 0.006
logistics00 probLOGISTICS-5-1.pddl 501 0.010 0.004
logistics00 probLOGISTICS-12-1.pddl 1781 0.010 0.007
miconic s17-4.pddl 901 0.000 0.007
driverlog p04.pddl 846 0.010 0.005
scanalyzer-08-strips p16.pddl 465 0.010 0.005
woodworking-opt08-strips p27.pddl 368 0.010 0.010
sokoban-opt11-strips p02.pddl 1176 0.000 0.008
pipesworld-tankage p50-net5-b30-g8-t50.pddl 1916 0.010 0.013
miconic s5-0.pddl 145 0.000 0.002
depot p05.pddl 1882 0.010 0.008
psr-small p48-s101-n5-l3-f30.pddl 84 0.030 0.031
parcprinter-08-strips p14.pddl 468 0.010 0.014
transport-opt14-strips p02.pddl 199 0.010 0.004
rovers p32.pddl 5582 0.030 0.030
woodworking-opt11-strips p03.pddl 243 0.000 0.009
elevators-opt11-strips p03.pddl 376 0.010 0.005
freecell probfreecell-10-2.pddl 4513 0.020 0.017
parcprinter-opt11-strips p06.pddl 543 0.010 0.011
movie prob07.pddl 173 0.000 0.002
logistics00 probLOGISTICS-11-1.pddl 1781 0.010 0.007
miconic s16-1.pddl 816 0.010 0.007
scanalyzer-08-strips p15.pddl 317 0.000 0.004
blocks probBLOCKS-4-1.pddl 37 0.000 0.002
miconic s8-4.pddl 280 0.000 0.003
airport p32-airport4halfMUC-p10.pddl 16388 0.610 0.610
depot p20.pddl 8350 0.030 0.023
airport p15-airport3-p3.pddl 867 0.060 0.060
mystery prob21.pddl 14136 0.030 0.039
gripper prob10.pddl 1482 0.010 0.006
transport-opt08-strips p17.pddl 667 0.010 0.006
logistics98 prob22.pddl 151124 0.630 0.628
elevators-opt08-strips p27.pddl 429 0.010 0.005
scanalyzer-opt11-strips p02.pddl 79 0.010 0.003
pegsol-opt11-strips p01.pddl 243 0.000 0.004
transport-opt08-strips p24.pddl 224 0.010 0.003
miconic s8-2.pddl 280 0.010 0.003
organic-synthesis-split-opt18-strips p20.pddl 10536 0.340 0.338
organic-synthesis-opt18-strips p18.pddl 13439 0.100 0.096
movie prob19.pddl 353 0.010 0.003
barman-opt14-strips p536-3.pddl 231 0.000 0.006
floortile-opt14-strips p02-6-4-2.pddl 301 0.010 0.004
pipesworld-tankage p47-net5-b28-g5-t50.pddl 1739 0.010 0.011
transport-opt08-strips p08.pddl 601 0.010 0.005
miconic s12-1.pddl 516 0.000 0.005
floortile-opt11-strips opt-p02-003.pddl 164 0.010 0.004
openstacks-opt08-strips p29.pddl 497 0.020 0.017
transport-opt08-strips p04.pddl 236 0.000 0.004
organic-synthesis-split-opt18-strips p17.pddl 17599 0.360 0.364
sokoban-opt08-strips p08.pddl 833 0.000 0.006
woodworking-opt11-strips p01.pddl 235 0.010 0.009
woodworking-opt11-strips p16.pddl 389 0.010 0.010
airport p19-airport3-p6.pddl 1548 0.060 0.066
mprime prob16.pddl 5619 0.010 0.017
visitall-opt11-strips problem11-half.pddl 924 0.010 0.007
barman-opt11-strips pfile05-019.pddl 354 0.000 0.006
freecell probfreecell-4-1.pddl 1825 0.010 0.010
nomystery-opt11-strips p07.pddl 20920 0.160 0.153
visitall-opt11-strips problem08-half.pddl 480 0.010 0.004
scanalyzer-08-strips p30.pddl 215 0.000 0.004
psr-small p20-s34-n3-l2-f50.pddl 46 0.010 0.010
sokoban-opt11-strips p14.pddl 950 0.010 0.007
visitall-opt14-strips p-1-18.pddl 2520 0.020 0.017
scanalyzer-opt11-strips p04.pddl 137 0.010 0.003
freecell probfreecell-8-2.pddl 3489 0.010 0.014
mystery prob24.pddl 19301 0.060 0.053
rovers p22.pddl 2375 0.020 0.015
airport p49-airport5MUC-p10.pddl 24758 1.010 1.015
transport-opt08-strips p07.pddl 512 0.000 0.005
elevators-opt11-strips p16.pddl 372 0.000 0.005
blocks probBLOCKS-17-0.pddl 375 0.020 0.003
organic-synthesis-opt18-strips p07.pddl 3259 0.060 0.070
miconic s14-3.pddl 658 0.000 0.006
pathways-noneg p23.pddl 1797 0.010 0.015
blocks probBLOCKS-5-2.pddl 51 0.000 0.002
tpp p04.pddl 62 0.000 0.002
floortile-opt14-strips p03-6-5-2.pddl 376 0.000 0.005
pipesworld-tankage p15-net2-b14-g4-t30.pddl 467 0.010 0.007
openstacks-opt08-strips p20.pddl 355 0.010 0.013
openstacks-opt14-strips p20_1.pddl 272 0.010 0.010
sokoban-opt08-strips p05.pddl 996 0.000 0.006
satellite p17-pfile17.pddl 9198 0.030 0.026
organic-synthesis-opt18-strips p13.pddl 6901 0.080 0.081
openstacks-opt11-strips p08.pddl 251 0.010 0.010
scanalyzer-08-strips p18.pddl 402 0.000 0.005
zenotravel p10.pddl 1662 0.000 0.007
satellite p08-pfile8.pddl 2417 0.010 0.009
openstacks-opt11-strips p04.pddl 193 0.000 0.008
pegsol-08-strips p06.pddl 243 0.000 0.004
ged-opt14-strips d-8-9.pddl 297 0.000 0.008
parcprinter-08-strips p24.pddl 303 0.010 0.010
transport-opt11-strips p12.pddl 381 0.010 0.005
openstacks-opt08-strips p17.pddl 312 0.010 0.011
elevators-opt11-strips p04.pddl 234 0.010 0.004
depot p22.pddl 21721 0.060 0.059
childsnack-opt14-strips child-snack_pfile05.pddl 248 0.000 0.004
miconic s9-2.pddl 333 0.010 0.004
airport p43-airport5MUC-p5.pddl 13298 0.780 0.791
pipesworld-notankage p22-net3-b12-g4.pddl 360 0.010 0.005
elevators-opt08-strips p03.pddl 234 0.000 0.004
visitall-opt14-strips p-05-8.pddl 480 0.010 0.004
miconic s23-1.pddl 1495 0.020 0.012
freecell probfreecell-6-1.pddl 2593 0.020 0.012
miconic s26-0.pddl 1846 0.020 0.013
sokoban-opt08-strips p06.pddl 474 0.010 0.005
pegsol-08-strips p18.pddl 243 0.010 0.004
satellite p28-HC-pfile8.pddl 41853 0.130 0.130
parcprinter-opt11-strips p15.pddl 798 0.010 0.011
openstacks-opt11-strips p10.pddl 394 0.010 0.014
visitall-opt14-strips p-1-5.pddl 180 0.000 0.002
freecell p04.pddl 1513 0.010 0.009
parking-opt11-strips pfile04-013.pddl 389 0.010 0.004
pegsol-opt11-strips p13.pddl 243 0.000 0.004
tpp p02.pddl 40 0.000 0.002
openstacks-opt14-strips p45_1.pddl 610 0.020 0.021
rovers p08.pddl 325 0.010 0.005
scanalyzer-08-strips p19.pddl 577 0.010 0.006
transport-opt14-strips p10.pddl 557 0.000 0.006
pipesworld-tankage p25-net3-b16-g5-t60.pddl 744 0.010 0.008
elevators-opt11-strips p07.pddl 454 0.000 0.005
psr-small p18-s31-n2-l5-f70.pddl 47 0.010 0.010
movie prob12.pddl 248 0.000 0.002
elevators-opt08-strips p25.pddl 410 0.000 0.005
mprime prob01.pddl 1849 0.010 0.007
parking-opt14-strips p_14_8-02.pddl 389 0.000 0.004
logistics00 probLOGISTICS-7-0.pddl 1043 0.000 0.005
scanalyzer-08-strips p14.pddl 323 0.010 0.004
miconic s5-3.pddl 145 0.000 0.002
openstacks-opt11-strips p12.pddl 298 0.010 0.011
parcprinter-08-strips p11.pddl 237 0.010 0.013
mystery prob11.pddl 2809 0.000 0.009
movie prob25.pddl 443 0.000 0.003
tpp p12.pddl 359 0.000 0.004
parcprinter-opt11-strips p18.pddl 642 0.020 0.015
sokoban-opt08-strips p21.pddl 1200 0.010 0.007
freecell probfreecell-4-4.pddl 1825 0.010 0.009
organic-synthesis-split-opt18-strips p01.pddl 1973 0.060 0.059
woodworking-opt11-strips p12.pddl 340 0.010 0.010
woodworking-opt11-strips p06.pddl 298 0.010 0.010
transport-opt08-strips p28.pddl 621 0.000 0.006
miconic s9-1.pddl 333 0.000 0.004
barman-opt11-strips pfile03-012.pddl 232 0.000 0.006
psr-small p03-s7-n1-l3-f70.pddl 18 0.000 0.004
sokoban-opt11-strips p07.pddl 980 0.010 0.007
miconic s11-2.pddl 451 0.010 0.005
parking-opt11-strips pfile04-015.pddl 389 0.000 0.004
elevators-opt08-strips p05.pddl 248 0.000 0.004
driverlog p13.pddl 7266 0.020 0.022
logistics00 probLOGISTICS-9-1.pddl 1043 0.000 0.005
parking-opt11-strips pfile05-017.pddl 492 0.000 0.005
barman-opt11-strips pfile01-003.pddl 154 0.010 0.006
miconic s12-0.pddl 516 0.010 0.005
hiking-opt14-strips ptesting-2-4-6.pddl 119 0.010 0.004
miconic s4-3.pddl 108 0.000 0.002
parcprinter-08-strips p03.pddl 324 0.010 0.010
sokoban-opt11-strips p20.pddl 836 0.000 0.006
psr-small p12-s21-n2-l3-f30.pddl 27 0.010 0.007
woodworking-opt11-strips p02.pddl 234 0.010 0.008
miconic s7-3.pddl 231 0.000 0.003
transport-opt11-strips p07.pddl 283 0.000 0.004
transport-opt08-strips p20.pddl 1025 0.000 0.008
miconic s1-1.pddl 21 0.000 0.002
rovers p33.pddl 5867 0.030 0.032
rovers p05.pddl 168 0.000 0.005
elevators-opt11-strips p18.pddl 433 0.010 0.005
pathways-noneg p28.pddl 2398 0.020 0.021
pipesworld-tankage p27-net3-b18-g6-t70.pddl 858 0.010 0.009
openstacks-opt11-strips p18.pddl 402 0.010 0.014
parking-opt11-strips pfile08-030.pddl 873 0.000 0.005
parcprinter-opt11-strips p16.pddl 891 0.010 0.013
elevators-opt08-strips p23.pddl 391 0.000 0.005
childsnack-opt14-strips child-snack_pfile02-2.pddl 171 0.010 0.004
openstacks-opt08-strips p10.pddl 209 0.010 0.008
mprime prob27.pddl 4488 0.010 0.013
movie prob01.pddl 83 0.000 0.002
logistics00 probLOGISTICS-5-2.pddl 501 0.010 0.004
freecell probfreecell-5-2.pddl 2193 0.010 0.010
satellite p18-pfile18.pddl 4944 0.010 0.015
parking-opt14-strips p_14_8-04.pddl 389 0.000 0.004
floortile-opt14-strips p02-5-5-2.pddl 323 0.010 0.005
pegsol-opt11-strips p17.pddl 243 0.000 0.004
airport p47-airport5MUC-p8.pddl 20174 0.920 0.915
transport-opt11-strips p03.pddl 142 0.000 0.003
transport-opt14-strips p05.pddl 413 0.010 0.005
miconic s27-4.pddl 1971 0.010 0.013
logistics00 probLOGISTICS-14-0.pddl 2864 0.010 0.010
woodworking-opt08-strips p10.pddl 549 0.010 0.010
miconic s11-1.pddl 451 0.000 0.005
rovers p19.pddl 1298 0.010 0.010
miconic s10-1.pddl 390 0.010 0.004
mprime prob28.pddl 2397 0.000 0.009
zenotravel p18.pddl 7656 0.020 0.022
openstacks-opt14-strips p35_1.pddl 478 0.020 0.016
woodworking-opt08-strips p22.pddl 208 0.010 0.008
airport p37-airport5MUC-p3.pddl 8714 0.720 0.723
miconic s16-4.pddl 816 0.010 0.007
freecell probfreecell-5-4.pddl 2193 0.010 0.011
sokoban-opt11-strips p15.pddl 1119 0.000 0.008
airport p14-airport3-p3.pddl 867 0.060 0.059
mprime prob18.pddl 10214 0.020 0.029
freecell probfreecell-10-4.pddl 4513 0.010 0.017
transport-opt11-strips p20.pddl 445 0.010 0.005
childsnack-opt14-strips child-snack_pfile04-2.pddl 227 0.000 0.004
rovers p38.pddl 9233 0.050 0.047
airport p48-airport5MUC-p9.pddl 22466 0.950 0.961
pathways-noneg p01.pddl 180 0.000 0.003
pipesworld-tankage p16-net2-b14-g6-t80.pddl 567 0.010 0.008
miconic s23-0.pddl 1495 0.010 0.011
woodworking-opt08-strips p07.pddl 389 0.010 0.010
scanalyzer-08-strips p21.pddl 497 0.010 0.005
sokoban-opt08-strips p22.pddl 1070 0.010 0.007
logistics00 probLOGISTICS-6-0.pddl 501 0.010 0.004
woodworking-opt08-strips p29.pddl 490 0.010 0.010
openstacks-opt11-strips p20.pddl 434 0.010 0.015
pegsol-opt11-strips p14.pddl 243 0.000 0.004
logistics98 prob32.pddl 954 0.010 0.005
psr-small p09-s13-n1-l5-f30.pddl 20 0.010 0.006
pathways-noneg p30.pddl 2485 0.020 0.021
rovers p28.pddl 3321 0.020 0.020
transport-opt08-strips p03.pddl 175 0.000 0.003
airport p07-airport2-p2.pddl 584 0.050 0.048
floortile-opt14-strips p03-6-4-2.pddl 301 0.000 0.005
sokoban-opt08-strips p27.pddl 1158 0.000 0.007
miconic s12-4.pddl 516 0.000 0.005
pegsol-opt11-strips p15.pddl 243 0.000 0.004
pegsol-08-strips p07.pddl 243 0.000 0.004
satellite p06-pfile6.pddl 1216 0.000 0.005
rovers p12.pddl 412 0.000 0.006
freecell p13.pddl 4123 0.020 0.015
satellite p27-HC-pfile7.pddl 23170 0.070 0.066
airport p01-airport1-p1.pddl 170 0.020 0.016
logistics98 prob14.pddl 27762 0.090 0.089
organic-synthesis-opt18-strips p06.pddl 2690 0.060 0.068
transport-opt11-strips p15.pddl 383 0.010 0.004
parking-opt14-strips p_16_9-04.pddl 492 0.000 0.004
hiking-opt14-strips ptesting-2-2-6.pddl 103 0.010 0.004
logistics98 prob17.pddl 13381 0.030 0.036
elevators-opt11-strips p01.pddl 336 0.010 0.005
elevators-opt08-strips p04.pddl 267 0.010 0.004
freecell p08.pddl 2929 0.020 0.013
scanalyzer-opt11-strips p20.pddl 223 0.000 0.004
organic-synthesis-split-opt18-strips p02.pddl 3077 0.060 0.061
miconic s20-3.pddl 1180 0.010 0.009
miconic s7-4.pddl 231 0.010 0.003
pipesworld-tankage p13-net2-b12-g3-t70.pddl 450 0.010 0.007
satellite p31-HC-pfile11.pddl 85410 0.290 0.285
organic-synthesis-opt18-strips p04.pddl 1853 0.060 0.067
parcprinter-08-strips p07.pddl 624 0.010 0.011
woodworking-opt11-strips p18.pddl 433 0.010 0.010
blocks probBLOCKS-5-1.pddl 51 0.010 0.002
barman-opt11-strips pfile04-014.pddl 303 0.010 0.006
logistics98 prob13.pddl 85635 0.280 0.274
pipesworld-tankage p01-net1-b6-g2-t50.pddl 222 0.000 0.006
driverlog p08.pddl 1177 0.010 0.006
scanalyzer-opt11-strips p16.pddl 247 0.000 0.004
blocks probBLOCKS-5-0.pddl 51 0.000 0.002
logistics98 prob23.pddl 12113 0.040 0.034
elevators-opt08-strips p22.pddl 414 0.000 0.005
barman-opt11-strips pfile04-013.pddl 303 0.000 0.006
miconic s27-0.pddl 1971 0.020 0.014
pipesworld-notankage p17-net2-b16-g5.pddl 467 0.010 0.006
pathways-noneg p12.pddl 1349 0.010 0.011
pegsol-08-strips p20.pddl 243 0.000 0.004
logistics00 probLOGISTICS-8-0.pddl 1043 0.000 0.005
mprime prob05.pddl 5029 0.020 0.015
visitall-opt11-strips problem10-half.pddl 760 0.000 0.006
tpp p20.pddl 1344 0.000 0.008
pipesworld-tankage p48-net5-b28-g7-t50.pddl 1739 0.010 0.011
depot p08.pddl 2440 0.010 0.009
parking-opt14-strips p_20_11-03.pddl 734 0.010 0.005
woodworking-opt08-strips p14.pddl 277 0.010 0.009
parcprinter-08-strips p26.pddl 429 0.010 0.010
pegsol-08-strips p17.pddl 243 0.000 0.004
woodworking-opt08-strips p20.pddl 561 0.010 0.010
miconic s27-1.pddl 1971 0.020 0.014
barman-opt11-strips pfile02-008.pddl 191 0.010 0.006
logistics98 prob04.pddl 20365 0.060 0.057
pipesworld-notankage p50-net5-b30-g8.pddl 1516 0.000 0.008
barman-opt11-strips pfile02-007.pddl 191 0.000 0.006
openstacks-opt08-strips p02.pddl 89 0.010 0.004
scanalyzer-opt11-strips p03.pddl 77 0.000 0.003
childsnack-opt14-strips child-snack_pfile09.pddl 342 0.000 0.004
rovers p24.pddl 2861 0.020 0.018
pipesworld-tankage p26-net3-b16-g7-t70.pddl 764 0.010 0.008
parcprinter-08-strips p08.pddl 709 0.010 0.011
parking-opt14-strips p_12_7-01.pddl 298 0.000 0.004
rovers p21.pddl 2049 0.010 0.014
psr-small p17-s30-n2-l5-f50.pddl 38 0.010 0.007
miconic s29-2.pddl 2233 0.020 0.015
pipesworld-tankage p23-net3-b14-g3-t60.pddl 618 0.010 0.008
zenotravel p07.pddl 1146 0.000 0.005
psr-small p21-s35-n3-l2-f70.pddl 45 0.010 0.010
floortile-opt14-strips p03-5-3-2.pddl 195 0.000 0.004
freecell probfreecell-12-3.pddl 5665 0.020 0.020
movie prob04.pddl 128 0.000 0.002
logistics98 prob02.pddl 4979 0.010 0.015
logistics98 prob11.pddl 4764 0.010 0.014
tpp p23.pddl 1659 0.010 0.009
sokoban-opt08-strips p25.pddl 936 0.000 0.006
miconic s5-2.pddl 145 0.000 0.002
blocks probBLOCKS-12-1.pddl 205 0.000 0.002
parking-opt14-strips p_18_10-02.pddl 607 0.010 0.004
scanalyzer-opt11-strips p14.pddl 111 0.010 0.003
scanalyzer-opt11-strips p05.pddl 201 0.000 0.004
openstacks-opt08-strips p30.pddl 504 0.020 0.017
nomystery-opt11-strips p11.pddl 523 0.000 0.005
driverlog p07.pddl 1062 0.000 0.005
parcprinter-opt11-strips p12.pddl 468 0.010 0.014
parcprinter-opt11-strips p13.pddl 624 0.010 0.011
mystery prob17.pddl 12315 0.030 0.033
airport p21-airport4halfMUC-p2.pddl 4252 0.420 0.422
logistics98 prob30.pddl 296350 1.260 1.263
psr-small p04-s8-n1-l4-f10.pddl 25 0.010 0.011
tpp p11.pddl 316 0.000 0.004
pipesworld-tankage p40-net4-b22-g8-t50.pddl 1126 0.010 0.010
openstacks-opt11-strips p06.pddl 223 0.010 0.009
tpp p25.pddl 2185 0.010 0.011
pegsol-08-strips p16.pddl 243 0.000 0.004
organic-synthesis-split-opt18-strips p18.pddl 16687 0.370 0.368
logistics00 probLOGISTICS-4-2.pddl 501 0.000 0.004
nomystery-opt11-strips p15.pddl 9470 0.080 0.066
visitall-opt14-strips p-05-6.pddl 264 0.010 0.002
blocks probBLOCKS-11-2.pddl 177 0.000 0.002
mprime prob06.pddl 10207 0.040 0.028
parcprinter-08-strips p17.pddl 735 0.020 0.015
movie prob21.pddl 383 0.010 0.004
floortile-opt11-strips opt-p01-001.pddl 133 0.000 0.003
elevators-opt08-strips p12.pddl 376 0.010 0.005
mprime prob10.pddl 24003 0.060 0.066
transport-opt14-strips p19.pddl 1245 0.020 0.010
pipesworld-tankage p32-net4-b14-g5-t30.pddl 593 0.010 0.008
openstacks-opt11-strips p02.pddl 164 0.010 0.007
movie prob13.pddl 263 0.000 0.003
sokoban-opt11-strips p17.pddl 856 0.000 0.007
miconic s9-4.pddl 333 0.010 0.004
psr-small p29-s45-n3-l5-f30.pddl 68 0.020 0.028
scanalyzer-08-strips p10.pddl 277 0.010 0.004
freecell p06.pddl 2407 0.010 0.012
elevators-opt08-strips p14.pddl 395 0.000 0.005
satellite p04-pfile4.pddl 769 0.020 0.005
psr-small p33-s51-n4-l2-f70.pddl 56 0.020 0.020
transport-opt08-strips p18.pddl 857 0.010 0.008
rovers p20.pddl 1886 0.010 0.013
satellite p16-pfile16.pddl 8407 0.020 0.024
airport p41-airport5MUC-p4.pddl 11006 0.760 0.753
mystery prob04.pddl 2608 0.010 0.009
freecell p05.pddl 1935 0.010 0.010
woodworking-opt11-strips p07.pddl 277 0.010 0.009
mystery prob13.pddl 27861 0.090 0.086
freecell probfreecell-6-3.pddl 2593 0.010 0.012
parking-opt11-strips pfile05-019.pddl 492 0.000 0.004
openstacks-opt08-strips p12.pddl 237 0.010 0.009
hiking-opt14-strips ptesting-2-2-7.pddl 116 0.010 0.004
pegsol-opt11-strips p12.pddl 243 0.000 0.004
freecell probfreecell-4-3.pddl 1825 0.010 0.009
scanalyzer-08-strips p07.pddl 201 0.000 0.004
mystery prob14.pddl 28542 0.090 0.090
grid prob04.pddl 7205 0.020 0.022
mystery prob29.pddl 4755 0.010 0.014
pipesworld-tankage p05-net1-b10-g4-t50.pddl 346 0.010 0.007
blocks probBLOCKS-13-1.pddl 235 0.000 0.003
miconic s19-4.pddl 1083 0.000 0.008
pathways-noneg p27.pddl 2780 0.030 0.021
airport p03-airport1-p2.pddl 262 0.010 0.018
parcprinter-08-strips p04.pddl 393 0.000 0.010
rovers p40.pddl 9992 0.060 0.051
woodworking-opt08-strips p21.pddl 159 0.010 0.008
mprime prob32.pddl 4221 0.010 0.013
elevators-opt08-strips p26.pddl 454 0.010 0.005
zenotravel p19.pddl 9924 0.030 0.028
pipesworld-tankage p44-net5-b24-g5-t80.pddl 1559 0.010 0.011
floortile-opt11-strips opt-p06-011.pddl 301 0.010 0.005
depot p13.pddl 3766 0.010 0.012
pegsol-08-strips p10.pddl 243 0.000 0.004
woodworking-opt08-strips p18.pddl 433 0.010 0.010
rovers p14.pddl 503 0.010 0.006
parcprinter-opt11-strips p03.pddl 310 0.010 0.013
pipesworld-tankage p39-net4-b22-g7-t50.pddl 1126 0.010 0.009
depot p09.pddl 3530 0.020 0.012
zenotravel p06.pddl 1032 0.000 0.005
pegsol-opt11-strips p11.pddl 243 0.000 0.004
transport-opt08-strips p05.pddl 343 0.010 0.005
parking-opt14-strips p_12_7-02.pddl 298 0.000 0.004
sokoban-opt11-strips p04.pddl 688 0.000 0.005
miconic s16-2.pddl 816 0.010 0.007
pegsol-08-strips p21.pddl 243 0.000 0.004
airport p28-airport4halfMUC-p7.pddl 11837 0.550 0.549
pegsol-08-strips p15.pddl 243 0.000 0.004
airport p38-airport5MUC-p3.pddl 8714 0.720 0.729
parcprinter-08-strips p29.pddl 694 0.010 0.012
sokoban-opt11-strips p08.pddl 934 0.010 0.007
pipesworld-tankage p36-net4-b18-g6-t90.pddl 1021 0.010 0.010
psr-small p26-s41-n3-l4-f30.pddl 43 0.010 0.011
parking-opt11-strips pfile06-022.pddl 607 0.000 0.005
miconic s4-0.pddl 108 0.000 0.002
visitall-opt11-strips problem06-full.pddl 264 0.000 0.003
sokoban-opt08-strips p12.pddl 950 0.010 0.007
airport p06-airport2-p2.pddl 584 0.050 0.049
pipesworld-notankage p41-net5-b22-g2.pddl 956 0.000 0.007
openstacks-opt08-strips p19.pddl 341 0.010 0.012
rovers p31.pddl 4937 0.020 0.027
visitall-opt11-strips problem09-full.pddl 612 0.010 0.005
floortile-opt14-strips p02-5-4-2.pddl 259 0.000 0.005
woodworking-opt11-strips p05.pddl 263 0.010 0.012
openstacks-opt08-strips p22.pddl 394 0.020 0.017
woodworking-opt08-strips p04.pddl 298 0.010 0.011
pathways-noneg p16.pddl 2088 0.020 0.019
organic-synthesis-opt18-strips p03.pddl 1719 0.070 0.069
parcprinter-08-strips p10.pddl 891 0.010 0.013
freecell p01.pddl 645 0.010 0.008
freecell probfreecell-10-3.pddl 4513 0.010 0.018
openstacks-opt14-strips p40_2.pddl 548 0.020 0.020
nomystery-opt11-strips p05.pddl 17174 0.130 0.128
mprime prob29.pddl 4755 0.010 0.014
transport-opt11-strips p14.pddl 390 0.000 0.005
pathways-noneg p03.pddl 327 0.000 0.005
visitall-opt11-strips problem11-full.pddl 924 0.010 0.011
transport-opt08-strips p30.pddl 857 0.010 0.007
freecell probfreecell-9-3.pddl 3985 0.010 0.017
miconic s8-3.pddl 280 0.000 0.003
satellite p21-HC-pfile1.pddl 8107 0.020 0.025
miconic s29-1.pddl 2233 0.020 0.016
transport-opt14-strips p01.pddl 115 0.010 0.004
airport p29-airport4halfMUC-p8.pddl 13354 0.650 0.649
floortile-opt14-strips p01-5-4-2.pddl 259 0.010 0.005
pegsol-opt11-strips p06.pddl 243 0.010 0.004
zenotravel p04.pddl 924 0.000 0.005
parcprinter-08-strips p28.pddl 571 0.010 0.011
miconic s25-1.pddl 1725 0.010 0.013
transport-opt08-strips p01.pddl 67 0.000 0.002
miconic s1-3.pddl 21 0.000 0.002
pathways-noneg p20.pddl 1822 0.010 0.016
driverlog p17.pddl 16497 0.050 0.045
logistics98 prob19.pddl 35316 0.100 0.111
childsnack-opt14-strips child-snack_pfile04.pddl 227 0.000 0.004
freecell p15.pddl 4795 0.020 0.018
visitall-opt11-strips problem02-full.pddl 24 0.000 0.001
transport-opt11-strips p10.pddl 325 0.000 0.004
sokoban-opt08-strips p16.pddl 1170 0.010 0.008
organic-synthesis-opt18-strips p15.pddl 8725 0.090 0.085
visitall-opt11-strips problem04-full.pddl 112 0.000 0.002
organic-synthesis-split-opt18-strips p07.pddl 5453 0.340 0.343
pipesworld-tankage p45-net5-b26-g4-t50.pddl 1570 0.020 0.011
satellite p24-HC-pfile4.pddl 19861 0.060 0.061
mystery prob30.pddl 7233 0.020 0.022
logistics00 probLOGISTICS-10-1.pddl 1781 0.010 0.007
rovers p02.pddl 109 0.010 0.005
freecell probfreecell-11-3.pddl 5073 0.010 0.018
floortile-opt11-strips opt-p05-009.pddl 259 0.010 0.005
psr-small p25-s40-n3-l4-f10.pddl 58 3.220 3.214
mprime prob33.pddl 18738 0.060 0.055
pipesworld-tankage p18-net2-b16-g7-t60.pddl 617 0.010 0.008
miconic s1-4.pddl 21 0.000 0.002
pipesworld-tankage p20-net2-b18-g8-t90.pddl 825 0.010 0.009
freecell probfreecell-7-4.pddl 3025 0.010 0.014
openstacks-opt08-strips p24.pddl 415 0.010 0.015
transport-opt08-strips p19.pddl 975 0.000 0.009
freecell probfreecell-11-1.pddl 5073 0.020 0.019
childsnack-opt14-strips child-snack_pfile02.pddl 171 0.010 0.005
pegsol-opt11-strips p10.pddl 243 0.010 0.004
pipesworld-tankage p06-net1-b10-g6-t50.pddl 346 0.010 0.007
pegsol-08-strips p02.pddl 243 0.010 0.005
driverlog p03.pddl 662 0.010 0.005
openstacks-opt14-strips p40_3.pddl 638 0.020 0.024
zenotravel p15.pddl 4686 0.020 0.015
gripper prob19.pddl 4092 0.010 0.013
airport p36-airport5MUC-p2.pddl 6422 0.760 0.758
rovers p10.pddl 386 0.000 0.006
satellite p36-HC-pfile16.pddl 119650 0.490 0.481
scanalyzer-08-strips p29.pddl 217 0.000 0.005
blocks probBLOCKS-15-1.pddl 301 0.000 0.003
logistics00 probLOGISTICS-12-0.pddl 1781 0.000 0.008
transport-opt08-strips p29.pddl 720 0.010 0.007
blocks probBLOCKS-6-1.pddl 67 0.000 0.002
movie prob09.pddl 203 0.000 0.003
miconic s18-1.pddl 990 0.010 0.008
visitall-opt11-strips problem06-half.pddl 264 0.000 0.002
airport p11-airport3-p1.pddl 413 0.070 0.060
pathways-noneg p13.pddl 1171 0.010 0.011
sokoban-opt08-strips p28.pddl 1408 0.010 0.009
miconic s2-4.pddl 46 0.010 0.004
woodworking-opt08-strips p11.pddl 168 0.010 0.009
airport p10-airport3-p1.pddl 413 0.070 0.069
openstacks-opt08-strips p07.pddl 164 0.010 0.007
airport p17-airport3-p5.pddl 1321 0.070 0.070
pipesworld-tankage p49-net5-b30-g6-t50.pddl 1916 0.010 0.013
openstacks-opt14-strips p50_3.pddl 825 0.030 0.031
transport-opt11-strips p11.pddl 351 0.000 0.005
grid prob03.pddl 4734 0.020 0.017
driverlog p14.pddl 4361 0.010 0.015
miconic s20-0.pddl 1180 0.010 0.010
floortile-opt11-strips opt-p02-004.pddl 164 0.000 0.004
miconic s25-2.pddl 1725 0.020 0.014
pipesworld-notankage p49-net5-b30-g6.pddl 1516 0.020 0.009
transport-opt11-strips p05.pddl 224 0.000 0.004
parcprinter-opt11-strips p09.pddl 387 0.010 0.014
parking-opt11-strips pfile07-025.pddl 734 0.000 0.008
pipesworld-notankage p02-net1-b6-g4.pddl 147 0.000 0.005
miconic s15-0.pddl 735 0.010 0.006
nomystery-opt11-strips p09.pddl 33435 0.360 0.359
freecell probfreecell-7-1.pddl 3025 0.020 0.020
woodworking-opt08-strips p26.pddl 360 0.020 0.016
childsnack-opt14-strips child-snack_pfile05-2.pddl 248 0.010 0.005
pipesworld-notankage p03-net1-b8-g3.pddl 195 0.010 0.006
nomystery-opt11-strips p03.pddl 2182 0.020 0.023
depot p01.pddl 746 0.010 0.010
floortile-opt14-strips p01-6-4-2.pddl 301 0.010 0.006
freecell probfreecell-2-2.pddl 1185 0.010 0.008
sokoban-opt08-strips p19.pddl 856 0.010 0.008
depot p04.pddl 1550 0.000 0.007
transport-opt14-strips p20.pddl 1245 0.010 0.011
visitall-opt14-strips p-05-9.pddl 612 0.010 0.006
logistics98 prob27.pddl 204704 0.840 0.838
visitall-opt14-strips p-1-12.pddl 1104 0.000 0.009
satellite p07-pfile7.pddl 1769 0.010 0.007
miconic s13-4.pddl 585 0.000 0.005
airport p20-airport3-p7.pddl 1775 0.070 0.072
parcprinter-opt11-strips p05.pddl 246 0.010 0.009
pegsol-08-strips p30.pddl 243 0.000 0.004
miconic s7-1.pddl 231 0.000 0.003
pipesworld-tankage p37-net4-b20-g5-t60.pddl 1007 0.010 0.009
parcprinter-08-strips p06.pddl 543 0.010 0.011
mystery prob09.pddl 4476 0.020 0.013
organic-synthesis-opt18-strips p09.pddl 2952 0.020 0.024
miconic s23-4.pddl 1495 0.010 0.011
openstacks-opt14-strips p50_2.pddl 694 0.020 0.025
pegsol-opt11-strips p08.pddl 243 0.010 0.004
movie prob14.pddl 278 0.000 0.003
depot p07.pddl 1712 0.010 0.008
mprime prob13.pddl 27861 0.100 0.102
parking-opt14-strips p_16_9-02.pddl 492 0.010 0.005
scanalyzer-08-strips p24.pddl 39 0.000 0.003
pipesworld-tankage p29-net3-b20-g6-t70.pddl 1005 0.010 0.010
tpp p09.pddl 344 0.010 0.005
blocks probBLOCKS-14-1.pddl 267 0.010 0.003
psr-small p06-s10-n1-l4-f50.pddl 20 0.010 0.004
movie prob17.pddl 323 0.000 0.003
mprime prob02.pddl 6547 0.020 0.020
transport-opt14-strips p15.pddl 628 0.000 0.007
airport p42-airport5MUC-p5.pddl 13298 1.010 1.014
woodworking-opt11-strips p17.pddl 453 0.010 0.010
rovers p01.pddl 106 0.010 0.005
organic-synthesis-split-opt18-strips p16.pddl 13074 0.350 0.356
logistics00 probLOGISTICS-11-0.pddl 1781 0.000 0.007
pipesworld-tankage p38-net4-b20-g7-t60.pddl 1007 0.010 0.010
openstacks-opt11-strips p14.pddl 328 0.010 0.012
floortile-opt14-strips p02-4-4-2.pddl 217 0.000 0.004
miconic s30-2.pddl 2370 0.010 0.016
pipesworld-tankage p33-net4-b16-g5-t60.pddl 743 0.010 0.008
woodworking-opt08-strips p06.pddl 371 0.010 0.010
hiking-opt14-strips ptesting-2-3-4.pddl 83 0.000 0.003
parcprinter-opt11-strips p10.pddl 379 0.010 0.010
pipesworld-notankage p27-net3-b18-g6.pddl 618 0.000 0.006
woodworking-opt11-strips p19.pddl 491 0.010 0.010
psr-small p31-s49-n4-l2-f30.pddl 63 0.170 0.164
scanalyzer-08-strips p02.pddl 79 0.010 0.003
depot p10.pddl 2846 0.010 0.010
ged-opt14-strips d-2-1.pddl 69 0.010 0.007
visitall-opt14-strips p-1-7.pddl 364 0.010 0.004
freecell probfreecell-12-1.pddl 5665 0.020 0.021
airport p23-airport4halfMUC-p4.pddl 7286 0.490 0.492
psr-small p36-s65-n6-l2-f30.pddl 82 0.070 0.078
miconic s15-4.pddl 735 0.000 0.007
hiking-opt14-strips ptesting-1-2-4.pddl 50 0.000 0.003
transport-opt14-strips p12.pddl 791 0.010 0.007
ged-opt14-strips d-1-3.pddl 165 0.010 0.007
pipesworld-tankage p42-net5-b22-g4-t50.pddl 1281 0.010 0.010
depot p18.pddl 6302 0.020 0.021
freecell probfreecell-2-1.pddl 1185 0.010 0.008
freecell probfreecell-10-1.pddl 4513 0.020 0.017
miconic s24-1.pddl 1608 0.010 0.013
movie prob29.pddl 503 0.000 0.004
childsnack-opt14-strips child-snack_pfile06.pddl 275 0.000 0.005
airport p45-airport5MUC-p6.pddl 15590 0.950 0.961
psr-small p47-s98-n5-l2-f50.pddl 61 0.020 0.016
depot p19.pddl 5984 0.020 0.020
pathways-noneg p25.pddl 2365 0.020 0.020
miconic s6-0.pddl 186 0.000 0.003
floortile-opt14-strips p02-6-5-2.pddl 376 0.000 0.005
openstacks-opt08-strips p28.pddl 475 0.020 0.017
freecell p17.pddl 5517 0.020 0.021
hiking-opt14-strips ptesting-2-4-3.pddl 74 0.010 0.004
movie prob24.pddl 428 0.010 0.004
pegsol-opt11-strips p02.pddl 243 0.000 0.004
hiking-opt14-strips ptesting-1-2-5.pddl 59 0.010 0.003
pipesworld-notankage p21-net3-b12-g2.pddl 360 0.010 0.006
hiking-opt14-strips ptesting-2-2-5.pddl 90 0.010 0.003
childsnack-opt14-strips child-snack_pfile06-2.pddl 275 0.000 0.005
elevators-opt08-strips p11.pddl 336 0.000 0.005
woodworking-opt11-strips p20.pddl 490 0.010 0.010
satellite p13-pfile13.pddl 5132 0.010 0.017
miconic s29-3.pddl 2233 0.010 0.016
freecell probfreecell-12-2.pddl 5665 0.020 0.023
organic-synthesis-split-opt18-strips p10.pddl 3890 0.070 0.070
miconic s20-1.pddl 1180 0.010 0.009
sokoban-opt08-strips p15.pddl 1274 0.010 0.008
ged-opt14-strips d-3-1.pddl 165 0.000 0.008
movie prob22.pddl 398 0.000 0.004
barman-opt11-strips pfile01-002.pddl 154 0.000 0.006
parking-opt11-strips pfile07-027.pddl 734 0.010 0.005
visitall-opt14-strips p-1-10.pddl 760 0.000 0.006
ged-opt14-strips d-8-2.pddl 297 0.020 0.012
openstacks-opt14-strips p40_1.pddl 544 0.020 0.020
miconic s2-0.pddl 46 0.000 0.002
scanalyzer-opt11-strips p13.pddl 110 0.000 0.003
logistics00 probLOGISTICS-13-1.pddl 2864 0.010 0.010
airport p44-airport5MUC-p5.pddl 13298 0.840 0.838
logistics98 prob18.pddl 65460 0.230 0.232
barman-opt11-strips pfile04-015.pddl 303 0.000 0.006
zenotravel p13.pddl 2112 0.000 0.008
miconic s13-1.pddl 585 0.000 0.005
parcprinter-08-strips p05.pddl 466 0.010 0.011
sokoban-opt08-strips p02.pddl 419 0.000 0.005
elevators-opt08-strips p10.pddl 312 0.000 0.004
rovers p18.pddl 1252 0.010 0.010
blocks probBLOCKS-8-1.pddl 105 0.000 0.002
gripper prob20.pddl 4462 0.020 0.015
elevators-opt08-strips p06.pddl 282 0.010 0.004
logistics00 probLOGISTICS-7-1.pddl 1043 0.010 0.005
psr-small p38-s78-n3-l3-f50.pddl 48 0.010 0.013
logistics98 prob16.pddl 27304 0.090 0.092
pathways-noneg p02.pddl 241 0.000 0.004
blocks probBLOCKS-7-0.pddl 85 0.000 0.002
pegsol-08-strips p24.pddl 243 0.000 0.004
scanalyzer-08-strips p12.pddl 242 0.010 0.004
ged-opt14-strips d-8-1.pddl 205 0.010 0.008
miconic s1-2.pddl 21 0.000 0.002
mystery prob06.pddl 10207 0.020 0.028
tpp p22.pddl 1542 0.010 0.009
gripper prob17.pddl 3400 0.010 0.012
visitall-opt11-strips problem07-half.pddl 364 0.000 0.004
pipesworld-notankage p11-net2-b10-g2.pddl 251 0.000 0.005
hiking-opt14-strips ptesting-2-4-5.pddl 104 0.010 0.004
openstacks-opt11-strips p19.pddl 415 0.010 0.015
miconic s26-2.pddl 1846 0.020 0.013
blocks probBLOCKS-13-0.pddl 235 0.000 0.003
freecell p16.pddl 4795 0.010 0.018
floortile-opt11-strips opt-p04-007.pddl 217 0.010 0.004
floortile-opt14-strips p01-4-3-2.pddl 164 0.010 0.004
elevators-opt11-strips p19.pddl 391 0.010 0.005
zenotravel p01.pddl 552 0.000 0.004
transport-opt14-strips p13.pddl 251 0.000 0.004
pipesworld-notankage p38-net4-b20-g7.pddl 767 0.010 0.007
pipesworld-notankage p42-net5-b22-g4.pddl 956 0.000 0.007
rovers p11.pddl 398 0.010 0.006
pathways-noneg p29.pddl 2104 0.020 0.019
pathways-noneg p19.pddl 2331 0.010 0.018
sokoban-opt08-strips p18.pddl 1119 0.020 0.007
tpp p19.pddl 1261 0.010 0.008
elevators-opt08-strips p20.pddl 452 0.010 0.005
movie prob05.pddl 143 0.000 0.002
nomystery-opt11-strips p14.pddl 3051 0.030 0.023
openstacks-opt08-strips p21.pddl 368 0.010 0.013
woodworking-opt08-strips p02.pddl 194 0.000 0.009
rovers p16.pddl 592 0.010 0.007
floortile-opt11-strips opt-p06-012.pddl 301 0.000 0.005
psr-small p39-s79-n3-l3-f70.pddl 50 0.010 0.014
freecell probfreecell-8-3.pddl 3489 0.020 0.015
pathways-noneg p18.pddl 1654 0.020 0.014
pegsol-08-strips p27.pddl 243 0.000 0.004
visitall-opt11-strips problem03-half.pddl 60 0.000 0.001
childsnack-opt14-strips child-snack_pfile01.pddl 146 0.000 0.003
visitall-opt14-strips p-05-5.pddl 180 0.000 0.002
gripper prob12.pddl 1950 0.010 0.008
parking-opt11-strips pfile06-024.pddl 607 0.000 0.006
pathways-noneg p10.pddl 1028 0.000 0.009
rovers p13.pddl 466 0.000 0.007
nomystery-opt11-strips p04.pddl 5481 0.040 0.039
parking-opt11-strips pfile05-020.pddl 492 0.000 0.004
visitall-opt11-strips problem05-full.pddl 180 0.000 0.002
logistics98 prob15.pddl 6461 0.020 0.020
pipesworld-tankage p08-net1-b12-g7-t80.pddl 450 0.020 0.007
airport p12-airport3-p2.pddl 640 0.060 0.057
nomystery-opt11-strips p08.pddl 26580 0.200 0.203
parcprinter-opt11-strips p19.pddl 735 0.020 0.015
miconic s22-0.pddl 1386 0.010 0.010
ged-opt14-strips d-1-8.pddl 205 0.010 0.008
pegsol-08-strips p05.pddl 243 0.010 0.004
transport-opt14-strips p16.pddl 815 0.000 0.007
sokoban-opt08-strips p10.pddl 980 0.010 0.007
zenotravel p03.pddl 822 0.010 0.005
openstacks-opt14-strips p45_3.pddl 744 0.030 0.026
transport-opt08-strips p21.pddl 71 0.000 0.002
parking-opt14-strips p_20_11-02.pddl 734 0.010 0.005
pegsol-08-strips p11.pddl 243 0.010 0.004
woodworking-opt11-strips p10.pddl 341 0.010 0.010
woodworking-opt08-strips p08.pddl 491 0.010 0.010
pipesworld-notankage p16-net2-b14-g6.pddl 387 0.010 0.006
mystery prob07.pddl 7214 0.020 0.021
gripper prob04.pddl 462 0.000 0.003
sokoban-opt08-strips p09.pddl 934 0.000 0.007
parking-opt14-strips p_18_10-03.pddl 607 0.010 0.005
sokoban-opt08-strips p23.pddl 836 0.010 0.006
miconic s7-0.pddl 231 0.000 0.003
miconic s22-3.pddl 1386 0.010 0.010
openstacks-opt14-strips p20_3.pddl 299 0.010 0.011
logistics98 prob12.pddl 83979 0.290 0.285
pipesworld-notankage p29-net3-b20-g6.pddl 720 0.010 0.007
pipesworld-notankage p28-net3-b18-g7.pddl 618 0.010 0.006
transport-opt11-strips p17.pddl 343 0.000 0.005
sokoban-opt11-strips p18.pddl 1200 0.000 0.007
psr-small p34-s55-n4-l3-f70.pddl 68 0.020 0.015
gripper prob05.pddl 592 0.010 0.004
psr-small p05-s9-n1-l4-f30.pddl 25 0.010 0.007
miconic s30-3.pddl 2370 0.010 0.016
miconic s17-0.pddl 901 0.010 0.007
pegsol-08-strips p22.pddl 243 0.010 0.004
freecell probfreecell-12-4.pddl 5665 0.020 0.021
floortile-opt14-strips p01-4-4-2.pddl 217 0.000 0.004
logistics00 probLOGISTICS-15-0.pddl 2864 0.010 0.010
sokoban-opt08-strips p20.pddl 3434 0.020 0.020
pipesworld-notankage p18-net2-b16-g7.pddl 467 0.010 0.006
driverlog p19.pddl 27166 0.100 0.092
logistics00 probLOGISTICS-14-1.pddl 2864 0.010 0.010
satellite p30-HC-pfile10.pddl 63125 0.220 0.216
parking-opt11-strips pfile03-011.pddl 298 0.000 0.004
rovers p34.pddl 6295 0.030 0.035
mprime prob15.pddl 12767 0.040 0.038
miconic s9-3.pddl 333 0.000 0.004
psr-small p15-s24-n2-l4-f10.pddl 44 0.170 0.160
satellite p01-pfile1.pddl 363 0.000 0.003
movie prob27.pddl 473 0.000 0.004
pipesworld-tankage p30-net3-b20-g8-t70.pddl 1020 0.010 0.010
rovers p36.pddl 7892 0.040 0.041
gripper prob16.pddl 3078 0.010 0.011
transport-opt11-strips p04.pddl 219 0.000 0.004
airport p22-airport4halfMUC-p3.pddl 5769 0.460 0.469
visitall-opt14-strips p-1-13.pddl 1300 0.010 0.010
scanalyzer-opt11-strips p12.pddl 122 0.010 0.003
logistics98 prob20.pddl 120980 0.460 0.472
elevators-opt11-strips p05.pddl 354 0.010 0.005
transport-opt11-strips p08.pddl 294 0.010 0.006
miconic s3-3.pddl 75 0.000 0.002
psr-small p49-s105-n6-l2-f30.pddl 95 0.040 0.038
parcprinter-08-strips p19.pddl 979 0.020 0.017
floortile-opt11-strips opt-p09-017.pddl 517 0.010 0.006
hiking-opt14-strips ptesting-2-2-4.pddl 77 0.010 0.003
freecell probfreecell-3-3.pddl 1489 0.010 0.009
hiking-opt14-strips ptesting-2-3-6.pddl 111 0.010 0.004
logistics98 prob26.pddl 160035 0.680 0.669
hiking-opt14-strips ptesting-1-2-7.pddl 77 0.000 0.003
miconic s17-3.pddl 901 0.000 0.007
visitall-opt11-strips problem04-half.pddl 112 0.000 0.002
miconic s11-3.pddl 451 0.000 0.005
pipesworld-notankage p48-net5-b28-g7.pddl 1364 0.010 0.008
pegsol-08-strips p25.pddl 243 0.010 0.004
depot p17.pddl 4812 0.010 0.015
zenotravel p02.pddl 636 0.000 0.004
childsnack-opt14-strips child-snack_pfile01-2.pddl 146 0.000 0.003
mprime prob35.pddl 2024 0.010 0.007
blocks probBLOCKS-12-0.pddl 205 0.000 0.002
sokoban-opt08-strips p04.pddl 688 0.000 0.006
psr-small p10-s17-n2-l2-f30.pddl 40 0.020 0.015
openstacks-opt08-strips p18.pddl 328 0.020 0.012
elevators-opt11-strips p17.pddl 390 0.010 0.005
logistics98 prob25.pddl 385380 1.760 1.762
barman-opt14-strips p638-1.pddl 302 0.010 0.011
parking-opt14-strips p_16_9-03.pddl 492 0.010 0.004
pipesworld-notankage p43-net5-b24-g3.pddl 1084 0.000 0.008
freecell p19.pddl 6289 0.030 0.022
scanalyzer-08-strips p20.pddl 505 0.010 0.005
satellite p03-pfile3.pddl 696 0.000 0.004
blocks probBLOCKS-6-0.pddl 67 0.000 0.002
elevators-opt11-strips p06.pddl 267 0.000 0.004
parking-opt11-strips pfile08-029.pddl 873 0.000 0.007
organic-synthesis-opt18-strips p19.pddl 6066 0.080 0.077
scanalyzer-opt11-strips p19.pddl 505 0.000 0.005
blocks probBLOCKS-7-1.pddl 85 0.000 0.002
floortile-opt11-strips opt-p08-015.pddl 415 0.000 0.006
sokoban-opt08-strips p01.pddl 626 0.010 0.006
floortile-opt11-strips opt-p08-016.pddl 415 0.000 0.005
pegsol-opt11-strips p05.pddl 243 0.010 0.004
mprime prob31.pddl 5323 0.030 0.016
transport-opt08-strips p26.pddl 441 0.010 0.005
logistics00 probLOGISTICS-6-2.pddl 501 0.010 0.004
miconic s10-4.pddl 390 0.000 0.004
scanalyzer-opt11-strips p08.pddl 277 0.010 0.004
ged-opt14-strips d-4-3.pddl 205 0.010 0.008
pipesworld-tankage p46-net5-b26-g6-t50.pddl 1570 0.010 0.011
satellite p09-pfile9.pddl 2856 0.010 0.010
psr-small p07-s11-n1-l4-f70.pddl 26 0.010 0.006
woodworking-opt08-strips p28.pddl 453 0.010 0.010
mystery prob18.pddl 10214 0.030 0.028
logistics00 probLOGISTICS-4-1.pddl 501 0.000 0.004
miconic s3-2.pddl 75 0.010 0.002
elevators-opt11-strips p13.pddl 262 0.000 0.004
mystery prob28.pddl 2397 0.010 0.008
pipesworld-tankage p31-net4-b14-g3-t20.pddl 523 0.000 0.007
pipesworld-notankage p46-net5-b26-g6.pddl 1220 0.010 0.008
pipesworld-notankage p04-net1-b8-g5.pddl 195 0.000 0.006
elevators-opt11-strips p09.pddl 414 0.010 0.005
scanalyzer-opt11-strips p01.pddl 39 0.000 0.003
freecell probfreecell-4-5.pddl 1825 0.010 0.010
childsnack-opt14-strips child-snack_pfile08.pddl 315 0.010 0.005
psr-small p44-s89-n4-l2-f30.pddl 45 0.010 0.014
tpp p10.pddl 377 0.000 0.005
mystery prob20.pddl 9813 0.020 0.027
sokoban-opt11-strips p11.pddl 885 0.010 0.006
visitall-opt11-strips problem08-full.pddl 480 0.000 0.005
pathways-noneg p24.pddl 2196 0.010 0.017
miconic s9-0.pddl 333 0.000 0.004
blocks probBLOCKS-10-2.pddl 151 0.000 0.002
transport-opt14-strips p11.pddl 759 0.010 0.007
ged-opt14-strips d-1-2.pddl 69 0.010 0.007
mprime prob07.pddl 7214 0.020 0.021
scanalyzer-opt11-strips p10.pddl 465 0.010 0.005
visitall-opt14-strips p-05-10.pddl 760 0.000 0.006
miconic s13-2.pddl 585 0.010 0.006
miconic s21-4.pddl 1281 0.000 0.010
miconic s13-3.pddl 585 0.010 0.005
psr-small p11-s18-n2-l2-f50.pddl 34 0.000 0.008
transport-opt08-strips p06.pddl 445 0.000 0.005
pipesworld-tankage p19-net2-b18-g6-t60.pddl 705 0.000 0.008
miconic s28-1.pddl 2100 0.010 0.014
pipesworld-notankage p25-net3-b16-g5.pddl 524 0.000 0.006
movie prob15.pddl 293 0.000 0.003
tpp p17.pddl 1095 0.000 0.007
tpp p30.pddl 3755 0.020 0.015
mystery prob12.pddl 2603 0.010 0.009
nomystery-opt11-strips p12.pddl 3398 0.020 0.025
parking-opt11-strips pfile07-026.pddl 734 0.010 0.005
hiking-opt14-strips ptesting-2-2-3.pddl 64 0.000 0.003
woodworking-opt08-strips p24.pddl 263 0.010 0.009
blocks probBLOCKS-16-2.pddl 337 0.010 0.004
organic-synthesis-split-opt18-strips p19.pddl 8632 0.340 0.340
logistics98 prob07.pddl 7413 0.010 0.021
depot p06.pddl 2852 0.010 0.010
driverlog p05.pddl 850 0.010 0.005
psr-small p14-s23-n2-l3-f70.pddl 35 0.010 0.008
freecell probfreecell-8-1.pddl 3489 0.010 0.015
organic-synthesis-opt18-strips p17.pddl 14289 0.090 0.099
pathways-noneg p11.pddl 963 0.010 0.009
zenotravel p11.pddl 1662 0.010 0.007
freecell probfreecell-11-5.pddl 5073 0.020 0.019
scanalyzer-08-strips p13.pddl 365 0.010 0.005
visitall-opt14-strips p-1-11.pddl 924 0.010 0.008
barman-opt11-strips pfile03-009.pddl 232 0.010 0.006
sokoban-opt11-strips p05.pddl 1170 0.000 0.008
floortile-opt14-strips p01-5-3-2.pddl 195 0.010 0.004
parking-opt11-strips pfile06-023.pddl 607 0.000 0.005
miconic s17-2.pddl 901 0.010 0.007
pegsol-opt11-strips p19.pddl 243 0.010 0.004
pipesworld-notankage p47-net5-b28-g5.pddl 1364 0.020 0.008
miconic s23-3.pddl 1495 0.010 0.011
pegsol-08-strips p23.pddl 243 0.010 0.004
freecell probfreecell-13-2.pddl 6289 0.020 0.022
pipesworld-notankage p09-net1-b14-g6.pddl 387 0.010 0.006
woodworking-opt08-strips p25.pddl 346 0.010 0.009
blocks probBLOCKS-14-0.pddl 267 0.010 0.003
elevators-opt11-strips p15.pddl 276 0.000 0.004
rovers p37.pddl 8793 0.040 0.045
freecell probfreecell-6-4.pddl 2593 0.010 0.012
zenotravel p09.pddl 1524 0.010 0.007
freecell probfreecell-13-3.pddl 6289 0.020 0.022
openstacks-opt08-strips p05.pddl 135 0.010 0.007
mprime prob11.pddl 2809 0.010 0.010
logistics98 prob09.pddl 29722 0.080 0.094
barman-opt14-strips p839-1.pddl 378 0.000 0.006
tpp p21.pddl 1425 0.010 0.008
pipesworld-tankage p35-net4-b18-g4-t90.pddl 1021 0.010 0.010
sokoban-opt08-strips p03.pddl 354 0.000 0.005
psr-small p50-s107-n6-l2-f70.pddl 107 0.020 0.025
pipesworld-tankage p04-net1-b8-g5-t80.pddl 300 0.000 0.007
miconic s19-0.pddl 1083 0.010 0.009
pipesworld-notankage p32-net4-b14-g5.pddl 473 0.000 0.006
pipesworld-notankage p31-net4-b14-g3.pddl 473 0.000 0.006
floortile-opt11-strips opt-p09-018.pddl 517 0.000 0.006
sokoban-opt08-strips p17.pddl 1176 0.000 0.008
elevators-opt08-strips p13.pddl 354 0.000 0.005
tpp p06.pddl 177 0.000 0.003
visitall-opt14-strips p-1-14.pddl 1512 0.010 0.011
pipesworld-notankage p24-net3-b14-g5.pddl 438 0.010 0.006
freecell probfreecell-8-4.pddl 3489 0.010 0.014
miconic s25-4.pddl 1725 0.010 0.012
openstacks-opt08-strips p26.pddl 444 0.020 0.016
movie prob20.pddl 368 0.010 0.003
openstacks-opt08-strips p09.pddl 193 0.010 0.008
pegsol-08-strips p01.pddl 243 0.000 0.004
scanalyzer-opt11-strips p17.pddl 323 0.000 0.004
pipesworld-notankage p45-net5-b26-g4.pddl 1220 0.010 0.008
barman-opt11-strips pfile02-005.pddl 191 0.010 0.006
freecell probfreecell-9-5.pddl 3985 0.020 0.015
miconic s7-2.pddl 231 0.000 0.003
transport-opt08-strips p14.pddl 300 0.000 0.004
mprime prob26.pddl 3979 0.010 0.012
movie prob28.pddl 488 0.000 0.004
organic-synthesis-opt18-strips p05.pddl 2524 0.070 0.068
ged-opt14-strips d-4-2.pddl 97 0.000 0.007
rovers p35.pddl 6913 0.040 0.037
barman-opt14-strips p435-1.pddl 190 0.010 0.006
parcprinter-08-strips p02.pddl 259 0.010 0.009
pipesworld-tankage p17-net2-b16-g5-t20.pddl 547 0.010 0.007
miconic s27-2.pddl 1971 0.010 0.014
movie prob10.pddl 218 0.010 0.002
pegsol-opt11-strips p03.pddl 243 0.000 0.004
satellite p22-HC-pfile2.pddl 10547 0.020 0.030
sokoban-opt08-strips p14.pddl 686 0.010 0.006
pipesworld-notankage p08-net1-b12-g7.pddl 315 0.000 0.005
satellite p11-pfile11.pddl 3312 0.020 0.011
transport-opt08-strips p15.pddl 409 0.010 0.005
scanalyzer-08-strips p17.pddl 409 0.010 0.005
rovers p07.pddl 237 0.010 0.006
rovers p29.pddl 3714 0.020 0.022
organic-synthesis-split-opt18-strips p05.pddl 4594 0.330 0.338
pipesworld-notankage p37-net4-b20-g5.pddl 767 0.010 0.007
ged-opt14-strips d-8-4.pddl 297 0.010 0.008
freecell probfreecell-4-2.pddl 1825 0.010 0.010
miconic s3-1.pddl 75 0.010 0.002
pipesworld-tankage p21-net3-b12-g2-t60.pddl 500 0.010 0.008
tpp p05.pddl 115 0.010 0.003
barman-opt14-strips p536-2.pddl 231 0.010 0.006
miconic s30-4.pddl 2370 0.020 0.016
miconic s10-3.pddl 390 0.000 0.004
freecell probfreecell-9-2.pddl 3985 0.010 0.015
depot p15.pddl 6304 0.020 0.020
openstacks-opt14-strips p20_2.pddl 276 0.010 0.010
pegsol-opt11-strips p04.pddl 243 0.000 0.004
tpp p01.pddl 29 0.010 0.002
mprime prob20.pddl 9813 0.030 0.028
transport-opt14-strips p07.pddl 179 0.000 0.003
miconic s30-0.pddl 2370 0.020 0.017
organic-synthesis-split-opt18-strips p15.pddl 11570 0.360 0.355
tpp p08.pddl 225 0.000 0.004
pegsol-opt11-strips p07.pddl 243 0.010 0.004
miconic s29-0.pddl 2233 0.020 0.016
sokoban-opt08-strips p13.pddl 885 0.010 0.006
blocks probBLOCKS-4-0.pddl 37 0.000 0.002
mprime prob14.pddl 28542 0.100 0.089
organic-synthesis-split-opt18-strips p08.pddl 6172 0.340 0.331
airport p16-airport3-p4.pddl 1094 0.060 0.064
openstacks-opt08-strips p25.pddl 434 0.020 0.015
freecell probfreecell-2-4.pddl 1185 0.010 0.008
miconic s14-0.pddl 658 0.010 0.006
transport-opt14-strips p09.pddl 440 0.000 0.005
organic-synthesis-split-opt18-strips p04.pddl 3799 0.320 0.330
childsnack-opt14-strips child-snack_pfile10.pddl 363 0.000 0.005
miconic s15-2.pddl 735 0.000 0.006
satellite p26-HC-pfile6.pddl 23192 0.070 0.068
pipesworld-tankage p09-net1-b14-g6-t50.pddl 507 0.000 0.007
freecell probfreecell-10-5.pddl 4513 0.010 0.017
logistics98 prob33.pddl 1439 0.010 0.006
gripper prob18.pddl 3738 0.020 0.012
visitall-opt11-strips problem07-full.pddl 364 0.010 0.004
tpp p14.pddl 574 0.000 0.005
nomystery-opt11-strips p01.pddl 878 0.010 0.008
mprime prob19.pddl 9023 0.020 0.027
sokoban-opt11-strips p06.pddl 1407 0.010 0.008
woodworking-opt08-strips p19.pddl 462 0.010 0.010
visitall-opt11-strips problem10-full.pddl 760 0.000 0.006
logistics98 prob34.pddl 3674 0.010 0.012
logistics00 probLOGISTICS-6-9.pddl 501 0.010 0.004
rovers p06.pddl 198 0.000 0.005
pathways-noneg p15.pddl 1266 0.020 0.011
organic-synthesis-opt18-strips p14.pddl 5507 0.030 0.031
pipesworld-notankage p19-net2-b18-g6.pddl 555 0.010 0.007
airport p08-airport2-p3.pddl 791 0.050 0.051
freecell probfreecell-11-4.pddl 5073 0.020 0.018
miconic s2-3.pddl 46 0.000 0.002
openstacks-opt08-strips p15.pddl 280 0.010 0.010
freecell p09.pddl 2929 0.010 0.013
parking-opt14-strips p_14_8-03.pddl 389 0.000 0.004
miconic s4-1.pddl 108 0.010 0.002
pegsol-08-strips p03.pddl 243 0.000 0.004
woodworking-opt11-strips p11.pddl 360 0.010 0.009
openstacks-opt08-strips p08.pddl 180 0.000 0.007
driverlog p01.pddl 421 0.000 0.004
logistics98 prob29.pddl 94937 0.350 0.354
scanalyzer-opt11-strips p15.pddl 181 0.010 0.004
miconic s3-4.pddl 75 0.000 0.002
transport-opt08-strips p09.pddl 724 0.000 0.007
pathways-noneg p26.pddl 2343 0.020 0.019
elevators-opt11-strips p10.pddl 395 0.010 0.005
openstacks-opt08-strips p04.pddl 118 0.010 0.005
driverlog p12.pddl 4845 0.010 0.015
transport-opt08-strips p02.pddl 112 0.000 0.002
transport-opt08-strips p13.pddl 219 0.000 0.004
miconic s12-3.pddl 516 0.010 0.005
freecell probfreecell-13-5.pddl 6289 0.020 0.022
visitall-opt11-strips problem05-half.pddl 180 0.000 0.002
freecell probfreecell-3-2.pddl 1489 0.000 0.009
