airport  p27-airport4halfMUC-p6.pddl  10314  0.450  0.454
transport-opt08-strips  p23.pddl  163  0.000  0.003
satellite  p35-HC-pfile15.pddl  3242  0.010  0.014
scanalyzer-opt11-strips  p18.pddl  409  0.010  0.005
satellite  p23-HC-pfile3.pddl  806  0.010  0.006
blocks  probBLOCKS-10-0.pddl  134  0.000  0.002
hiking-opt14-strips  ptesting-1-2-8.pddl  86  0.000  0.003
rovers  p03.pddl  144  0.000  0.004
tpp  p29.pddl  3577  0.010  0.015
visitall-opt14-strips  p-05-7.pddl  364  0.000  0.003
freecell  p20.pddl  3683  0.020  0.015
transport-opt11-strips  p16.pddl  415  0.000  0.004
satellite  p19-pfile19.pddl  605  0.010  0.005
freecell  p18.pddl  3003  0.010  0.015
openstacks-opt11-strips  p03.pddl  180  0.010  0.007
psr-small  p32-s50-n4-l2-f50.pddl  30  0.020  0.014
transport-opt11-strips  p06.pddl  236  0.000  0.003
parcprinter-08-strips  p21.pddl  85  0.010  0.008
tpp  p13.pddl  519  0.000  0.005
settlers-opt18-adl  p03.pddl  657  0.020  0.029
pipesworld-notankage  p23-net3-b14-g3.pddl  438  0.010  0.006
elevators-opt11-strips  p12.pddl  282  0.000  0.004
mystery  prob16.pddl  668  0.010  0.004
logistics98  prob35.pddl  1083  0.010  0.006
storage  p07.pddl  141  0.000  0.003
woodworking-opt08-strips  p13.pddl  241  0.010  0.008
airport  p04-airport2-p1.pddl  376  0.040  0.042
miconic  s25-3.pddl  1525  0.010  0.013
pipesworld-notankage  p34-net4-b16-g6.pddl  563  0.010  0.006
freecell  probfreecell-12-5.pddl  3215  0.010  0.014
miconic  s14-1.pddl  546  0.010  0.005
transport-opt14-strips  p17.pddl  1077  0.010  0.009
hiking-opt14-strips  ptesting-2-3-7.pddl  125  0.010  0.004
psr-small  p19-s33-n3-l2-f30.pddl  14  0.020  0.025
childsnack-opt14-strips  child-snack_pfile08-2.pddl  315  0.010  0.004
ged-opt14-strips  d-7-6.pddl  152  0.010  0.008
tpp  p27.pddl  2832  0.010  0.012
miconic  s24-0.pddl  1416  0.010  0.012
barman-opt11-strips  pfile03-010.pddl  232  0.010  0.006
barman-opt14-strips  p739-3.pddl  353  0.010  0.006
airport  p09-airport2-p4.pddl  998  0.050  0.050
miconic  s13-0.pddl  481  0.010  0.005
zenotravel  p12.pddl  318  0.000  0.003
woodworking-opt11-strips  p14.pddl  365  0.000  0.009
transport-opt08-strips  p10.pddl  861  0.010  0.007
elevators-opt11-strips  p02.pddl  372  0.010  0.005
airport  p13-airport3-p2.pddl  638  0.050  0.054
gripper  prob06.pddl  96  0.000  0.002
miconic  s19-2.pddl  931  0.010  0.009
woodworking-opt08-strips  p16.pddl  338  0.010  0.009
freecell  p12.pddl  1827  0.010  0.010
elevators-opt08-strips  p29.pddl  448  0.010  0.005
miconic  s28-2.pddl  1876  0.010  0.016
mystery  prob03.pddl  463  0.010  0.004
psr-small  p37-s67-n6-l2-f70.pddl  27  0.010  0.015
parking-opt14-strips  p_20_11-01.pddl  734  0.010  0.005
sokoban-opt11-strips  p03.pddl  686  0.010  0.006
floortile-opt14-strips  p02-5-3-2.pddl  195  0.010  0.004
parking-opt14-strips  p_16_9-01.pddl  492  0.010  0.004
childsnack-opt14-strips  child-snack_pfile09-2.pddl  342  0.000  0.004
scanalyzer-08-strips  p23.pddl  39  0.000  0.003
pathways-noneg  p17.pddl  2193  0.030  0.017
transport-opt08-strips  p22.pddl  112  0.000  0.002
organic-synthesis-opt18-strips  p12.pddl  4121  0.020  0.026
scanalyzer-08-strips  p09.pddl  177  0.000  0.003
transport-opt08-strips  p12.pddl  142  0.000  0.003
scanalyzer-08-strips  p26.pddl  111  0.000  0.003
logistics98  prob05.pddl  657  0.010  0.005
childsnack-opt14-strips  child-snack_pfile07-2.pddl  294  0.010  0.004
elevators-opt08-strips  p17.pddl  390  0.010  0.005
driverlog  p18.pddl  3882  0.010  0.014
openstacks-opt11-strips  p17.pddl  355  0.010  0.012
freecell  probfreecell-9-1.pddl  1843  0.010  0.010
freecell  probfreecell-2-5.pddl  295  0.010  0.006
transport-opt14-strips  p08.pddl  335  0.000  0.004
logistics00  probLOGISTICS-8-1.pddl  300  0.010  0.003
pegsol-08-strips  p19.pddl  243  0.000  0.004
psr-small  p16-s29-n2-l5-f30.pddl  17  0.020  0.018
miconic  s10-0.pddl  310  0.000  0.004
psr-small  p45-s94-n4-l3-f50.pddl  22  0.010  0.013
blocks  probBLOCKS-4-2.pddl  33  0.000  0.002
miconic  s8-0.pddl  216  0.000  0.003
gripper  prob11.pddl  156  0.010  0.003
floortile-opt14-strips  p03-5-5-2.pddl  323  0.000  0.004
openstacks-opt14-strips  p35_3.pddl  523  0.020  0.017
tpp  p24.pddl  1776  0.010  0.009
scanalyzer-08-strips  p11.pddl  247  0.000  0.003
pipesworld-tankage  p22-net3-b12-g4-t60.pddl  500  0.000  0.008
scanalyzer-opt11-strips  p09.pddl  365  0.010  0.005
miconic  s22-1.pddl  1210  0.010  0.011
zenotravel  p16.pddl  908  0.010  0.009
nurikabe-opt18-adl  p15.pddl  1082  0.010  0.009
transport-opt08-strips  p11.pddl  77  0.000  0.002
rovers  p04.pddl  160  0.010  0.004
scanalyzer-08-strips  p05.pddl  125  0.000  0.003
woodworking-opt08-strips  p03.pddl  240  0.010  0.009
pipesworld-tankage  p43-net5-b24-g3-t80.pddl  1559  0.010  0.012
openstacks-opt14-strips  p45_2.pddl  581  0.020  0.021
caldera-split-opt18-adl  p06.pddl  2663  0.020  0.022
barman-opt11-strips  pfile04-016.pddl  303  0.010  0.009
airport  p46-airport5MUC-p6.pddl  15584  0.710  0.725
tpp  p15.pddl  629  0.010  0.006
miconic  s11-4.pddl  363  0.000  0.004
sokoban-opt08-strips  p07.pddl  1210  0.010  0.009
parcprinter-08-strips  p27.pddl  283  0.010  0.009
pathways-noneg  p04.pddl  406  0.000  0.004
miconic  s4-4.pddl  76  0.000  0.002
elevators-opt11-strips  p14.pddl  297  0.000  0.004
miconic  s3-0.pddl  51  0.000  0.002
caldera-split-opt18-adl  p17.pddl  3921  0.020  0.023
scanalyzer-08-strips  p06.pddl  122  0.000  0.003
gripper  prob03.pddl  60  0.000  0.002
openstacks-opt08-strips  p13.pddl  251  0.010  0.008
mystery  prob23.pddl  1332  0.010  0.007
miconic  s21-1.pddl  1113  0.010  0.010
organic-synthesis-opt18-strips  p08.pddl  3885  0.080  0.078
openstacks-opt11-strips  p15.pddl  341  0.010  0.012
pegsol-08-strips  p09.pddl  243  0.000  0.004
pathways-noneg  p07.pddl  938  0.010  0.009
zenotravel  p17.pddl  1302  0.000  0.006
caldera-split-opt18-adl  p14.pddl  3151  0.020  0.021
parking-opt11-strips  pfile03-012.pddl  298  0.000  0.003
satellite  p20-pfile20.pddl  688  0.000  0.006
miconic  s28-4.pddl  1876  0.010  0.016
satellite  p29-HC-pfile9.pddl  2583  0.020  0.011
caldera-split-opt18-adl  p20.pddl  3480  0.020  0.022
barman-opt14-strips  p435-3.pddl  190  0.000  0.006
floortile-opt11-strips  opt-p07-013.pddl  323  0.000  0.005
satellite  p34-HC-pfile14.pddl  2540  0.010  0.011
sokoban-opt11-strips  p13.pddl  833  0.010  0.007
transport-opt11-strips  p19.pddl  299  0.000  0.004
openstacks-opt11-strips  p16.pddl  368  0.010  0.012
floortile-opt14-strips  p01-6-5-2.pddl  376  0.000  0.006
psr-small  p28-s43-n3-l4-f70.pddl  18  0.010  0.010
parking-opt14-strips  p_20_11-04.pddl  734  0.010  0.005
pipesworld-notankage  p06-net1-b10-g6.pddl  251  0.010  0.005
rovers  p23.pddl  2840  0.020  0.019
rovers  p27.pddl  2931  0.020  0.020
miconic  s4-2.pddl  76  0.010  0.002
ged-opt14-strips  d-2-4.pddl  86  0.010  0.008
openstacks-opt11-strips  p11.pddl  280  0.010  0.010
rovers  p09.pddl  371  0.010  0.006
movie  prob11.pddl  151  0.010  0.002
barman-opt14-strips  p739-2.pddl  353  0.010  0.006
elevators-opt11-strips  p11.pddl  474  0.000  0.005
visitall-opt11-strips  problem02-half.pddl  24  0.000  0.001
parcprinter-08-strips  p16.pddl  278  0.010  0.013
sokoban-opt08-strips  p11.pddl  1407  0.010  0.009
pipesworld-tankage  p34-net4-b16-g6-t60.pddl  763  0.010  0.009
pipesworld-notankage  p20-net2-b18-g8.pddl  555  0.010  0.006
pegsol-08-strips  p14.pddl  243  0.010  0.004
miconic  s20-4.pddl  1020  0.010  0.009
visitall-opt14-strips  p-1-17.pddl  2244  0.010  0.017
airport  p50-airport5MUC-p15.pddl  36203  0.920  0.912
miconic  s14-4.pddl  546  0.000  0.005
organic-synthesis-split-opt18-strips  p13.pddl  8360  0.340  0.340
gripper  prob14.pddl  192  0.000  0.003
airport  p30-airport4halfMUC-p8.pddl  13346  0.470  0.476
barman-opt11-strips  pfile05-018.pddl  354  0.010  0.007
barman-opt14-strips  p638-2.pddl  302  0.000  0.006
mprime  prob23.pddl  2289  0.010  0.010
barman-opt11-strips  pfile05-017.pddl  354  0.010  0.007
storage  p30.pddl  2255  0.010  0.010
zenotravel  p20.pddl  1894  0.000  0.008
sokoban-opt08-strips  p26.pddl  1038  0.000  0.007
gripper  prob02.pddl  48  0.000  0.002
elevators-opt08-strips  p07.pddl  262  0.000  0.004
scanalyzer-08-strips  p25.pddl  113  0.010  0.003
woodworking-opt11-strips  p08.pddl  343  0.010  0.009
parcprinter-opt11-strips  p11.pddl  240  0.010  0.010
pipesworld-tankage  p28-net3-b18-g7-t70.pddl  858  0.000  0.009
satellite  p14-pfile14.pddl  452  0.000  0.004
openstacks-opt14-strips  p30_2.pddl  381  0.020  0.014
woodworking-opt11-strips  p04.pddl  240  0.010  0.008
logistics98  prob28.pddl  62440  0.220  0.214
miconic  s8-1.pddl  216  0.010  0.003
pegsol-08-strips  p26.pddl  243  0.000  0.005
logistics00  probLOGISTICS-9-0.pddl  300  0.000  0.003
parcprinter-08-strips  p20.pddl  499  0.010  0.015
hiking-opt14-strips  ptesting-2-4-7.pddl  134  0.000  0.003
parking-opt11-strips  pfile07-028.pddl  734  0.010  0.005
openstacks-opt08-strips  p01.pddl  76  0.010  0.003
blocks  probBLOCKS-8-0.pddl  97  0.000  0.002
caldera-split-opt18-adl  p19.pddl  2141  0.020  0.019
miconic  s23-2.pddl  1311  0.010  0.014
mprime  prob34.pddl  2210  0.010  0.008
blocks  probBLOCKS-7-2.pddl  78  0.000  0.002
pegsol-08-strips  p08.pddl  243  0.010  0.004
logistics98  prob01.pddl  446  0.000  0.004
driverlog  p15.pddl  1346  0.010  0.007
floortile-opt11-strips  opt-p10-020.pddl  497  0.000  0.007
caldera-opt18-adl  p17.pddl  2529  0.010  0.015
depot  p03.pddl  701  0.000  0.006
pegsol-08-strips  p04.pddl  243  0.000  0.004
elevators-opt08-strips  p21.pddl  372  0.000  0.005
floortile-opt11-strips  opt-p07-014.pddl  323  0.010  0.005
scanalyzer-08-strips  p03.pddl  77  0.010  0.003
grid  prob05.pddl  1827  0.010  0.010
pipesworld-notankage  p07-net1-b12-g5.pddl  315  0.000  0.006
woodworking-opt08-strips  p15.pddl  338  0.010  0.010
caldera-split-opt18-adl  p16.pddl  2497  0.020  0.021
miconic  s22-2.pddl  1210  0.020  0.012
ged-opt14-strips  d-3-2.pddl  117  0.010  0.008
miconic  s26-3.pddl  1638  0.020  0.015
transport-opt11-strips  p01.pddl  163  0.010  0.003
rovers  p26.pddl  2409  0.020  0.018
logistics00  probLOGISTICS-15-1.pddl  793  0.000  0.005
rovers  p15.pddl  563  0.010  0.007
hiking-opt14-strips  ptesting-2-3-5.pddl  97  0.000  0.005
airport  p40-airport5MUC-p4.pddl  11002  0.630  0.639
storage  p21.pddl  907  0.000  0.006
organic-synthesis-opt18-strips  p02.pddl  2375  0.030  0.023
caldera-opt18-adl  p03.pddl  543  0.010  0.010
elevators-opt08-strips  p18.pddl  433  0.000  0.005
transport-opt14-strips  p14.pddl  487  0.010  0.006
freecell  probfreecell-9-4.pddl  1843  0.010  0.013
movie  prob23.pddl  271  0.010  0.003
pipesworld-tankage  p02-net1-b6-g4-t50.pddl  222  0.000  0.006
movie  prob03.pddl  71  0.000  0.002
miconic  s25-0.pddl  1525  0.010  0.014
airport  p33-airport4halfMUC-p10.pddl  16378  0.520  0.516
scanalyzer-opt11-strips  p06.pddl  125  0.010  0.003
mystery  prob08.pddl  725  0.010  0.005
movie  prob02.pddl  61  0.010  0.002
movie  prob18.pddl  221  0.010  0.003
driverlog  p16.pddl  2004  0.010  0.010
gripper  prob07.pddl  108  0.010  0.002
openstacks-opt08-strips  p03.pddl  103  0.010  0.004
miconic  s15-1.pddl  615  0.010  0.007
satellite  p25-HC-pfile5.pddl  1124  0.000  0.007
openstacks-opt14-strips  p30_1.pddl  346  0.010  0.013
miconic  s22-4.pddl  1210  0.010  0.011
organic-synthesis-split-opt18-strips  p03.pddl  2434  0.370  0.361
openstacks-opt14-strips  p50_1.pddl  630  0.020  0.020
freecell  probfreecell-7-2.pddl  1355  0.010  0.009
tpp  p28.pddl  2989  0.020  0.013
elevators-opt08-strips  p16.pddl  414  0.000  0.005
mystery  prob19.pddl  1132  0.010  0.006
elevators-opt08-strips  p30.pddl  494  0.010  0.006
openstacks-opt08-strips  p16.pddl  298  0.010  0.011
psr-small  p30-s46-n3-l5-f50.pddl  25  0.020  0.019
gripper  prob09.pddl  132  0.010  0.004
satellite  p32-HC-pfile12.pddl  4800  0.030  0.030
transport-opt08-strips  p25.pddl  299  0.000  0.005
sokoban-opt11-strips  p09.pddl  1210  0.010  0.009
openstacks-opt11-strips  p01.pddl  139  0.010  0.006
blocks  probBLOCKS-10-1.pddl  141  0.000  0.002
satellite  p10-pfile10.pddl  318  0.000  0.003
ged-opt14-strips  d-1-4.pddl  59  0.000  0.008
caldera-opt18-adl  p07.pddl  966  0.020  0.021
satellite  p12-pfile12.pddl  406  0.010  0.004
depot  p16.pddl  1738  0.000  0.008
nomystery-opt11-strips  p20.pddl  9362  0.080  0.081
barman-opt14-strips  p435-2.pddl  190  0.010  0.006
floortile-opt14-strips  p03-4-4-2.pddl  217  0.000  0.004
blocks  probBLOCKS-9-0.pddl  103  0.010  0.002
parcprinter-08-strips  p09.pddl  405  0.000  0.010
freecell  probfreecell-3-5.pddl  379  0.010  0.006
freecell  probfreecell-5-1.pddl  739  0.010  0.008
openstacks-opt08-strips  p23.pddl  402  0.010  0.013
rovers  p39.pddl  9775  0.060  0.060
sokoban-opt08-strips  p24.pddl  1060  0.000  0.007
scanalyzer-08-strips  p27.pddl  110  0.000  0.003
pegsol-opt11-strips  p20.pddl  243  0.010  0.004
nurikabe-opt18-adl  p02.pddl  92  0.000  0.003
psr-small  p42-s82-n3-l4-f50.pddl  18  0.020  0.015
floortile-opt11-strips  opt-p03-005.pddl  195  0.000  0.004
nurikabe-opt18-adl  p20.pddl  1522  0.010  0.011
airport  p31-airport4halfMUC-p9.pddl  14862  0.590  0.578
logistics00  probLOGISTICS-10-0.pddl  495  0.000  0.004
parking-opt11-strips  pfile04-014.pddl  389  0.010  0.006
barman-opt11-strips  pfile01-001.pddl  154  0.010  0.006
movie  prob30.pddl  341  0.000  0.004
miconic  s24-3.pddl  1416  0.010  0.014
rovers  p17.pddl  953  0.010  0.011
parking-opt14-strips  p_18_10-01.pddl  607  0.000  0.005
driverlog  p06.pddl  354  0.020  0.004
floortile-opt11-strips  opt-p03-006.pddl  195  0.000  0.004
psr-small  p40-s80-n3-l4-f10.pddl  23  0.190  0.194
organic-synthesis-opt18-strips  p16.pddl  10105  0.080  0.088
sokoban-opt11-strips  p10.pddl  996  0.010  0.007
driverlog  p09.pddl  458  0.010  0.005
nurikabe-opt18-adl  p01.pddl  92  0.000  0.003
pipesworld-tankage  p24-net3-b14-g5-t60.pddl  618  0.010  0.008
floortile-opt11-strips  opt-p05-010.pddl  259  0.000  0.004
mprime  prob22.pddl  2598  0.010  0.010
pathways-noneg  p22.pddl  1650  0.010  0.015
freecell  probfreecell-6-2.pddl  1079  0.010  0.008
transport-opt11-strips  p09.pddl  316  0.010  0.004
scanalyzer-08-strips  p01.pddl  85  0.000  0.003
transport-opt11-strips  p02.pddl  175  0.010  0.004
zenotravel  p14.pddl  550  0.000  0.005
pipesworld-notankage  p14-net2-b12-g5.pddl  315  0.010  0.006
pipesworld-notankage  p36-net4-b18-g6.pddl  661  0.000  0.007
pegsol-08-strips  p12.pddl  243  0.000  0.004
storage  p14.pddl  289  0.000  0.004
parcprinter-opt11-strips  p07.pddl  225  0.010  0.010
miconic  s2-1.pddl  30  0.000  0.002
sokoban-opt08-strips  p30.pddl  1589  0.010  0.008
pathways-noneg  p21.pddl  2034  0.010  0.017
psr-small  p08-s12-n1-l5-f10.pddl  8  0.010  0.006
nurikabe-opt18-adl  p08.pddl  388  0.000  0.004
mystery  prob05.pddl  715  0.010  0.009
driverlog  p20.pddl  5870  0.020  0.021
settlers-opt18-adl  p17.pddl  842  0.030  0.030
nomystery-opt11-strips  p19.pddl  18237  0.170  0.173
pipesworld-tankage  p41-net5-b22-g2-t20.pddl  1091  0.010  0.011
pipesworld-notankage  p35-net4-b18-g4.pddl  661  0.000  0.007
grid  prob01.pddl  483  0.000  0.005
woodworking-opt08-strips  p30.pddl  506  0.010  0.010
settlers-opt18-adl  p18.pddl  828  0.030  0.031
satellite  p33-HC-pfile13.pddl  5944  0.020  0.022
blocks  probBLOCKS-16-1.pddl  321  0.000  0.003
nomystery-opt11-strips  p16.pddl  16652  0.140  0.144
childsnack-opt14-strips  child-snack_pfile10-2.pddl  363  0.000  0.005
pathways-noneg  p06.pddl  744  0.010  0.008
miconic  s18-2.pddl  846  0.000  0.008
miconic  s21-0.pddl  1113  0.020  0.012
movie  prob06.pddl  101  0.010  0.002
freecell  probfreecell-7-3.pddl  1355  0.010  0.009
psr-small  p41-s81-n3-l4-f30.pddl  24  0.010  0.010
logistics00  probLOGISTICS-5-0.pddl  153  0.010  0.002
mprime  prob03.pddl  803  0.010  0.005
woodworking-opt08-strips  p01.pddl  166  0.010  0.008
miconic  s16-0.pddl  688  0.010  0.007
childsnack-opt14-strips  child-snack_pfile03.pddl  191  0.010  0.003
depot  p21.pddl  7908  0.020  0.022
nomystery-opt11-strips  p13.pddl  1278  0.010  0.012
freecell  p02.pddl  347  0.010  0.006
organic-synthesis-opt18-strips  p10.pddl  3108  0.020  0.024
floortile-opt14-strips  p03-4-3-2.pddl  164  0.000  0.004
parcprinter-08-strips  p25.pddl  216  0.010  0.009
organic-synthesis-split-opt18-strips  p11.pddl  3893  0.060  0.064
barman-opt11-strips  pfile05-020.pddl  354  0.010  0.007
gripper  prob01.pddl  36  0.010  0.002
floortile-opt11-strips  opt-p01-002.pddl  133  0.010  0.004
miconic  s28-3.pddl  1876  0.020  0.018
miconic  s26-4.pddl  1638  0.020  0.016
blocks  probBLOCKS-11-0.pddl  166  0.000  0.002
ged-opt14-strips  d-4-8.pddl  281  0.010  0.009
airport  p25-airport4halfMUC-p5.pddl  5828  0.490  0.486
airport  p35-airport4halfMUC-p12.pddl  19422  0.580  0.579
caldera-opt18-adl  p12.pddl  1573  0.010  0.012
gripper  prob13.pddl  180  0.010  0.003
parcprinter-08-strips  p15.pddl  254  0.010  0.013
transport-opt14-strips  p06.pddl  419  0.000  0.005
settlers-opt18-adl  p07.pddl  780  0.030  0.033
organic-synthesis-split-opt18-strips  p09.pddl  3546  0.060  0.062
pipesworld-tankage  p10-net1-b14-g8-t50.pddl  507  0.010  0.012
psr-small  p23-s38-n3-l3-f50.pddl  25  0.010  0.012
parcprinter-opt11-strips  p08.pddl  166  0.000  0.009
openstacks-opt11-strips  p13.pddl  291  0.020  0.011
pipesworld-tankage  p12-net2-b10-g4-t60.pddl  341  0.000  0.007
transport-opt11-strips  p18.pddl  300  0.010  0.004
floortile-opt11-strips  opt-p10-019.pddl  497  0.010  0.006
pegsol-08-strips  p28.pddl  243  0.010  0.004
parking-opt11-strips  pfile06-021.pddl  607  0.000  0.007
pipesworld-notankage  p33-net4-b16-g5.pddl  563  0.010  0.006
tpp  p03.pddl  51  0.000  0.003
gripper  prob08.pddl  120  0.010  0.002
driverlog  p11.pddl  585  0.000  0.005
blocks  probBLOCKS-9-2.pddl  103  0.000  0.002
organic-synthesis-opt18-strips  p20.pddl  7784  0.080  0.087
logistics00  probLOGISTICS-6-1.pddl  153  0.000  0.003
logistics98  prob03.pddl  2085  0.000  0.009
ged-opt14-strips  d-7-5.pddl  191  0.010  0.009
parcprinter-08-strips  p13.pddl  173  0.010  0.013
elevators-opt08-strips  p01.pddl  220  0.010  0.003
miconic  s19-3.pddl  931  0.010  0.009
psr-small  p13-s22-n2-l3-f50.pddl  11  0.010  0.006
miconic  s6-2.pddl  138  0.000  0.002
mprime  prob21.pddl  2570  0.010  0.010
logistics98  prob24.pddl  13710  0.030  0.038
transport-opt14-strips  p04.pddl  307  0.000  0.004
freecell  probfreecell-2-3.pddl  295  0.000  0.007
nomystery-opt11-strips  p18.pddl  14610  0.140  0.137
logistics00  probLOGISTICS-4-0.pddl  153  0.000  0.003
psr-small  p24-s39-n3-l3-f70.pddl  21  0.010  0.010
mprime  prob30.pddl  1029  0.000  0.006
openstacks-opt08-strips  p11.pddl  223  0.010  0.008
scanalyzer-opt11-strips  p07.pddl  577  0.000  0.006
pipesworld-tankage  p14-net2-b12-g5-t30.pddl  395  0.000  0.007
ged-opt14-strips  d-3-4.pddl  191  0.010  0.008
parking-opt14-strips  p_12_7-03.pddl  298  0.000  0.003
pathways-noneg  p14.pddl  1216  0.010  0.011
ged-opt14-strips  d-2-8.pddl  281  0.010  0.010
caldera-split-opt18-adl  p10.pddl  1534  0.010  0.017
pegsol-08-strips  p13.pddl  243  0.010  0.004
miconic  s21-2.pddl  1113  0.010  0.011
pipesworld-notankage  p13-net2-b12-g3.pddl  315  0.000  0.005
pipesworld-notankage  p15-net2-b14-g4.pddl  387  0.010  0.006
logistics98  prob31.pddl  265  0.000  0.003
airport  p02-airport1-p1.pddl  137  0.020  0.017
openstacks-opt14-strips  p25_1.pddl  316  0.010  0.011
blocks  probBLOCKS-15-0.pddl  206  0.010  0.003
miconic  s26-1.pddl  1638  0.020  0.017
woodworking-opt08-strips  p17.pddl  411  0.010  0.010
miconic  s24-4.pddl  1416  0.010  0.012
mprime  prob04.pddl  488  0.010  0.004
nomystery-opt11-strips  p02.pddl  6072  0.080  0.074
mystery  prob10.pddl  3732  0.010  0.016
mystery  prob22.pddl  2334  0.020  0.010
woodworking-opt08-strips  p12.pddl  232  0.010  0.010
zenotravel  p08.pddl  237  0.000  0.006
mprime  prob25.pddl  266  0.000  0.005
mystery  prob02.pddl  982  0.010  0.011
movie  prob08.pddl  121  0.010  0.004
parcprinter-08-strips  p23.pddl  135  0.020  0.017
pipesworld-notankage  p39-net4-b22-g7.pddl  881  0.010  0.008
parcprinter-08-strips  p18.pddl  368  0.020  0.019
floortile-opt14-strips  p03-5-4-2.pddl  259  0.000  0.004
airport  p26-airport4halfMUC-p6.pddl  10320  0.500  0.500
miconic  s6-1.pddl  138  0.000  0.003
hiking-opt14-strips  ptesting-2-4-4.pddl  89  0.000  0.003
psr-small  p46-s97-n5-l2-f30.pddl  23  0.020  0.018
visitall-opt14-strips  p-1-9.pddl  612  0.010  0.006
freecell  p11.pddl  1827  0.010  0.010
movie  prob26.pddl  301  0.000  0.003
pegsol-opt11-strips  p09.pddl  243  0.010  0.004
organic-synthesis-opt18-strips  p11.pddl  3267  0.020  0.025
woodworking-opt08-strips  p05.pddl  328  0.010  0.010
scanalyzer-opt11-strips  p11.pddl  113  0.000  0.003
airport  p18-airport3-p6.pddl  1548  0.080  0.080
airport  p05-airport2-p1.pddl  376  0.040  0.046
pegsol-opt11-strips  p16.pddl  243  0.000  0.004
elevators-opt08-strips  p02.pddl  252  0.000  0.004
nomystery-opt11-strips  p06.pddl  30316  0.310  0.304
rovers  p30.pddl  4004  0.030  0.030
barman-opt11-strips  pfile02-006.pddl  191  0.010  0.006
freecell  probfreecell-5-5.pddl  835  0.010  0.008
gripper  prob15.pddl  204  0.000  0.003
freecell  probfreecell-13-4.pddl  3459  0.020  0.015
elevators-opt08-strips  p15.pddl  372  0.010  0.005
satellite  p05-pfile5.pddl  169  0.000  0.003
pipesworld-notankage  p26-net3-b16-g7.pddl  524  0.010  0.007
parcprinter-opt11-strips  p02.pddl  132  0.010  0.009
miconic  s17-1.pddl  765  0.010  0.008
woodworking-opt11-strips  p09.pddl  328  0.010  0.010
scanalyzer-08-strips  p22.pddl  39  0.000  0.003
airport  p34-airport4halfMUC-p11.pddl  17905  0.590  0.590
miconic  s19-1.pddl  931  0.010  0.010
miconic  s18-0.pddl  846  0.010  0.008
organic-synthesis-split-opt18-strips  p14.pddl  6325  0.070  0.074
satellite  p02-pfile2.pddl  74  0.010  0.004
logistics98  prob08.pddl  7743  0.030  0.023
miconic  s30-1.pddl  2130  0.030  0.018
elevators-opt11-strips  p08.pddl  248  0.010  0.004
tpp  p16.pddl  830  0.010  0.006
miconic  s27-3.pddl  1755  0.010  0.015
driverlog  p02.pddl  200  0.010  0.005
miconic  s5-4.pddl  105  0.000  0.003
elevators-opt08-strips  p24.pddl  434  0.010  0.006
scanalyzer-08-strips  p28.pddl  223  0.000  0.004
psr-small  p35-s57-n5-l2-f30.pddl  25  0.020  0.026
hiking-opt14-strips  ptesting-2-2-8.pddl  129  0.020  0.007
transport-opt11-strips  p13.pddl  323  0.000  0.005
sokoban-opt11-strips  p19.pddl  1070  0.010  0.011
openstacks-opt14-strips  p25_3.pddl  356  0.010  0.014
mystery  prob26.pddl  401  0.000  0.007
depot  p12.pddl  2846  0.010  0.012
driverlog  p10.pddl  532  0.020  0.005
mprime  prob08.pddl  840  0.000  0.006
zenotravel  p05.pddl  142  0.010  0.003
openstacks-opt08-strips  p27.pddl  437  0.020  0.015
caldera-opt18-adl  p15.pddl  2189  0.010  0.016
pipesworld-notankage  p01-net1-b6-g2.pddl  147  0.000  0.005
transport-opt14-strips  p03.pddl  244  0.000  0.003
pegsol-08-strips  p29.pddl  243  0.000  0.004
mprime  prob12.pddl  498  0.000  0.004
transport-opt14-strips  p18.pddl  1179  0.010  0.010
organic-synthesis-split-opt18-strips  p06.pddl  3591  0.330  0.333
scanalyzer-08-strips  p04.pddl  137  0.010  0.003
transport-opt08-strips  p27.pddl  536  0.000  0.005
satellite  p15-pfile15.pddl  554  0.000  0.005
pipesworld-tankage  p11-net2-b10-g2-t30.pddl  311  0.010  0.007
logistics98  prob06.pddl  5462  0.030  0.018
miconic  s24-2.pddl  1416  0.020  0.013
pipesworld-notankage  p40-net4-b22-g8.pddl  881  0.010  0.007
scanalyzer-08-strips  p08.pddl  181  0.000  0.004
psr-small  p27-s42-n3-l4-f50.pddl  18  0.010  0.011
miconic  s10-2.pddl  310  0.000  0.004
settlers-opt18-adl  p11.pddl  706  0.040  0.033
tpp  p18.pddl  1178  0.010  0.008
freecell  probfreecell-3-4.pddl  443  0.010  0.007
airport  p24-airport4halfMUC-p4.pddl  7282  0.440  0.434
miconic  s14-2.pddl  546  0.000  0.006
freecell  probfreecell-11-2.pddl  2779  0.010  0.013
miconic  s28-0.pddl  1876  0.020  0.016
psr-small  p43-s83-n3-l4-f70.pddl  21  0.010  0.011
transport-opt08-strips  p16.pddl  589  0.010  0.006
barman-opt14-strips  p536-1.pddl  231  0.010  0.006
parcprinter-opt11-strips  p14.pddl  354  0.010  0.010
miconic  s18-4.pddl  846  0.010  0.009
openstacks-opt11-strips  p07.pddl  237  0.010  0.008
depot  p02.pddl  493  0.000  0.005
pathways-noneg  p08.pddl  1184  0.010  0.010
miconic  s15-3.pddl  615  0.000  0.006
visitall-opt11-strips  problem03-full.pddl  60  0.010  0.002
miconic  s6-4.pddl  138  0.010  0.003
openstacks-opt08-strips  p14.pddl  268  0.010  0.010
mystery  prob15.pddl  1434  0.010  0.007
settlers-opt18-adl  p13.pddl  712  0.030  0.032
caldera-split-opt18-adl  p09.pddl  3116  0.020  0.021
pipesworld-notankage  p05-net1-b10-g4.pddl  251  0.000  0.005
miconic  s29-4.pddl  2001  0.010  0.016
parcprinter-opt11-strips  p17.pddl  254  0.020  0.015
pipesworld-tankage  p03-net1-b8-g3-t80.pddl  300  0.010  0.007
barman-opt14-strips  p739-1.pddl  353  0.010  0.006
freecell  probfreecell-8-5.pddl  1663  0.010  0.010
nurikabe-opt18-adl  p16.pddl  1056  0.010  0.008
freecell  p03.pddl  511  0.010  0.006
ged-opt14-strips  d-2-3.pddl  117  0.000  0.008
openstacks-opt14-strips  p30_3.pddl  442  0.020  0.015
barman-opt14-strips  p638-3.pddl  302  0.000  0.006
openstacks-opt11-strips  p05.pddl  209  0.010  0.007
psr-small  p02-s5-n1-l3-f30.pddl  11  0.000  0.006
miconic  s1-0.pddl  13  0.000  0.002
miconic  s16-3.pddl  688  0.010  0.008
parking-opt11-strips  pfile05-018.pddl  492  0.000  0.004
pathways-noneg  p05.pddl  535  0.000  0.006
storage  p13.pddl  264  0.000  0.003
freecell  probfreecell-7-5.pddl  1355  0.010  0.010
miconic  s6-3.pddl  138  0.000  0.005
openstacks-opt08-strips  p06.pddl  139  0.010  0.006
tpp  p07.pddl  201  0.000  0.003
psr-small  p01-s2-n1-l2-f50.pddl  5  0.000  0.003
visitall-opt14-strips  p-1-15.pddl  1740  0.010  0.014
caldera-split-opt18-adl  p02.pddl  990  0.010  0.016
pipesworld-tankage  p07-net1-b12-g5-t80.pddl  450  0.010  0.007
sokoban-opt11-strips  p01.pddl  474  0.010  0.005
openstacks-opt11-strips  p09.pddl  250  0.010  0.010
nurikabe-opt18-adl  p07.pddl  360  0.010  0.004
freecell  probfreecell-6-5.pddl  1079  0.010  0.010
elevators-opt08-strips  p09.pddl  276  0.010  0.004
pipesworld-notankage  p44-net5-b24-g5.pddl  1084  0.010  0.008
parking-opt14-strips  p_14_8-01.pddl  389  0.010  0.005
organic-synthesis-split-opt18-strips  p12.pddl  4827  0.060  0.067
mprime  prob09.pddl  1170  0.000  0.006
freecell  probfreecell-3-1.pddl  443  0.000  0.007
childsnack-opt14-strips  child-snack_pfile03-2.pddl  191  0.000  0.003
woodworking-opt11-strips  p15.pddl  411  0.010  0.009
pathways-noneg  p09.pddl  1108  0.010  0.011
psr-small  p22-s37-n3-l3-f30.pddl  20  0.020  0.018
barman-opt14-strips  p839-2.pddl  378  0.010  0.006
blocks  probBLOCKS-8-2.pddl  97  0.010  0.002
barman-opt11-strips  pfile01-004.pddl  154  0.000  0.006
parking-opt14-strips  p_18_10-04.pddl  607  0.000  0.005
parcprinter-opt11-strips  p01.pddl  108  0.010  0.009
freecell  p10.pddl  1987  0.010  0.011
miconic  s18-3.pddl  846  0.010  0.008
mystery  prob27.pddl  370  0.000  0.003
parcprinter-08-strips  p01.pddl  109  0.000  0.008
miconic  s21-3.pddl  1113  0.010  0.010
freecell  p07.pddl  1331  0.010  0.009
depot  p14.pddl  2216  0.010  0.011
tpp  p26.pddl  2675  0.020  0.012
visitall-opt14-strips  p-1-6.pddl  264  0.000  0.003
blocks  probBLOCKS-6-2.pddl  51  0.000  0.002
parking-opt14-strips  p_12_7-04.pddl  298  0.000  0.003
parcprinter-08-strips  p30.pddl  461  0.010  0.011
mprime  prob24.pddl  3238  0.010  0.012
blocks  probBLOCKS-11-1.pddl  119  0.000  0.003
woodworking-opt11-strips  p13.pddl  368  0.010  0.009
logistics98  prob21.pddl  12708  0.030  0.034
miconic  s12-2.pddl  420  0.000  0.007
mprime  prob17.pddl  3042  0.010  0.011
childsnack-opt14-strips  child-snack_pfile07.pddl  294  0.000  0.004
nomystery-opt11-strips  p10.pddl  16970  0.150  0.148
mystery  prob01.pddl  162  0.000  0.003
parcprinter-08-strips  p22.pddl  108  0.010  0.009
visitall-opt14-strips  p-1-8.pddl  480  0.000  0.004
settlers-opt18-adl  p02.pddl  639  0.030  0.030
pegsol-opt11-strips  p18.pddl  243  0.010  0.004
visitall-opt14-strips  p-1-16.pddl  1984  0.020  0.016
miconic  s5-1.pddl  105  0.000  0.002
organic-synthesis-opt18-strips  p01.pddl  1399  0.020  0.020
pipesworld-notankage  p12-net2-b10-g4.pddl  251  0.010  0.005
elevators-opt11-strips  p20.pddl  434  0.010  0.005
miconic  s2-2.pddl  30  0.000  0.002
floortile-opt11-strips  opt-p04-008.pddl  217  0.000  0.004
freecell  probfreecell-5-3.pddl  835  0.010  0.008
visitall-opt11-strips  problem09-half.pddl  612  0.010  0.005
depot  p11.pddl  1708  0.010  0.007
logistics98  prob10.pddl  4255  0.020  0.017
elevators-opt08-strips  p28.pddl  474  0.010  0.005
pipesworld-notankage  p30-net3-b20-g8.pddl  720  0.000  0.007
freecell  p14.pddl  2187  0.010  0.011
floortile-opt14-strips  p01-5-5-2.pddl  323  0.010  0.005
freecell  probfreecell-13-1.pddl  3683  0.010  0.016
pipesworld-notankage  p10-net1-b14-g8.pddl  387  0.000  0.006
blocks  probBLOCKS-9-1.pddl  111  0.010  0.002
elevators-opt08-strips  p19.pddl  408  0.010  0.005
sokoban-opt11-strips  p12.pddl  3434  0.020  0.021
logistics00  probLOGISTICS-13-0.pddl  793  0.000  0.005
openstacks-opt14-strips  p35_2.pddl  447  0.020  0.015
settlers-opt18-adl  p01.pddl  626  0.030  0.031
miconic  s11-0.pddl  363  0.010  0.006
grid  prob02.pddl  717  0.010  0.006
elevators-opt08-strips  p08.pddl  297  0.000  0.004
sokoban-opt11-strips  p16.pddl  1274  0.010  0.008
hiking-opt14-strips  ptesting-1-2-3.pddl  41  0.010  0.003
mystery  prob25.pddl  126  0.000  0.002
rovers  p25.pddl  2160  0.020  0.016
woodworking-opt08-strips  p23.pddl  233  0.010  0.008
parcprinter-opt11-strips  p20.pddl  283  0.010  0.010
parcprinter-08-strips  p12.pddl  146  0.010  0.012
parking-opt11-strips  pfile04-016.pddl  389  0.000  0.003
woodworking-opt08-strips  p09.pddl  437  0.010  0.010
miconic  s20-2.pddl  1020  0.000  0.009
sokoban-opt08-strips  p29.pddl  2349  0.010  0.011
movie  prob16.pddl  201  0.000  0.003
airport  p39-airport5MUC-p4.pddl  11002  0.650  0.647
nomystery-opt11-strips  p17.pddl  11539  0.100  0.100
parcprinter-opt11-strips  p04.pddl  190  0.020  0.009
barman-opt11-strips  pfile03-011.pddl  232  0.000  0.006
logistics00  probLOGISTICS-5-1.pddl  153  0.000  0.003
logistics00  probLOGISTICS-12-1.pddl  495  0.010  0.007
caldera-split-opt18-adl  p03.pddl  809  0.010  0.018
miconic  s17-4.pddl  765  0.010  0.008
driverlog  p04.pddl  280  0.000  0.003
caldera-opt18-adl  p18.pddl  1803  0.010  0.014
scanalyzer-08-strips  p16.pddl  465  0.000  0.007
woodworking-opt08-strips  p27.pddl  365  0.020  0.016
sokoban-opt11-strips  p02.pddl  1176  0.010  0.009
pipesworld-tankage  p50-net5-b30-g8-t50.pddl  1916  0.020  0.013
miconic  s5-0.pddl  105  0.000  0.004
depot  p05.pddl  1063  0.010  0.006
psr-small  p48-s101-n5-l3-f30.pddl  31  0.030  0.031
parcprinter-08-strips  p14.pddl  204  0.010  0.013
transport-opt14-strips  p02.pddl  199  0.000  0.003
rovers  p32.pddl  5582  0.040  0.032
woodworking-opt11-strips  p03.pddl  241  0.010  0.009
storage  p19.pddl  658  0.010  0.005
elevators-opt11-strips  p03.pddl  376  0.010  0.005
freecell  probfreecell-10-2.pddl  2375  0.010  0.013
parcprinter-opt11-strips  p06.pddl  264  0.010  0.009
movie  prob07.pddl  111  0.000  0.002
logistics00  probLOGISTICS-11-1.pddl  495  0.010  0.004
miconic  s16-1.pddl  688  0.010  0.007
scanalyzer-08-strips  p15.pddl  317  0.000  0.004
blocks  probBLOCKS-4-1.pddl  33  0.000  0.002
miconic  s8-4.pddl  216  0.000  0.003
airport  p32-airport4halfMUC-p10.pddl  10548  0.490  0.496
depot  p20.pddl  3889  0.010  0.013
airport  p15-airport3-p3.pddl  864  0.060  0.059
mystery  prob21.pddl  2429  0.010  0.009
gripper  prob10.pddl  144  0.000  0.002
transport-opt08-strips  p17.pddl  667  0.010  0.006
logistics98  prob22.pddl  30954  0.090  0.093
elevators-opt08-strips  p27.pddl  429  0.010  0.005
scanalyzer-opt11-strips  p02.pddl  79  0.000  0.003
pegsol-opt11-strips  p01.pddl  243  0.000  0.004
transport-opt08-strips  p24.pddl  224  0.000  0.003
miconic  s8-2.pddl  216  0.000  0.003
organic-synthesis-split-opt18-strips  p20.pddl  9336  0.330  0.346
organic-synthesis-opt18-strips  p18.pddl  13439  0.100  0.106
movie  prob19.pddl  231  0.000  0.003
barman-opt14-strips  p536-3.pddl  231  0.000  0.006
floortile-opt14-strips  p02-6-4-2.pddl  301  0.000  0.005
pipesworld-tankage  p47-net5-b28-g5-t50.pddl  1739  0.010  0.014
transport-opt08-strips  p08.pddl  601  0.000  0.006
miconic  s12-1.pddl  420  0.010  0.005
floortile-opt11-strips  opt-p02-003.pddl  164  0.010  0.004
openstacks-opt08-strips  p29.pddl  497  0.020  0.016
transport-opt08-strips  p04.pddl  236  0.000  0.003
organic-synthesis-split-opt18-strips  p17.pddl  16399  0.380  0.380
sokoban-opt08-strips  p08.pddl  833  0.010  0.009
woodworking-opt11-strips  p01.pddl  233  0.010  0.009
woodworking-opt11-strips  p16.pddl  386  0.010  0.011
airport  p19-airport3-p6.pddl  1092  0.060  0.065
mprime  prob16.pddl  1240  0.010  0.007
visitall-opt11-strips  problem11-half.pddl  924  0.010  0.007
barman-opt11-strips  pfile05-019.pddl  354  0.010  0.007
freecell  probfreecell-4-1.pddl  543  0.010  0.007
nomystery-opt11-strips  p07.pddl  20920  0.190  0.193
visitall-opt11-strips  problem08-half.pddl  480  0.000  0.004
scanalyzer-08-strips  p30.pddl  215  0.000  0.003
psr-small  p20-s34-n3-l2-f50.pddl  21  0.010  0.009
sokoban-opt11-strips  p14.pddl  950  0.010  0.007
visitall-opt14-strips  p-1-18.pddl  2520  0.020  0.019
scanalyzer-opt11-strips  p04.pddl  137  0.010  0.003
freecell  probfreecell-8-2.pddl  1663  0.010  0.010
mystery  prob24.pddl  2698  0.010  0.010
rovers  p22.pddl  2375  0.020  0.019
airport  p49-airport5MUC-p10.pddl  24748  0.780  0.777
transport-opt08-strips  p07.pddl  512  0.000  0.005
elevators-opt11-strips  p16.pddl  372  0.010  0.005
blocks  probBLOCKS-17-0.pddl  350  0.010  0.003
organic-synthesis-opt18-strips  p07.pddl  3259  0.080  0.073
miconic  s14-3.pddl  546  0.010  0.005
pathways-noneg  p23.pddl  1767  0.010  0.016
blocks  probBLOCKS-5-2.pddl  46  0.000  0.002
tpp  p04.pddl  62  0.000  0.003
floortile-opt14-strips  p03-6-5-2.pddl  376  0.010  0.005
pipesworld-tankage  p15-net2-b14-g4-t30.pddl  467  0.010  0.007
openstacks-opt08-strips  p20.pddl  355  0.010  0.012
openstacks-opt14-strips  p20_1.pddl  232  0.010  0.009
sokoban-opt08-strips  p05.pddl  996  0.000  0.006
satellite  p17-pfile17.pddl  707  0.000  0.005
organic-synthesis-opt18-strips  p13.pddl  6901  0.080  0.083
openstacks-opt11-strips  p08.pddl  251  0.010  0.009
scanalyzer-08-strips  p18.pddl  402  0.000  0.005
zenotravel  p10.pddl  305  0.000  0.003
satellite  p08-pfile8.pddl  251  0.000  0.003
openstacks-opt11-strips  p04.pddl  193  0.010  0.007
pegsol-08-strips  p06.pddl  243  0.010  0.004
ged-opt14-strips  d-8-9.pddl  281  0.000  0.008
parcprinter-08-strips  p24.pddl  166  0.010  0.008
transport-opt11-strips  p12.pddl  381  0.000  0.004
openstacks-opt08-strips  p17.pddl  312  0.010  0.010
elevators-opt11-strips  p04.pddl  234  0.010  0.003
depot  p22.pddl  12203  0.020  0.032
settlers-opt18-adl  p09.pddl  812  0.030  0.031
childsnack-opt14-strips  child-snack_pfile05.pddl  248  0.000  0.004
miconic  s9-2.pddl  261  0.000  0.004
airport  p43-airport5MUC-p5.pddl  13293  0.660  0.671
pipesworld-notankage  p22-net3-b12-g4.pddl  360  0.000  0.006
elevators-opt08-strips  p03.pddl  234  0.000  0.004
visitall-opt14-strips  p-05-8.pddl  480  0.010  0.004
miconic  s23-1.pddl  1311  0.010  0.012
freecell  probfreecell-6-1.pddl  967  0.010  0.008
miconic  s26-0.pddl  1638  0.010  0.016
sokoban-opt08-strips  p06.pddl  474  0.010  0.005
pegsol-08-strips  p18.pddl  243  0.000  0.004
satellite  p28-HC-pfile8.pddl  1911  0.010  0.010
parcprinter-opt11-strips  p15.pddl  405  0.010  0.010
openstacks-opt11-strips  p10.pddl  394  0.010  0.013
caldera-split-opt18-adl  p05.pddl  2959  0.040  0.044
visitall-opt14-strips  p-1-5.pddl  180  0.010  0.005
freecell  p04.pddl  803  0.010  0.008
parking-opt11-strips  pfile04-013.pddl  389  0.000  0.004
pegsol-opt11-strips  p13.pddl  243  0.000  0.004
tpp  p02.pddl  40  0.000  0.003
openstacks-opt14-strips  p45_1.pddl  565  0.020  0.022
rovers  p08.pddl  325  0.000  0.006
scanalyzer-08-strips  p19.pddl  577  0.000  0.006
transport-opt14-strips  p10.pddl  557  0.000  0.007
pipesworld-tankage  p25-net3-b16-g5-t60.pddl  744  0.010  0.009
elevators-opt11-strips  p07.pddl  454  0.000  0.006
psr-small  p18-s31-n2-l5-f70.pddl  21  0.010  0.010
storage  p22.pddl  1026  0.010  0.007
movie  prob12.pddl  161  0.000  0.002
elevators-opt08-strips  p25.pddl  410  0.000  0.005
mprime  prob01.pddl  267  0.010  0.003
parking-opt14-strips  p_14_8-02.pddl  389  0.010  0.004
logistics00  probLOGISTICS-7-0.pddl  300  0.000  0.003
scanalyzer-08-strips  p14.pddl  323  0.010  0.004
miconic  s5-3.pddl  105  0.000  0.002
openstacks-opt11-strips  p12.pddl  298  0.010  0.011
parcprinter-08-strips  p11.pddl  123  0.020  0.012
mystery  prob11.pddl  307  0.000  0.003
movie  prob25.pddl  291  0.000  0.003
caldera-opt18-adl  p01.pddl  631  0.010  0.010
tpp  p12.pddl  359  0.000  0.005
parcprinter-opt11-strips  p18.pddl  278  0.010  0.013
sokoban-opt08-strips  p21.pddl  1200  0.010  0.007
freecell  probfreecell-4-4.pddl  623  0.010  0.007
organic-synthesis-split-opt18-strips  p01.pddl  1801  0.060  0.060
woodworking-opt11-strips  p12.pddl  338  0.010  0.010
woodworking-opt11-strips  p06.pddl  295  0.000  0.010
transport-opt08-strips  p28.pddl  621  0.010  0.006
miconic  s9-1.pddl  261  0.000  0.004
barman-opt11-strips  pfile03-012.pddl  232  0.010  0.006
psr-small  p03-s7-n1-l3-f70.pddl  7  0.000  0.005
sokoban-opt11-strips  p07.pddl  980  0.010  0.007
miconic  s11-2.pddl  363  0.010  0.004
parking-opt11-strips  pfile04-015.pddl  389  0.000  0.003
elevators-opt08-strips  p05.pddl  248  0.010  0.004
driverlog  p13.pddl  918  0.010  0.006
logistics00  probLOGISTICS-9-1.pddl  300  0.000  0.003
parking-opt11-strips  pfile05-017.pddl  492  0.000  0.004
barman-opt11-strips  pfile01-003.pddl  154  0.010  0.006
miconic  s12-0.pddl  420  0.000  0.005
hiking-opt14-strips  ptesting-2-4-6.pddl  119  0.010  0.004
miconic  s4-3.pddl  76  0.000  0.002
parcprinter-08-strips  p03.pddl  159  0.010  0.009
sokoban-opt11-strips  p20.pddl  836  0.000  0.006
psr-small  p12-s21-n2-l3-f30.pddl  11  0.000  0.006
woodworking-opt11-strips  p02.pddl  232  0.010  0.008
miconic  s7-3.pddl  175  0.000  0.003
transport-opt11-strips  p07.pddl  283  0.010  0.003
transport-opt08-strips  p20.pddl  1025  0.010  0.008
miconic  s1-1.pddl  13  0.000  0.002
rovers  p33.pddl  5867  0.040  0.041
rovers  p05.pddl  168  0.000  0.004
elevators-opt11-strips  p18.pddl  433  0.010  0.005
pathways-noneg  p28.pddl  2361  0.020  0.021
pipesworld-tankage  p27-net3-b18-g6-t70.pddl  858  0.000  0.009
openstacks-opt11-strips  p18.pddl  402  0.020  0.014
parking-opt11-strips  pfile08-030.pddl  873  0.010  0.005
parcprinter-opt11-strips  p16.pddl  460  0.010  0.011
elevators-opt08-strips  p23.pddl  391  0.000  0.005
childsnack-opt14-strips  child-snack_pfile02-2.pddl  171  0.000  0.003
openstacks-opt08-strips  p10.pddl  209  0.010  0.007
mprime  prob27.pddl  942  0.010  0.005
movie  prob01.pddl  51  0.000  0.002
logistics00  probLOGISTICS-5-2.pddl  153  0.000  0.003
freecell  probfreecell-5-2.pddl  739  0.000  0.007
satellite  p18-pfile18.pddl  425  0.010  0.004
parking-opt14-strips  p_14_8-04.pddl  389  0.010  0.003
floortile-opt14-strips  p02-5-5-2.pddl  323  0.010  0.004
pegsol-opt11-strips  p17.pddl  243  0.010  0.004
airport  p47-airport5MUC-p8.pddl  20166  0.720  0.712
settlers-opt18-adl  p20.pddl  870  0.030  0.030
nurikabe-opt18-adl  p14.pddl  849  0.010  0.007
transport-opt11-strips  p03.pddl  142  0.000  0.003
transport-opt14-strips  p05.pddl  413  0.010  0.005
miconic  s27-4.pddl  1755  0.010  0.015
logistics00  probLOGISTICS-14-0.pddl  793  0.000  0.005
woodworking-opt08-strips  p10.pddl  539  0.010  0.010
miconic  s11-1.pddl  363  0.010  0.004
rovers  p19.pddl  1298  0.010  0.012
miconic  s10-1.pddl  310  0.000  0.004
mprime  prob28.pddl  541  0.010  0.004
zenotravel  p18.pddl  1356  0.010  0.006
openstacks-opt14-strips  p35_1.pddl  408  0.020  0.015
woodworking-opt08-strips  p22.pddl  206  0.010  0.008
storage  p18.pddl  561  0.010  0.005
airport  p37-airport5MUC-p3.pddl  8711  0.590  0.595
miconic  s16-4.pddl  688  0.010  0.007
freecell  probfreecell-5-4.pddl  835  0.010  0.007
sokoban-opt11-strips  p15.pddl  1119  0.010  0.007
airport  p14-airport3-p3.pddl  618  0.050  0.057
mprime  prob18.pddl  1684  0.010  0.007
freecell  probfreecell-10-4.pddl  2375  0.010  0.012
transport-opt11-strips  p20.pddl  445  0.000  0.005
caldera-opt18-adl  p19.pddl  1977  0.010  0.013
childsnack-opt14-strips  child-snack_pfile04-2.pddl  227  0.000  0.003
rovers  p38.pddl  9233  0.060  0.055
airport  p48-airport5MUC-p9.pddl  22457  0.760  0.760
pathways-noneg  p01.pddl  179  0.010  0.003
pipesworld-tankage  p16-net2-b14-g6-t80.pddl  567  0.020  0.008
miconic  s23-0.pddl  1311  0.010  0.012
woodworking-opt08-strips  p07.pddl  386  0.010  0.010
scanalyzer-08-strips  p21.pddl  497  0.000  0.005
sokoban-opt08-strips  p22.pddl  1070  0.010  0.008
logistics00  probLOGISTICS-6-0.pddl  153  0.000  0.003
woodworking-opt08-strips  p29.pddl  482  0.010  0.010
openstacks-opt11-strips  p20.pddl  434  0.020  0.025
nurikabe-opt18-adl  p03.pddl  156  0.010  0.003
pegsol-opt11-strips  p14.pddl  243  0.000  0.004
logistics98  prob32.pddl  267  0.010  0.004
psr-small  p09-s13-n1-l5-f30.pddl  8  0.010  0.006
pathways-noneg  p30.pddl  2445  0.020  0.021
rovers  p28.pddl  3321  0.030  0.027
transport-opt08-strips  p03.pddl  175  0.010  0.003
airport  p07-airport2-p2.pddl  430  0.050  0.047
floortile-opt14-strips  p03-6-4-2.pddl  301  0.010  0.004
sokoban-opt08-strips  p27.pddl  1158  0.010  0.007
nurikabe-opt18-adl  p06.pddl  257  0.000  0.004
miconic  s12-4.pddl  420  0.000  0.005
pegsol-opt11-strips  p15.pddl  243  0.000  0.004
pegsol-08-strips  p07.pddl  243  0.000  0.004
satellite  p06-pfile6.pddl  156  0.000  0.002
rovers  p12.pddl  412  0.000  0.006
freecell  p13.pddl  2363  0.010  0.012
satellite  p27-HC-pfile7.pddl  1368  0.010  0.007
airport  p01-airport1-p1.pddl  137  0.010  0.016
logistics98  prob14.pddl  9171  0.030  0.026
organic-synthesis-opt18-strips  p06.pddl  2690  0.070  0.071
transport-opt11-strips  p15.pddl  383  0.000  0.005
parking-opt14-strips  p_16_9-04.pddl  492  0.000  0.004
hiking-opt14-strips  ptesting-2-2-6.pddl  103  0.000  0.003
logistics98  prob17.pddl  5183  0.010  0.015
settlers-opt18-adl  p04.pddl  680  0.030  0.030
elevators-opt11-strips  p01.pddl  336  0.000  0.005
elevators-opt08-strips  p04.pddl  267  0.010  0.004
freecell  p08.pddl  1499  0.010  0.009
scanalyzer-opt11-strips  p20.pddl  223  0.010  0.003
organic-synthesis-split-opt18-strips  p02.pddl  2905  0.060  0.060
miconic  s20-3.pddl  1020  0.010  0.009
miconic  s7-4.pddl  175  0.000  0.003
pipesworld-tankage  p13-net2-b12-g3-t70.pddl  450  0.010  0.007
satellite  p31-HC-pfile11.pddl  3715  0.010  0.015
organic-synthesis-opt18-strips  p04.pddl  1853  0.060  0.068
parcprinter-08-strips  p07.pddl  307  0.010  0.010
woodworking-opt11-strips  p18.pddl  427  0.010  0.010
blocks  probBLOCKS-5-1.pddl  45  0.000  0.002
barman-opt11-strips  pfile04-014.pddl  303  0.000  0.006
logistics98  prob13.pddl  11354  0.030  0.031
pipesworld-tankage  p01-net1-b6-g2-t50.pddl  222  0.000  0.007
driverlog  p08.pddl  485  0.010  0.004
scanalyzer-opt11-strips  p16.pddl  247  0.000  0.004
blocks  probBLOCKS-5-0.pddl  39  0.000  0.002
caldera-opt18-adl  p14.pddl  2264  0.020  0.014
logistics98  prob23.pddl  3835  0.010  0.012
elevators-opt08-strips  p22.pddl  414  0.000  0.005
barman-opt11-strips  pfile04-013.pddl  303  0.010  0.006
miconic  s27-0.pddl  1755  0.010  0.015
pipesworld-notankage  p17-net2-b16-g5.pddl  467  0.010  0.006
pathways-noneg  p12.pddl  1333  0.020  0.011
pegsol-08-strips  p20.pddl  243  0.000  0.004
logistics00  probLOGISTICS-8-0.pddl  300  0.000  0.003
mprime  prob05.pddl  1336  0.010  0.006
visitall-opt11-strips  problem10-half.pddl  760  0.010  0.006
tpp  p20.pddl  1344  0.010  0.008
pipesworld-tankage  p48-net5-b28-g7-t50.pddl  1739  0.010  0.011
depot  p08.pddl  1261  0.000  0.006
parking-opt14-strips  p_20_11-03.pddl  734  0.000  0.005
woodworking-opt08-strips  p14.pddl  275  0.010  0.009
caldera-split-opt18-adl  p04.pddl  901  0.020  0.016
parcprinter-08-strips  p26.pddl  240  0.010  0.009
caldera-opt18-adl  p04.pddl  603  0.010  0.010
pegsol-08-strips  p17.pddl  243  0.000  0.004
woodworking-opt08-strips  p20.pddl  551  0.010  0.010
miconic  s27-1.pddl  1755  0.010  0.015
barman-opt11-strips  pfile02-008.pddl  191  0.000  0.006
logistics98  prob04.pddl  3310  0.010  0.011
caldera-split-opt18-adl  p15.pddl  2957  0.020  0.021
pipesworld-notankage  p50-net5-b30-g8.pddl  1516  0.000  0.008
barman-opt11-strips  pfile02-007.pddl  191  0.000  0.005
openstacks-opt08-strips  p02.pddl  83  0.010  0.004
storage  p28.pddl  1921  0.010  0.009
scanalyzer-opt11-strips  p03.pddl  77  0.010  0.003
childsnack-opt14-strips  child-snack_pfile09.pddl  342  0.000  0.004
rovers  p24.pddl  2861  0.020  0.020
pipesworld-tankage  p26-net3-b16-g7-t70.pddl  764  0.010  0.008
parcprinter-08-strips  p08.pddl  354  0.010  0.010
parking-opt14-strips  p_12_7-01.pddl  298  0.010  0.003
rovers  p21.pddl  2049  0.020  0.017
psr-small  p17-s30-n2-l5-f50.pddl  18  0.000  0.007
miconic  s29-2.pddl  2001  0.020  0.018
pipesworld-tankage  p23-net3-b14-g3-t60.pddl  618  0.010  0.008
zenotravel  p07.pddl  196  0.000  0.003
psr-small  p21-s35-n3-l2-f70.pddl  21  0.010  0.013
floortile-opt14-strips  p03-5-3-2.pddl  195  0.010  0.004
freecell  probfreecell-12-3.pddl  3215  0.010  0.015
movie  prob04.pddl  81  0.000  0.002
logistics98  prob02.pddl  869  0.010  0.005
logistics98  prob11.pddl  1728  0.000  0.007
tpp  p23.pddl  1659  0.010  0.009
sokoban-opt08-strips  p25.pddl  936  0.010  0.007
miconic  s5-2.pddl  105  0.000  0.002
blocks  probBLOCKS-12-1.pddl  193  0.000  0.002
parking-opt14-strips  p_18_10-02.pddl  607  0.010  0.005
scanalyzer-opt11-strips  p14.pddl  111  0.010  0.003
scanalyzer-opt11-strips  p05.pddl  201  0.000  0.004
caldera-opt18-adl  p02.pddl  679  0.010  0.010
openstacks-opt08-strips  p30.pddl  504  0.010  0.016
nomystery-opt11-strips  p11.pddl  523  0.010  0.006
driverlog  p07.pddl  426  0.000  0.004
parcprinter-opt11-strips  p12.pddl  204  0.020  0.013
parcprinter-opt11-strips  p13.pddl  307  0.000  0.009
mystery  prob17.pddl  1677  0.010  0.007
airport  p21-airport4halfMUC-p2.pddl  4250  0.390  0.389
logistics98  prob30.pddl  36530  0.110  0.111
caldera-split-opt18-adl  p01.pddl  1760  0.020  0.017
psr-small  p04-s8-n1-l4-f10.pddl  9  0.010  0.009
tpp  p11.pddl  316  0.010  0.003
pipesworld-tankage  p40-net4-b22-g8-t50.pddl  1126  0.010  0.009
openstacks-opt11-strips  p06.pddl  223  0.000  0.008
tpp  p25.pddl  2185  0.010  0.011
pegsol-08-strips  p16.pddl  243  0.010  0.004
organic-synthesis-split-opt18-strips  p18.pddl  15487  0.360  0.356
logistics00  probLOGISTICS-4-2.pddl  153  0.000  0.002
nomystery-opt11-strips  p15.pddl  9470  0.080  0.079
visitall-opt14-strips  p-05-6.pddl  264  0.010  0.003
blocks  probBLOCKS-11-2.pddl  166  0.000  0.002
mprime  prob06.pddl  1987  0.000  0.008
parcprinter-08-strips  p17.pddl  321  0.010  0.013
movie  prob21.pddl  251  0.000  0.003
floortile-opt11-strips  opt-p01-001.pddl  133  0.000  0.003
elevators-opt08-strips  p12.pddl  376  0.000  0.005
mprime  prob10.pddl  4080  0.020  0.013
transport-opt14-strips  p19.pddl  1245  0.010  0.010
pipesworld-tankage  p32-net4-b14-g5-t30.pddl  593  0.010  0.007
openstacks-opt11-strips  p02.pddl  164  0.000  0.006
movie  prob13.pddl  171  0.010  0.002
sokoban-opt11-strips  p17.pddl  856  0.000  0.006
miconic  s9-4.pddl  261  0.000  0.003
psr-small  p29-s45-n3-l5-f30.pddl  26  0.020  0.026
scanalyzer-08-strips  p10.pddl  277  0.000  0.004
freecell  p06.pddl  1203  0.010  0.008
elevators-opt08-strips  p14.pddl  395  0.010  0.005
satellite  p04-pfile4.pddl  107  0.000  0.002
psr-small  p33-s51-n4-l2-f70.pddl  22  0.020  0.019
transport-opt08-strips  p18.pddl  857  0.000  0.007
rovers  p20.pddl  1886  0.020  0.015
satellite  p16-pfile16.pddl  648  0.000  0.005
airport  p41-airport5MUC-p4.pddl  11002  0.630  0.625
mystery  prob04.pddl  293  0.010  0.003
freecell  p05.pddl  939  0.010  0.008
woodworking-opt11-strips  p07.pddl  275  0.010  0.009
mystery  prob13.pddl  4497  0.010  0.014
freecell  probfreecell-6-3.pddl  1079  0.010  0.008
parking-opt11-strips  pfile05-019.pddl  492  0.000  0.004
openstacks-opt08-strips  p12.pddl  237  0.010  0.008
hiking-opt14-strips  ptesting-2-2-7.pddl  116  0.000  0.003
pegsol-opt11-strips  p12.pddl  243  0.000  0.004
freecell  probfreecell-4-3.pddl  543  0.010  0.007
scanalyzer-08-strips  p07.pddl  201  0.000  0.003
mystery  prob14.pddl  4494  0.010  0.014
grid  prob04.pddl  1377  0.010  0.008
mystery  prob29.pddl  494  0.000  0.004
pipesworld-tankage  p05-net1-b10-g4-t50.pddl  346  0.010  0.007
blocks  probBLOCKS-13-1.pddl  222  0.010  0.002
miconic  s19-4.pddl  931  0.010  0.009
pathways-noneg  p27.pddl  2745  0.020  0.022
airport  p03-airport1-p2.pddl  200  0.020  0.017
parcprinter-08-strips  p04.pddl  190  0.010  0.009
rovers  p40.pddl  9992  0.060  0.059
woodworking-opt08-strips  p21.pddl  158  0.010  0.008
mprime  prob32.pddl  954  0.010  0.005
elevators-opt08-strips  p26.pddl  454  0.000  0.005
zenotravel  p19.pddl  1830  0.000  0.007
pipesworld-tankage  p44-net5-b24-g5-t80.pddl  1559  0.010  0.011
floortile-opt11-strips  opt-p06-011.pddl  301  0.000  0.004
depot  p13.pddl  1852  0.000  0.007
pegsol-08-strips  p10.pddl  243  0.000  0.004
woodworking-opt08-strips  p18.pddl  427  0.000  0.009
rovers  p14.pddl  503  0.000  0.006
parcprinter-opt11-strips  p03.pddl  146  0.010  0.012
pipesworld-tankage  p39-net4-b22-g7-t50.pddl  1126  0.010  0.009
depot  p09.pddl  2237  0.010  0.009
zenotravel  p06.pddl  168  0.000  0.003
pegsol-opt11-strips  p11.pddl  243  0.010  0.004
transport-opt08-strips  p05.pddl  343  0.000  0.004
parking-opt14-strips  p_12_7-02.pddl  298  0.000  0.003
nurikabe-opt18-adl  p17.pddl  1288  0.010  0.009
sokoban-opt11-strips  p04.pddl  688  0.010  0.006
miconic  s16-2.pddl  688  0.000  0.007
pegsol-08-strips  p21.pddl  243  0.010  0.004
airport  p28-airport4halfMUC-p7.pddl  11830  0.470  0.466
pegsol-08-strips  p15.pddl  243  0.010  0.004
airport  p38-airport5MUC-p3.pddl  5987  0.580  0.575
parcprinter-08-strips  p29.pddl  427  0.010  0.010
sokoban-opt11-strips  p08.pddl  934  0.010  0.007
pipesworld-tankage  p36-net4-b18-g6-t90.pddl  1021  0.010  0.010
psr-small  p26-s41-n3-l4-f30.pddl  19  0.010  0.010
parking-opt11-strips  pfile06-022.pddl  607  0.010  0.005
miconic  s4-0.pddl  76  0.000  0.002
visitall-opt11-strips  problem06-full.pddl  264  0.000  0.003
sokoban-opt08-strips  p12.pddl  950  0.010  0.007
airport  p06-airport2-p2.pddl  582  0.050  0.046
pipesworld-notankage  p41-net5-b22-g2.pddl  956  0.010  0.007
openstacks-opt08-strips  p19.pddl  341  0.010  0.011
rovers  p31.pddl  4937  0.030  0.034
visitall-opt11-strips  problem09-full.pddl  612  0.010  0.006
floortile-opt14-strips  p02-5-4-2.pddl  259  0.010  0.004
caldera-opt18-adl  p09.pddl  1409  0.020  0.012
woodworking-opt11-strips  p05.pddl  261  0.000  0.009
openstacks-opt08-strips  p22.pddl  394  0.010  0.013
woodworking-opt08-strips  p04.pddl  295  0.010  0.009
pathways-noneg  p16.pddl  2068  0.020  0.016
organic-synthesis-opt18-strips  p03.pddl  1719  0.070  0.068
storage  p26.pddl  1619  0.010  0.009
parcprinter-08-strips  p10.pddl  460  0.010  0.010
freecell  p01.pddl  259  0.010  0.006
freecell  probfreecell-10-3.pddl  2375  0.010  0.012
openstacks-opt14-strips  p40_2.pddl  468  0.010  0.017
nomystery-opt11-strips  p05.pddl  17174  0.150  0.150
mprime  prob29.pddl  1066  0.010  0.006
transport-opt11-strips  p14.pddl  390  0.010  0.005
pathways-noneg  p03.pddl  324  0.000  0.004
visitall-opt11-strips  problem11-full.pddl  924  0.000  0.008
transport-opt08-strips  p30.pddl  857  0.010  0.007
freecell  probfreecell-9-3.pddl  2003  0.010  0.011
miconic  s8-3.pddl  216  0.000  0.003
satellite  p21-HC-pfile1.pddl  542  0.000  0.005
miconic  s29-1.pddl  2001  0.010  0.016
transport-opt14-strips  p01.pddl  115  0.000  0.003
airport  p29-airport4halfMUC-p8.pddl  13354  0.490  0.490
floortile-opt14-strips  p01-5-4-2.pddl  259  0.000  0.004
pegsol-opt11-strips  p06.pddl  243  0.010  0.008
zenotravel  p04.pddl  159  0.000  0.003
parcprinter-08-strips  p28.pddl  330  0.000  0.010
miconic  s25-1.pddl  1525  0.020  0.013
transport-opt08-strips  p01.pddl  67  0.010  0.002
caldera-split-opt18-adl  p12.pddl  2684  0.020  0.022
miconic  s1-3.pddl  13  0.000  0.002
pathways-noneg  p20.pddl  1795  0.020  0.015
driverlog  p17.pddl  2839  0.010  0.012
logistics98  prob19.pddl  7776  0.020  0.022
childsnack-opt14-strips  child-snack_pfile04.pddl  227  0.000  0.003
freecell  p15.pddl  2771  0.020  0.013
visitall-opt11-strips  problem02-full.pddl  24  0.000  0.001
transport-opt11-strips  p10.pddl  325  0.000  0.004
sokoban-opt08-strips  p16.pddl  1170  0.010  0.008
organic-synthesis-opt18-strips  p15.pddl  8725  0.080  0.085
visitall-opt11-strips  problem04-full.pddl  112  0.000  0.002
organic-synthesis-split-opt18-strips  p07.pddl  4253  0.320  0.332
pipesworld-tankage  p45-net5-b26-g4-t50.pddl  1570  0.010  0.011
satellite  p24-HC-pfile4.pddl  1028  0.000  0.006
mystery  prob30.pddl  652  0.010  0.005
logistics00  probLOGISTICS-10-1.pddl  495  0.010  0.004
storage  p12.pddl  236  0.000  0.003
rovers  p02.pddl  109  0.000  0.004
storage  p05.pddl  104  0.000  0.003
freecell  probfreecell-11-3.pddl  2779  0.020  0.013
floortile-opt11-strips  opt-p05-009.pddl  259  0.000  0.004
psr-small  p25-s40-n3-l4-f10.pddl  20  3.050  3.062
mprime  prob33.pddl  5847  0.010  0.017
pipesworld-tankage  p18-net2-b16-g7-t60.pddl  617  0.000  0.008
miconic  s1-4.pddl  13  0.000  0.002
pipesworld-tankage  p20-net2-b18-g8-t90.pddl  825  0.010  0.008
freecell  probfreecell-7-4.pddl  1227  0.000  0.009
openstacks-opt08-strips  p24.pddl  415  0.020  0.013
transport-opt08-strips  p19.pddl  975  0.000  0.008
freecell  probfreecell-11-1.pddl  2779  0.020  0.012
childsnack-opt14-strips  child-snack_pfile02.pddl  171  0.000  0.003
nurikabe-opt18-adl  p10.pddl  500  0.000  0.006
pegsol-opt11-strips  p10.pddl  243  0.000  0.004
pipesworld-tankage  p06-net1-b10-g6-t50.pddl  346  0.020  0.007
storage  p25.pddl  1407  0.010  0.008
settlers-opt18-adl  p05.pddl  727  0.030  0.030
pegsol-08-strips  p02.pddl  243  0.000  0.004
driverlog  p03.pddl  230  0.010  0.003
openstacks-opt14-strips  p40_3.pddl  598  0.020  0.020
zenotravel  p15.pddl  864  0.000  0.005
gripper  prob19.pddl  252  0.010  0.003
airport  p36-airport5MUC-p2.pddl  6420  0.590  0.581
rovers  p10.pddl  386  0.000  0.006
satellite  p36-HC-pfile16.pddl  3711  0.010  0.015
scanalyzer-08-strips  p29.pddl  217  0.010  0.003
blocks  probBLOCKS-15-1.pddl  275  0.000  0.002
logistics00  probLOGISTICS-12-0.pddl  495  0.010  0.004
transport-opt08-strips  p29.pddl  720  0.010  0.006
blocks  probBLOCKS-6-1.pddl  61  0.000  0.002
movie  prob09.pddl  131  0.010  0.002
miconic  s18-1.pddl  846  0.000  0.008
settlers-opt18-adl  p08.pddl  776  0.030  0.031
visitall-opt11-strips  problem06-half.pddl  264  0.000  0.003
airport  p11-airport3-p1.pddl  326  0.060  0.052
pathways-noneg  p13.pddl  1154  0.010  0.010
sokoban-opt08-strips  p28.pddl  1408  0.010  0.009
miconic  s2-4.pddl  30  0.000  0.002
woodworking-opt08-strips  p11.pddl  166  0.010  0.008
airport  p10-airport3-p1.pddl  410  0.050  0.051
openstacks-opt08-strips  p07.pddl  164  0.010  0.007
airport  p17-airport3-p5.pddl  1321  0.070  0.063
settlers-opt18-adl  p19.pddl  869  0.030  0.033
pipesworld-tankage  p49-net5-b30-g6-t50.pddl  1916  0.010  0.012
openstacks-opt14-strips  p50_3.pddl  775  0.030  0.025
transport-opt11-strips  p11.pddl  351  0.000  0.004
grid  prob03.pddl  1015  0.010  0.007
driverlog  p14.pddl  780  0.010  0.005
miconic  s20-0.pddl  1020  0.010  0.009
floortile-opt11-strips  opt-p02-004.pddl  164  0.000  0.003
miconic  s25-2.pddl  1525  0.010  0.013
pipesworld-notankage  p49-net5-b30-g6.pddl  1516  0.010  0.009
transport-opt11-strips  p05.pddl  224  0.010  0.003
parcprinter-opt11-strips  p09.pddl  173  0.010  0.012
nurikabe-opt18-adl  p19.pddl  1548  0.010  0.011
parking-opt11-strips  pfile07-025.pddl  734  0.000  0.005
pipesworld-notankage  p02-net1-b6-g4.pddl  147  0.000  0.004
settlers-opt18-adl  p14.pddl  738  0.020  0.030
miconic  s15-0.pddl  615  0.010  0.006
nomystery-opt11-strips  p09.pddl  33435  0.320  0.319
freecell  probfreecell-7-1.pddl  1355  0.010  0.009
woodworking-opt08-strips  p26.pddl  357  0.010  0.009
childsnack-opt14-strips  child-snack_pfile05-2.pddl  248  0.000  0.004
pipesworld-notankage  p03-net1-b8-g3.pddl  195  0.010  0.005
nomystery-opt11-strips  p03.pddl  2182  0.020  0.019
depot  p01.pddl  381  0.000  0.004
floortile-opt14-strips  p01-6-4-2.pddl  301  0.010  0.004
freecell  probfreecell-2-2.pddl  247  0.010  0.006
sokoban-opt08-strips  p19.pddl  856  0.000  0.006
storage  p17.pddl  472  0.000  0.005
depot  p04.pddl  897  0.000  0.005
transport-opt14-strips  p20.pddl  1245  0.000  0.009
visitall-opt14-strips  p-05-9.pddl  612  0.000  0.006
logistics98  prob27.pddl  29439  0.090  0.091
visitall-opt14-strips  p-1-12.pddl  1104  0.010  0.009
satellite  p07-pfile7.pddl  205  0.000  0.003
miconic  s13-4.pddl  481  0.010  0.005
caldera-opt18-adl  p08.pddl  957  0.020  0.010
airport  p20-airport3-p7.pddl  1775  0.070  0.069
parcprinter-opt11-strips  p05.pddl  135  0.010  0.008
pegsol-08-strips  p30.pddl  243  0.000  0.004
miconic  s7-1.pddl  175  0.000  0.003
pipesworld-tankage  p37-net4-b20-g5-t60.pddl  1007  0.010  0.009
parcprinter-08-strips  p06.pddl  264  0.010  0.009
mystery  prob09.pddl  598  0.000  0.005
organic-synthesis-opt18-strips  p09.pddl  2952  0.020  0.024
storage  p29.pddl  2086  0.010  0.010
miconic  s23-4.pddl  1311  0.010  0.011
openstacks-opt14-strips  p50_2.pddl  644  0.020  0.021
pegsol-opt11-strips  p08.pddl  243  0.000  0.004
movie  prob14.pddl  181  0.000  0.002
depot  p07.pddl  919  0.000  0.005
mprime  prob13.pddl  7974  0.020  0.023
parking-opt14-strips  p_16_9-02.pddl  492  0.000  0.004
scanalyzer-08-strips  p24.pddl  39  0.010  0.003
pipesworld-tankage  p29-net3-b20-g6-t70.pddl  1005  0.010  0.010
tpp  p09.pddl  344  0.010  0.005
blocks  probBLOCKS-14-1.pddl  192  0.000  0.003
psr-small  p06-s10-n1-l4-f50.pddl  9  0.010  0.004
storage  p04.pddl  92  0.000  0.003
movie  prob17.pddl  211  0.000  0.003
mprime  prob02.pddl  1147  0.010  0.006
transport-opt14-strips  p15.pddl  628  0.010  0.007
airport  p42-airport5MUC-p5.pddl  8773  0.640  0.642
woodworking-opt11-strips  p17.pddl  445  0.010  0.010
rovers  p01.pddl  106  0.000  0.004
organic-synthesis-split-opt18-strips  p16.pddl  11874  0.360  0.362
storage  p27.pddl  1772  0.010  0.009
logistics00  probLOGISTICS-11-0.pddl  495  0.010  0.004
pipesworld-tankage  p38-net4-b20-g7-t60.pddl  1007  0.010  0.009
openstacks-opt11-strips  p14.pddl  328  0.010  0.011
floortile-opt14-strips  p02-4-4-2.pddl  217  0.010  0.004
miconic  s30-2.pddl  2130  0.020  0.020
pipesworld-tankage  p33-net4-b16-g5-t60.pddl  743  0.010  0.008
woodworking-opt08-strips  p06.pddl  368  0.010  0.009
hiking-opt14-strips  ptesting-2-3-4.pddl  83  0.010  0.003
parcprinter-opt11-strips  p10.pddl  216  0.010  0.009
pipesworld-notankage  p27-net3-b18-g6.pddl  618  0.010  0.006
woodworking-opt11-strips  p19.pddl  481  0.010  0.010
psr-small  p31-s49-n4-l2-f30.pddl  25  0.150  0.159
scanalyzer-08-strips  p02.pddl  79  0.000  0.003
depot  p10.pddl  1424  0.010  0.007
ged-opt14-strips  d-2-1.pddl  59  0.010  0.007
visitall-opt14-strips  p-1-7.pddl  364  0.010  0.003
freecell  probfreecell-12-1.pddl  3215  0.010  0.014
nurikabe-opt18-adl  p05.pddl  238  0.010  0.004
caldera-split-opt18-adl  p07.pddl  1246  0.020  0.016
airport  p23-airport4halfMUC-p4.pddl  7286  0.430  0.434
psr-small  p36-s65-n6-l2-f30.pddl  31  0.080  0.075
miconic  s15-4.pddl  615  0.010  0.007
hiking-opt14-strips  ptesting-1-2-4.pddl  50  0.000  0.003
transport-opt14-strips  p12.pddl  791  0.010  0.007
caldera-opt18-adl  p05.pddl  1767  0.010  0.013
ged-opt14-strips  d-1-3.pddl  152  0.010  0.008
pipesworld-tankage  p42-net5-b22-g4-t50.pddl  1281  0.010  0.010
depot  p18.pddl  3566  0.010  0.012
freecell  probfreecell-2-1.pddl  295  0.010  0.006
nurikabe-opt18-adl  p11.pddl  664  0.010  0.006
freecell  probfreecell-10-1.pddl  2375  0.010  0.011
miconic  s24-1.pddl  1416  0.020  0.012
movie  prob29.pddl  331  0.010  0.003
childsnack-opt14-strips  child-snack_pfile06.pddl  275  0.010  0.003
airport  p45-airport5MUC-p6.pddl  10172  0.680  0.679
psr-small  p47-s98-n5-l2-f50.pddl  25  0.010  0.015
depot  p19.pddl  2434  0.010  0.009
pathways-noneg  p25.pddl  2332  0.020  0.019
miconic  s6-0.pddl  138  0.010  0.002
floortile-opt14-strips  p02-6-5-2.pddl  376  0.010  0.005
openstacks-opt08-strips  p28.pddl  443  0.010  0.015
freecell  p17.pddl  3211  0.010  0.014
hiking-opt14-strips  ptesting-2-4-3.pddl  74  0.000  0.003
movie  prob24.pddl  281  0.000  0.003
pegsol-opt11-strips  p02.pddl  243  0.010  0.004
hiking-opt14-strips  ptesting-1-2-5.pddl  59  0.000  0.003
pipesworld-notankage  p21-net3-b12-g2.pddl  360  0.010  0.005
hiking-opt14-strips  ptesting-2-2-5.pddl  90  0.000  0.003
childsnack-opt14-strips  child-snack_pfile06-2.pddl  275  0.000  0.003
elevators-opt08-strips  p11.pddl  336  0.000  0.005
woodworking-opt11-strips  p20.pddl  482  0.010  0.009
satellite  p13-pfile13.pddl  457  0.010  0.004
miconic  s29-3.pddl  2001  0.020  0.016
freecell  probfreecell-12-2.pddl  3215  0.010  0.014
organic-synthesis-split-opt18-strips  p10.pddl  3718  0.070  0.063
miconic  s20-1.pddl  1020  0.010  0.009
sokoban-opt08-strips  p15.pddl  1274  0.000  0.008
ged-opt14-strips  d-3-1.pddl  152  0.010  0.008
movie  prob22.pddl  261  0.010  0.003
barman-opt11-strips  pfile01-002.pddl  154  0.010  0.006
parking-opt11-strips  pfile07-027.pddl  734  0.000  0.005
visitall-opt14-strips  p-1-10.pddl  760  0.010  0.008
ged-opt14-strips  d-8-2.pddl  281  0.000  0.009
caldera-split-opt18-adl  p18.pddl  3007  0.010  0.021
openstacks-opt14-strips  p40_1.pddl  504  0.020  0.017
miconic  s2-0.pddl  30  0.000  0.002
scanalyzer-opt11-strips  p13.pddl  110  0.000  0.003
logistics00  probLOGISTICS-13-1.pddl  793  0.010  0.005
storage  p23.pddl  1149  0.010  0.007
airport  p44-airport5MUC-p5.pddl  8773  0.650  0.648
logistics98  prob18.pddl  9480  0.020  0.027
barman-opt11-strips  pfile04-015.pddl  303  0.000  0.006
zenotravel  p13.pddl  396  0.000  0.004
miconic  s13-1.pddl  481  0.010  0.005
parcprinter-08-strips  p05.pddl  225  0.010  0.009
sokoban-opt08-strips  p02.pddl  419  0.010  0.005
elevators-opt08-strips  p10.pddl  312  0.000  0.004
rovers  p18.pddl  1252  0.010  0.012
blocks  probBLOCKS-8-1.pddl  97  0.000  0.002
gripper  prob20.pddl  264  0.000  0.003
elevators-opt08-strips  p06.pddl  282  0.000  0.004
logistics00  probLOGISTICS-7-1.pddl  300  0.010  0.003
psr-small  p38-s78-n3-l3-f50.pddl  20  0.010  0.012
settlers-opt18-adl  p15.pddl  786  0.030  0.033
logistics98  prob16.pddl  7836  0.020  0.022
pathways-noneg  p02.pddl  239  0.000  0.003
blocks  probBLOCKS-7-0.pddl  66  0.000  0.002
pegsol-08-strips  p24.pddl  243  0.010  0.004
scanalyzer-08-strips  p12.pddl  242  0.000  0.003
ged-opt14-strips  d-8-1.pddl  191  0.010  0.008
miconic  s1-2.pddl  13  0.000  0.002
mystery  prob06.pddl  1150  0.000  0.006
tpp  p22.pddl  1542  0.000  0.009
gripper  prob17.pddl  228  0.000  0.003
visitall-opt11-strips  problem07-half.pddl  364  0.000  0.003
pipesworld-notankage  p11-net2-b10-g2.pddl  251  0.000  0.005
hiking-opt14-strips  ptesting-2-4-5.pddl  104  0.000  0.004
openstacks-opt11-strips  p19.pddl  415  0.010  0.013
miconic  s26-2.pddl  1638  0.010  0.014
blocks  probBLOCKS-13-0.pddl  222  0.000  0.002
freecell  p16.pddl  2771  0.010  0.013
floortile-opt11-strips  opt-p04-007.pddl  217  0.000  0.004
floortile-opt14-strips  p01-4-3-2.pddl  164  0.010  0.003
elevators-opt11-strips  p19.pddl  391  0.010  0.005
zenotravel  p01.pddl  71  0.000  0.002
transport-opt14-strips  p13.pddl  251  0.000  0.003
pipesworld-notankage  p38-net4-b20-g7.pddl  767  0.000  0.007
pipesworld-notankage  p42-net5-b22-g4.pddl  956  0.010  0.007
rovers  p11.pddl  398  0.010  0.006
pathways-noneg  p29.pddl  2065  0.020  0.019
pathways-noneg  p19.pddl  2305  0.020  0.018
sokoban-opt08-strips  p18.pddl  1119  0.010  0.008
tpp  p19.pddl  1261  0.010  0.008
elevators-opt08-strips  p20.pddl  452  0.010  0.005
movie  prob05.pddl  91  0.000  0.002
nomystery-opt11-strips  p14.pddl  3051  0.020  0.027
openstacks-opt08-strips  p21.pddl  368  0.010  0.012
woodworking-opt08-strips  p02.pddl  193  0.010  0.018
rovers  p16.pddl  592  0.010  0.008
floortile-opt11-strips  opt-p06-012.pddl  301  0.000  0.004
psr-small  p39-s79-n3-l3-f70.pddl  19  0.010  0.013
freecell  probfreecell-8-3.pddl  1663  0.010  0.010
pathways-noneg  p18.pddl  1630  0.010  0.014
pegsol-08-strips  p27.pddl  243  0.010  0.004
nurikabe-opt18-adl  p18.pddl  1273  0.010  0.010
visitall-opt11-strips  problem03-half.pddl  60  0.000  0.001
childsnack-opt14-strips  child-snack_pfile01.pddl  146  0.000  0.003
visitall-opt14-strips  p-05-5.pddl  180  0.000  0.002
gripper  prob12.pddl  168  0.000  0.002
parking-opt11-strips  pfile06-024.pddl  607  0.000  0.004
pathways-noneg  p10.pddl  1014  0.010  0.010
rovers  p13.pddl  466  0.010  0.007
nomystery-opt11-strips  p04.pddl  5481  0.050  0.045
parking-opt11-strips  pfile05-020.pddl  492  0.000  0.004
visitall-opt11-strips  problem05-full.pddl  180  0.010  0.002
logistics98  prob15.pddl  1988  0.010  0.008
pipesworld-tankage  p08-net1-b12-g7-t80.pddl  450  0.010  0.007
airport  p12-airport3-p2.pddl  470  0.050  0.055
nomystery-opt11-strips  p08.pddl  26580  0.260  0.259
parcprinter-opt11-strips  p19.pddl  321  0.010  0.013
miconic  s22-0.pddl  1210  0.010  0.010
ged-opt14-strips  d-1-8.pddl  191  0.010  0.008
pegsol-08-strips  p05.pddl  243  0.000  0.004
transport-opt14-strips  p16.pddl  815  0.000  0.007
storage  p03.pddl  77  0.000  0.003
sokoban-opt08-strips  p10.pddl  980  0.000  0.007
zenotravel  p03.pddl  134  0.000  0.003
openstacks-opt14-strips  p45_3.pddl  699  0.020  0.023
transport-opt08-strips  p21.pddl  71  0.010  0.003
parking-opt14-strips  p_20_11-02.pddl  734  0.010  0.005
pegsol-08-strips  p11.pddl  243  0.000  0.004
woodworking-opt11-strips  p10.pddl  338  0.010  0.009
woodworking-opt08-strips  p08.pddl  481  0.010  0.010
caldera-split-opt18-adl  p11.pddl  1704  0.020  0.017
pipesworld-notankage  p16-net2-b14-g6.pddl  387  0.010  0.005
mystery  prob07.pddl  1144  0.010  0.006
gripper  prob04.pddl  72  0.000  0.002
sokoban-opt08-strips  p09.pddl  934  0.000  0.007
parking-opt14-strips  p_18_10-03.pddl  607  0.000  0.005
sokoban-opt08-strips  p23.pddl  836  0.010  0.006
miconic  s7-0.pddl  175  0.000  0.003
miconic  s22-3.pddl  1210  0.010  0.011
openstacks-opt14-strips  p20_3.pddl  259  0.010  0.010
logistics98  prob12.pddl  12756  0.050  0.036
pipesworld-notankage  p29-net3-b20-g6.pddl  720  0.000  0.007
pipesworld-notankage  p28-net3-b18-g7.pddl  618  0.020  0.011
transport-opt11-strips  p17.pddl  343  0.000  0.005
sokoban-opt11-strips  p18.pddl  1200  0.000  0.007
psr-small  p34-s55-n4-l3-f70.pddl  31  0.020  0.014
gripper  prob05.pddl  84  0.000  0.002
psr-small  p05-s9-n1-l4-f30.pddl  10  0.000  0.006
miconic  s30-3.pddl  2130  0.020  0.018
miconic  s17-0.pddl  765  0.010  0.007
pegsol-08-strips  p22.pddl  243  0.000  0.004
freecell  probfreecell-12-4.pddl  3215  0.010  0.014
floortile-opt14-strips  p01-4-4-2.pddl  217  0.010  0.004
logistics00  probLOGISTICS-15-0.pddl  793  0.010  0.005
sokoban-opt08-strips  p20.pddl  3434  0.020  0.021
pipesworld-notankage  p18-net2-b16-g7.pddl  467  0.000  0.006
driverlog  p19.pddl  5020  0.010  0.016
logistics00  probLOGISTICS-14-1.pddl  793  0.000  0.006
satellite  p30-HC-pfile10.pddl  3046  0.010  0.012
parking-opt11-strips  pfile03-011.pddl  298  0.010  0.003
rovers  p34.pddl  6295  0.040  0.042
mprime  prob15.pddl  2799  0.010  0.010
miconic  s9-3.pddl  261  0.000  0.003
psr-small  p15-s24-n2-l4-f10.pddl  15  0.150  0.145
settlers-opt18-adl  p06.pddl  691  0.030  0.030
satellite  p01-pfile1.pddl  58  0.010  0.002
movie  prob27.pddl  311  0.000  0.003
pipesworld-tankage  p30-net3-b20-g8-t70.pddl  1020  0.010  0.009
rovers  p36.pddl  7892  0.050  0.049
gripper  prob16.pddl  216  0.010  0.003
transport-opt11-strips  p04.pddl  219  0.000  0.003
airport  p22-airport4halfMUC-p3.pddl  5766  0.410  0.412
visitall-opt14-strips  p-1-13.pddl  1300  0.010  0.010
scanalyzer-opt11-strips  p12.pddl  122  0.010  0.003
logistics98  prob20.pddl  12185  0.030  0.035
storage  p06.pddl  116  0.000  0.003
elevators-opt11-strips  p05.pddl  354  0.000  0.004
transport-opt11-strips  p08.pddl  294  0.010  0.004
miconic  s3-3.pddl  51  0.000  0.002
psr-small  p49-s105-n6-l2-f30.pddl  35  0.030  0.036
parcprinter-08-strips  p19.pddl  465  0.010  0.014
floortile-opt11-strips  opt-p09-017.pddl  517  0.000  0.006
hiking-opt14-strips  ptesting-2-2-4.pddl  77  0.010  0.004
freecell  probfreecell-3-3.pddl  443  0.000  0.006
hiking-opt14-strips  ptesting-2-3-6.pddl  111  0.010  0.004
logistics98  prob26.pddl  33840  0.110  0.101
hiking-opt14-strips  ptesting-1-2-7.pddl  77  0.010  0.003
miconic  s17-3.pddl  765  0.010  0.007
visitall-opt11-strips  problem04-half.pddl  112  0.000  0.002
caldera-opt18-adl  p20.pddl  1839  0.010  0.012
miconic  s11-3.pddl  363  0.000  0.004
pipesworld-notankage  p48-net5-b28-g7.pddl  1364  0.010  0.008
pegsol-08-strips  p25.pddl  243  0.010  0.004
depot  p17.pddl  2366  0.010  0.009
zenotravel  p02.pddl  90  0.000  0.002
childsnack-opt14-strips  child-snack_pfile01-2.pddl  146  0.000  0.003
storage  p02.pddl  57  0.000  0.002
mprime  prob35.pddl  390  0.010  0.004
blocks  probBLOCKS-12-0.pddl  186  0.000  0.002
sokoban-opt08-strips  p04.pddl  688  0.010  0.006
psr-small  p10-s17-n2-l2-f30.pddl  16  0.020  0.014
openstacks-opt08-strips  p18.pddl  328  0.010  0.011
elevators-opt11-strips  p17.pddl  390  0.000  0.005
logistics98  prob25.pddl  25914  0.100  0.092
barman-opt14-strips  p638-1.pddl  302  0.010  0.006
parking-opt14-strips  p_16_9-03.pddl  492  0.000  0.004
pipesworld-notankage  p43-net5-b24-g3.pddl  1084  0.010  0.008
freecell  p19.pddl  3459  0.010  0.015
settlers-opt18-adl  p12.pddl  697  0.030  0.031
scanalyzer-08-strips  p20.pddl  505  0.010  0.005
satellite  p03-pfile3.pddl  100  0.010  0.002
blocks  probBLOCKS-6-0.pddl  59  0.000  0.002
elevators-opt11-strips  p06.pddl  267  0.010  0.004
parking-opt11-strips  pfile08-029.pddl  873  0.010  0.005
organic-synthesis-opt18-strips  p19.pddl  6066  0.080  0.080
scanalyzer-opt11-strips  p19.pddl  505  0.010  0.005
blocks  probBLOCKS-7-1.pddl  64  0.000  0.002
floortile-opt11-strips  opt-p08-015.pddl  415  0.000  0.005
storage  p01.pddl  39  0.000  0.002
sokoban-opt08-strips  p01.pddl  626  0.000  0.006
floortile-opt11-strips  opt-p08-016.pddl  415  0.000  0.005
pegsol-opt11-strips  p05.pddl  243  0.010  0.004
mprime  prob31.pddl  1255  0.010  0.006
transport-opt08-strips  p26.pddl  441  0.000  0.005
logistics00  probLOGISTICS-6-2.pddl  153  0.000  0.003
miconic  s10-4.pddl  310  0.010  0.004
scanalyzer-opt11-strips  p08.pddl  277  0.000  0.004
ged-opt14-strips  d-4-3.pddl  191  0.010  0.008
caldera-split-opt18-adl  p13.pddl  2805  0.020  0.020
pipesworld-tankage  p46-net5-b26-g6-t50.pddl  1570  0.010  0.011
satellite  p09-pfile9.pddl  297  0.000  0.004
psr-small  p07-s11-n1-l4-f70.pddl  11  0.010  0.005
woodworking-opt08-strips  p28.pddl  445  0.010  0.009
mystery  prob18.pddl  1012  0.000  0.006
logistics00  probLOGISTICS-4-1.pddl  153  0.000  0.003
storage  p08.pddl  157  0.000  0.003
miconic  s3-2.pddl  51  0.000  0.002
elevators-opt11-strips  p13.pddl  262  0.000  0.004
mystery  prob28.pddl  237  0.000  0.003
pipesworld-tankage  p31-net4-b14-g3-t20.pddl  523  0.010  0.007
pipesworld-notankage  p46-net5-b26-g6.pddl  1220  0.010  0.008
caldera-opt18-adl  p13.pddl  1414  0.020  0.013
pipesworld-notankage  p04-net1-b8-g5.pddl  195  0.000  0.004
elevators-opt11-strips  p09.pddl  414  0.010  0.005
scanalyzer-opt11-strips  p01.pddl  39  0.000  0.002
freecell  probfreecell-4-5.pddl  623  0.010  0.007
childsnack-opt14-strips  child-snack_pfile08.pddl  315  0.000  0.004
psr-small  p44-s89-n4-l2-f30.pddl  17  0.010  0.013
tpp  p10.pddl  377  0.010  0.005
mystery  prob20.pddl  931  0.010  0.005
sokoban-opt11-strips  p11.pddl  885  0.010  0.007
visitall-opt11-strips  problem08-full.pddl  480  0.010  0.004
pathways-noneg  p24.pddl  2165  0.020  0.017
miconic  s9-0.pddl  261  0.000  0.003
blocks  probBLOCKS-10-2.pddl  124  0.000  0.002
transport-opt14-strips  p11.pddl  759  0.010  0.007
ged-opt14-strips  d-1-2.pddl  59  0.010  0.008
mprime  prob07.pddl  1272  0.010  0.006
scanalyzer-opt11-strips  p10.pddl  465  0.000  0.005
caldera-opt18-adl  p11.pddl  1581  0.010  0.012
visitall-opt14-strips  p-05-10.pddl  760  0.010  0.006
miconic  s13-2.pddl  481  0.000  0.005
miconic  s21-4.pddl  1113  0.010  0.010
miconic  s13-3.pddl  481  0.000  0.005
psr-small  p11-s18-n2-l2-f50.pddl  14  0.000  0.007
transport-opt08-strips  p06.pddl  445  0.000  0.005
pipesworld-tankage  p19-net2-b18-g6-t60.pddl  705  0.010  0.008
miconic  s28-1.pddl  1876  0.020  0.015
pipesworld-notankage  p25-net3-b16-g5.pddl  524  0.000  0.006
movie  prob15.pddl  191  0.000  0.002
tpp  p17.pddl  1095  0.010  0.007
tpp  p30.pddl  3755  0.010  0.016
mystery  prob12.pddl  260  0.010  0.003
nomystery-opt11-strips  p12.pddl  3398  0.030  0.028
parking-opt11-strips  pfile07-026.pddl  734  0.000  0.005
hiking-opt14-strips  ptesting-2-2-3.pddl  64  0.000  0.003
nurikabe-opt18-adl  p04.pddl  164  0.000  0.003
woodworking-opt08-strips  p24.pddl  261  0.000  0.009
blocks  probBLOCKS-16-2.pddl  277  0.000  0.002
organic-synthesis-split-opt18-strips  p19.pddl  7432  0.370  0.365
logistics98  prob07.pddl  1476  0.010  0.006
depot  p06.pddl  1588  0.000  0.007
driverlog  p05.pddl  320  0.020  0.003
psr-small  p14-s23-n2-l3-f70.pddl  16  0.010  0.007
freecell  probfreecell-8-1.pddl  1519  0.010  0.009
organic-synthesis-opt18-strips  p17.pddl  14289  0.100  0.099
pathways-noneg  p11.pddl  948  0.010  0.010
zenotravel  p11.pddl  282  0.000  0.003
freecell  probfreecell-11-5.pddl  2779  0.020  0.013
scanalyzer-08-strips  p13.pddl  365  0.010  0.005
visitall-opt14-strips  p-1-11.pddl  924  0.010  0.009
barman-opt11-strips  pfile03-009.pddl  232  0.010  0.006
sokoban-opt11-strips  p05.pddl  1170  0.010  0.008
floortile-opt14-strips  p01-5-3-2.pddl  195  0.010  0.004
parking-opt11-strips  pfile06-023.pddl  607  0.010  0.004
miconic  s17-2.pddl  765  0.010  0.007
pegsol-opt11-strips  p19.pddl  243  0.000  0.004
pipesworld-notankage  p47-net5-b28-g5.pddl  1364  0.010  0.009
miconic  s23-3.pddl  1311  0.010  0.011
pegsol-08-strips  p23.pddl  243  0.000  0.004
freecell  probfreecell-13-2.pddl  3683  0.020  0.015
pipesworld-notankage  p09-net1-b14-g6.pddl  387  0.000  0.005
woodworking-opt08-strips  p25.pddl  343  0.010  0.009
blocks  probBLOCKS-14-0.pddl  253  0.000  0.002
elevators-opt11-strips  p15.pddl  276  0.010  0.004
rovers  p37.pddl  8793  0.050  0.051
storage  p09.pddl  173  0.000  0.003
freecell  probfreecell-6-4.pddl  1079  0.010  0.008
zenotravel  p09.pddl  270  0.000  0.003
freecell  probfreecell-13-3.pddl  3683  0.020  0.015
openstacks-opt08-strips  p05.pddl  135  0.010  0.005
mprime  prob11.pddl  577  0.010  0.004
logistics98  prob09.pddl  5159  0.010  0.015
barman-opt14-strips  p839-1.pddl  378  0.000  0.006
tpp  p21.pddl  1425  0.010  0.009
pipesworld-tankage  p35-net4-b18-g4-t90.pddl  1021  0.010  0.009
sokoban-opt08-strips  p03.pddl  354  0.010  0.004
psr-small  p50-s107-n6-l2-f70.pddl  50  0.030  0.025
pipesworld-tankage  p04-net1-b8-g5-t80.pddl  300  0.010  0.007
miconic  s19-0.pddl  931  0.010  0.008
pipesworld-notankage  p32-net4-b14-g5.pddl  473  0.010  0.006
pipesworld-notankage  p31-net4-b14-g3.pddl  473  0.010  0.006
floortile-opt11-strips  opt-p09-018.pddl  517  0.010  0.006
sokoban-opt08-strips  p17.pddl  1176  0.020  0.008
elevators-opt08-strips  p13.pddl  354  0.000  0.005
tpp  p06.pddl  177  0.000  0.003
visitall-opt14-strips  p-1-14.pddl  1512  0.020  0.012
pipesworld-notankage  p24-net3-b14-g5.pddl  438  0.010  0.006
freecell  probfreecell-8-4.pddl  1663  0.010  0.010
miconic  s25-4.pddl  1525  0.010  0.013
openstacks-opt08-strips  p26.pddl  444  0.020  0.014
movie  prob20.pddl  241  0.000  0.003
openstacks-opt08-strips  p09.pddl  180  0.010  0.007
pegsol-08-strips  p01.pddl  243  0.010  0.004
scanalyzer-opt11-strips  p17.pddl  323  0.000  0.004
pipesworld-notankage  p45-net5-b26-g4.pddl  1220  0.010  0.007
barman-opt11-strips  pfile02-005.pddl  191  0.010  0.006
freecell  probfreecell-9-5.pddl  2003  0.010  0.011
miconic  s7-2.pddl  175  0.000  0.003
transport-opt08-strips  p14.pddl  300  0.010  0.003
mprime  prob26.pddl  686  0.010  0.005
movie  prob28.pddl  321  0.000  0.003
organic-synthesis-opt18-strips  p05.pddl  2524  0.070  0.071
ged-opt14-strips  d-4-2.pddl  82  0.010  0.008
rovers  p35.pddl  6913  0.050  0.048
barman-opt14-strips  p435-1.pddl  190  0.010  0.005
parcprinter-08-strips  p02.pddl  132  0.010  0.009
pipesworld-tankage  p17-net2-b16-g5-t20.pddl  547  0.020  0.007
miconic  s27-2.pddl  1755  0.010  0.015
movie  prob10.pddl  141  0.000  0.002
pegsol-opt11-strips  p03.pddl  243  0.010  0.004
satellite  p22-HC-pfile2.pddl  630  0.000  0.005
sokoban-opt08-strips  p14.pddl  686  0.000  0.006
pipesworld-notankage  p08-net1-b12-g7.pddl  315  0.000  0.005
satellite  p11-pfile11.pddl  337  0.010  0.003
transport-opt08-strips  p15.pddl  409  0.010  0.005
scanalyzer-08-strips  p17.pddl  409  0.000  0.005
rovers  p07.pddl  237  0.000  0.005
rovers  p29.pddl  3714  0.020  0.024
organic-synthesis-split-opt18-strips  p05.pddl  3394  0.320  0.330
pipesworld-notankage  p37-net4-b20-g5.pddl  767  0.010  0.006
ged-opt14-strips  d-8-4.pddl  281  0.000  0.008
freecell  probfreecell-4-2.pddl  623  0.010  0.007
storage  p20.pddl  757  0.000  0.006
miconic  s3-1.pddl  51  0.000  0.002
pipesworld-tankage  p21-net3-b12-g2-t60.pddl  500  0.010  0.007
tpp  p05.pddl  115  0.010  0.003
barman-opt14-strips  p536-2.pddl  231  0.000  0.005
miconic  s30-4.pddl  2130  0.020  0.018
miconic  s10-3.pddl  310  0.010  0.004
freecell  probfreecell-9-2.pddl  2003  0.010  0.010
depot  p15.pddl  3634  0.010  0.013
openstacks-opt14-strips  p20_2.pddl  236  0.010  0.009
pegsol-opt11-strips  p04.pddl  243  0.000  0.004
tpp  p01.pddl  29  0.010  0.002
nurikabe-opt18-adl  p12.pddl  688  0.000  0.006
caldera-opt18-adl  p06.pddl  1674  0.010  0.013
mprime  prob20.pddl  1768  0.010  0.008
transport-opt14-strips  p07.pddl  179  0.000  0.003
miconic  s30-0.pddl  2130  0.020  0.018
organic-synthesis-split-opt18-strips  p15.pddl  10370  0.370  0.359
caldera-opt18-adl  p16.pddl  1599  0.020  0.013
tpp  p08.pddl  225  0.000  0.003
pegsol-opt11-strips  p07.pddl  243  0.010  0.004
miconic  s29-0.pddl  2001  0.010  0.017
storage  p24.pddl  1270  0.010  0.007
sokoban-opt08-strips  p13.pddl  885  0.000  0.007
nurikabe-opt18-adl  p09.pddl  500  0.000  0.005
blocks  probBLOCKS-4-0.pddl  33  0.010  0.002
mprime  prob14.pddl  8211  0.030  0.023
organic-synthesis-split-opt18-strips  p08.pddl  4972  0.360  0.353
airport  p16-airport3-p4.pddl  1090  0.070  0.061
openstacks-opt08-strips  p25.pddl  434  0.010  0.014
freecell  probfreecell-2-4.pddl  247  0.000  0.006
miconic  s14-0.pddl  546  0.010  0.006
storage  p10.pddl  196  0.010  0.003
transport-opt14-strips  p09.pddl  440  0.010  0.005
organic-synthesis-split-opt18-strips  p04.pddl  2599  0.320  0.324
childsnack-opt14-strips  child-snack_pfile10.pddl  363  0.010  0.004
miconic  s15-2.pddl  615  0.010  0.006
satellite  p26-HC-pfile6.pddl  1232  0.000  0.007
pipesworld-tankage  p09-net1-b14-g6-t50.pddl  507  0.000  0.007
freecell  probfreecell-10-5.pddl  2199  0.010  0.011
logistics98  prob33.pddl  452  0.010  0.004
storage  p15.pddl  314  0.010  0.004
storage  p16.pddl  393  0.010  0.005
gripper  prob18.pddl  240  0.000  0.003
visitall-opt11-strips  problem07-full.pddl  364  0.000  0.003
tpp  p14.pddl  574  0.000  0.005
nomystery-opt11-strips  p01.pddl  878  0.010  0.008
settlers-opt18-adl  p10.pddl  795  0.030  0.030
mprime  prob19.pddl  2028  0.010  0.008
sokoban-opt11-strips  p06.pddl  1407  0.010  0.009
woodworking-opt08-strips  p19.pddl  456  0.010  0.009
visitall-opt11-strips  problem10-full.pddl  760  0.000  0.007
settlers-opt18-adl  p16.pddl  753  0.030  0.031
logistics98  prob34.pddl  918  0.010  0.005
logistics00  probLOGISTICS-6-9.pddl  153  0.010  0.003
rovers  p06.pddl  198  0.000  0.005
storage  p11.pddl  216  0.000  0.003
pathways-noneg  p15.pddl  1247  0.010  0.011
organic-synthesis-opt18-strips  p14.pddl  5507  0.030  0.031
pipesworld-notankage  p19-net2-b18-g6.pddl  555  0.010  0.006
airport  p08-airport2-p3.pddl  566  0.040  0.048
freecell  probfreecell-11-4.pddl  2779  0.010  0.013
miconic  s2-3.pddl  30  0.010  0.002
openstacks-opt08-strips  p15.pddl  280  0.010  0.010
freecell  p09.pddl  1643  0.010  0.010
parking-opt14-strips  p_14_8-03.pddl  389  0.010  0.003
miconic  s4-1.pddl  76  0.000  0.002
pegsol-08-strips  p03.pddl  243  0.000  0.004
woodworking-opt11-strips  p11.pddl  357  0.010  0.009
openstacks-opt08-strips  p08.pddl  168  0.000  0.007
driverlog  p01.pddl  144  0.000  0.003
logistics98  prob29.pddl  21252  0.060  0.058
scanalyzer-opt11-strips  p15.pddl  181  0.000  0.004
miconic  s3-4.pddl  51  0.000  0.002
caldera-opt18-adl  p10.pddl  1047  0.010  0.011
caldera-split-opt18-adl  p08.pddl  1267  0.010  0.016
transport-opt08-strips  p09.pddl  724  0.000  0.006
pathways-noneg  p26.pddl  2309  0.030  0.020
elevators-opt11-strips  p10.pddl  395  0.010  0.005
openstacks-opt08-strips  p04.pddl  118  0.000  0.004
driverlog  p12.pddl  765  0.000  0.006
transport-opt08-strips  p02.pddl  112  0.010  0.002
transport-opt08-strips  p13.pddl  219  0.000  0.003
miconic  s12-3.pddl  420  0.000  0.004
freecell  probfreecell-13-5.pddl  3459  0.020  0.015
visitall-opt11-strips  problem05-half.pddl  180  0.000  0.002
nurikabe-opt18-adl  p13.pddl  837  0.000  0.007
freecell  probfreecell-3-2.pddl  379  0.010  0.006
