airport p27-airport4halfMUC-p6.pddl 2764 0.480 0.482
transport-opt08-strips p23.pddl 99 0.000 0.002
satellite p35-HC-pfile15.pddl 787 0.010 0.008
scanalyzer-opt11-strips p18.pddl 153 0.010 0.004
satellite p23-HC-pfile3.pddl 328 0.000 0.004
blocks probBLOCKS-10-0.pddl 33 0.000 0.002
hiking-opt14-strips ptesting-1-2-8.pddl 43 0.000 0.003
rovers p03.pddl 86 0.000 0.004
tpp p29.pddl 647 0.010 0.006
visitall-opt14-strips p-05-7.pddl 268 0.000 0.003
freecell p20.pddl 435 0.000 0.007
transport-opt11-strips p16.pddl 208 0.000 0.004
satellite p19-pfile19.pddl 298 0.010 0.004
freecell p18.pddl 404 0.000 0.007
openstacks-opt11-strips p03.pddl 132 0.010 0.007
psr-small p32-s50-n4-l2-f50.pddl 30 0.020 0.015
transport-opt11-strips p06.pddl 141 0.010 0.003
parcprinter-08-strips p21.pddl 71 0.010 0.009
tpp p13.pddl 187 0.000 0.003
pipesworld-notankage p23-net3-b14-g3.pddl 113 0.000 0.005
elevators-opt11-strips p12.pddl 158 0.000 0.004
mystery prob16.pddl 177 0.000 0.003
logistics98 prob35.pddl 212 0.000 0.003
woodworking-opt08-strips p13.pddl 148 0.010 0.008
airport p04-airport2-p1.pddl 176 0.050 0.044
miconic s25-3.pddl 1501 0.010 0.012
pipesworld-notankage p34-net4-b16-g6.pddl 127 0.000 0.005
freecell probfreecell-12-5.pddl 407 0.010 0.007
miconic s14-1.pddl 533 0.000 0.005
transport-opt14-strips p17.pddl 570 0.010 0.007
hiking-opt14-strips ptesting-2-3-7.pddl 57 0.010 0.003
psr-small p19-s33-n3-l2-f30.pddl 14 0.020 0.026
childsnack-opt14-strips child-snack_pfile08-2.pddl 208 0.000 0.004
ged-opt14-strips d-7-6.pddl 32 0.000 0.007
tpp p27.pddl 525 0.010 0.006
miconic s24-0.pddl 1393 0.010 0.010
barman-opt11-strips pfile03-010.pddl 102 0.010 0.005
barman-opt14-strips p739-3.pddl 129 0.010 0.005
airport p09-airport2-p4.pddl 314 0.050 0.049
miconic s13-0.pddl 469 0.010 0.005
zenotravel p12.pddl 92 0.000 0.002
woodworking-opt11-strips p14.pddl 195 0.010 0.008
transport-opt08-strips p10.pddl 410 0.000 0.006
elevators-opt11-strips p02.pddl 228 0.000 0.004
airport p13-airport3-p2.pddl 242 0.050 0.054
gripper prob06.pddl 71 0.000 0.002
miconic s19-2.pddl 913 0.000 0.007
woodworking-opt08-strips p16.pddl 196 0.010 0.009
freecell p12.pddl 309 0.000 0.006
elevators-opt08-strips p29.pddl 240 0.010 0.004
miconic s28-2.pddl 1849 0.010 0.013
mystery prob03.pddl 154 0.000 0.002
psr-small p37-s67-n6-l2-f70.pddl 27 0.020 0.015
parking-opt14-strips p_20_11-01.pddl 104 0.010 0.003
sokoban-opt11-strips p03.pddl 358 0.000 0.005
floortile-opt14-strips p02-5-3-2.pddl 121 0.000 0.003
parking-opt14-strips p_16_9-01.pddl 85 0.000 0.002
childsnack-opt14-strips child-snack_pfile09-2.pddl 224 0.000 0.004
scanalyzer-08-strips p23.pddl 23 0.000 0.002
pathways-noneg p17.pddl 1753 0.010 0.014
transport-opt08-strips p22.pddl 73 0.000 0.002
organic-synthesis-opt18-strips p12.pddl 331 0.010 0.017
scanalyzer-08-strips p09.pddl 77 0.000 0.003
transport-opt08-strips p12.pddl 93 0.000 0.002
scanalyzer-08-strips p26.pddl 47 0.000 0.003
logistics98 prob05.pddl 172 0.000 0.003
childsnack-opt14-strips child-snack_pfile07-2.pddl 193 0.000 0.004
elevators-opt08-strips p17.pddl 228 0.000 0.004
driverlog p18.pddl 551 0.010 0.006
openstacks-opt11-strips p17.pddl 259 0.010 0.012
freecell probfreecell-9-1.pddl 323 0.010 0.006
freecell probfreecell-2-5.pddl 125 0.000 0.005
transport-opt14-strips p08.pddl 205 0.000 0.004
logistics00 probLOGISTICS-8-1.pddl 88 0.000 0.002
pegsol-08-strips p19.pddl 177 0.000 0.003
psr-small p16-s29-n2-l5-f30.pddl 17 0.020 0.018
miconic s10-0.pddl 301 0.000 0.004
psr-small p45-s94-n4-l3-f50.pddl 22 0.020 0.012
blocks probBLOCKS-4-2.pddl 16 0.000 0.002
miconic s8-0.pddl 209 0.000 0.003
gripper prob11.pddl 111 0.000 0.002
floortile-opt14-strips p03-5-5-2.pddl 201 0.000 0.005
openstacks-opt14-strips p35_3.pddl 418 0.030 0.018
tpp p24.pddl 398 0.010 0.005
scanalyzer-08-strips p11.pddl 103 0.000 0.003
pipesworld-tankage p22-net3-b12-g4-t60.pddl 217 0.010 0.006
scanalyzer-opt11-strips p09.pddl 169 0.000 0.004
miconic s22-1.pddl 1189 0.010 0.009
zenotravel p16.pddl 154 0.000 0.003
transport-opt08-strips p11.pddl 53 0.000 0.002
rovers p04.pddl 91 0.010 0.004
scanalyzer-08-strips p05.pddl 61 0.000 0.003
woodworking-opt08-strips p03.pddl 151 0.010 0.008
pipesworld-tankage p43-net5-b24-g3-t80.pddl 547 0.000 0.008
openstacks-opt14-strips p45_2.pddl 446 0.020 0.020
barman-opt11-strips pfile04-016.pddl 119 0.010 0.005
airport p46-airport5MUC-p6.pddl 4159 0.780 0.785
tpp p15.pddl 219 0.010 0.003
miconic s11-4.pddl 353 0.000 0.004
sokoban-opt08-strips p07.pddl 651 0.010 0.006
parcprinter-08-strips p27.pddl 143 0.010 0.009
pathways-noneg p04.pddl 314 0.000 0.004
miconic s4-4.pddl 73 0.000 0.002
elevators-opt11-strips p14.pddl 161 0.000 0.004
miconic s3-0.pddl 49 0.000 0.002
scanalyzer-08-strips p06.pddl 58 0.000 0.003
gripper prob03.pddl 47 0.000 0.002
openstacks-opt08-strips p13.pddl 183 0.010 0.009
mystery prob23.pddl 261 0.010 0.004
miconic s21-1.pddl 1093 0.010 0.009
organic-synthesis-opt18-strips p08.pddl 258 0.060 0.063
openstacks-opt11-strips p15.pddl 249 0.010 0.011
pegsol-08-strips p09.pddl 177 0.000 0.003
pathways-noneg p07.pddl 728 0.010 0.007
zenotravel p17.pddl 180 0.010 0.003
parking-opt11-strips pfile03-012.pddl 64 0.000 0.002
satellite p20-pfile20.pddl 329 0.010 0.004
miconic s28-4.pddl 1849 0.010 0.013
satellite p29-HC-pfile9.pddl 595 0.010 0.006
barman-opt14-strips p435-3.pddl 90 0.000 0.005
floortile-opt11-strips opt-p07-013.pddl 201 0.010 0.004
satellite p34-HC-pfile14.pddl 703 0.010 0.007
sokoban-opt11-strips p13.pddl 410 0.010 0.005
transport-opt11-strips p19.pddl 167 0.000 0.003
openstacks-opt11-strips p16.pddl 268 0.010 0.012
floortile-opt14-strips p01-6-5-2.pddl 234 0.000 0.004
psr-small p28-s43-n3-l4-f70.pddl 18 0.010 0.009
parking-opt14-strips p_20_11-04.pddl 104 0.000 0.002
pipesworld-notankage p06-net1-b10-g6.pddl 89 0.000 0.004
rovers p23.pddl 1405 0.010 0.012
rovers p27.pddl 1383 0.010 0.012
miconic s4-2.pddl 73 0.000 0.002
ged-opt14-strips d-2-4.pddl 22 0.010 0.007
openstacks-opt11-strips p11.pddl 204 0.010 0.010
rovers p09.pddl 204 0.000 0.005
movie prob11.pddl 226 0.010 0.002
barman-opt14-strips p739-2.pddl 129 0.010 0.005
elevators-opt11-strips p11.pddl 252 0.010 0.004
visitall-opt11-strips problem02-half.pddl 18 0.000 0.001
parcprinter-08-strips p16.pddl 169 0.020 0.013
sokoban-opt08-strips p11.pddl 667 0.000 0.006
pipesworld-tankage p34-net4-b16-g6-t60.pddl 287 0.010 0.007
pipesworld-notankage p20-net2-b18-g8.pddl 121 0.000 0.005
pegsol-08-strips p14.pddl 177 0.000 0.003
miconic s20-4.pddl 1001 0.010 0.008
visitall-opt14-strips p-1-17.pddl 1668 0.020 0.013
airport p50-airport5MUC-p15.pddl 8326 1.060 1.073
miconic s14-4.pddl 533 0.010 0.005
organic-synthesis-split-opt18-strips p13.pddl 362 0.330 0.327
gripper prob14.pddl 135 0.000 0.002
airport p30-airport4halfMUC-p8.pddl 3380 0.520 0.523
barman-opt11-strips pfile05-018.pddl 130 0.000 0.005
barman-opt14-strips p638-2.pddl 118 0.010 0.005
mprime prob23.pddl 261 0.000 0.004
barman-opt11-strips pfile05-017.pddl 130 0.000 0.006
zenotravel p20.pddl 218 0.000 0.004
sokoban-opt08-strips p26.pddl 467 0.010 0.005
gripper prob02.pddl 39 0.000 0.002
elevators-opt08-strips p07.pddl 148 0.000 0.004
scanalyzer-08-strips p25.pddl 49 0.000 0.003
woodworking-opt11-strips p08.pddl 192 0.010 0.008
parcprinter-opt11-strips p11.pddl 131 0.010 0.009
pipesworld-tankage p28-net3-b18-g7-t70.pddl 321 0.000 0.007
satellite p14-pfile14.pddl 207 0.000 0.003
openstacks-opt14-strips p30_2.pddl 291 0.010 0.013
woodworking-opt11-strips p04.pddl 151 0.010 0.008
logistics98 prob28.pddl 1960 0.010 0.011
miconic s8-1.pddl 209 0.010 0.003
pegsol-08-strips p26.pddl 177 0.000 0.003
logistics00 probLOGISTICS-9-0.pddl 88 0.010 0.002
parcprinter-08-strips p20.pddl 220 0.010 0.013
hiking-opt14-strips ptesting-2-4-7.pddl 60 0.010 0.003
parking-opt11-strips pfile07-028.pddl 105 0.000 0.003
openstacks-opt08-strips p01.pddl 56 0.000 0.003
blocks probBLOCKS-8-0.pddl 29 0.000 0.002
miconic s23-2.pddl 1289 0.010 0.010
mprime prob34.pddl 195 0.010 0.003
blocks probBLOCKS-7-2.pddl 24 0.000 0.002
pegsol-08-strips p08.pddl 177 0.000 0.003
logistics98 prob01.pddl 128 0.010 0.003
driverlog p15.pddl 329 0.010 0.004
floortile-opt11-strips opt-p10-020.pddl 284 0.010 0.005
depot p03.pddl 86 0.000 0.003
pegsol-08-strips p04.pddl 177 0.000 0.003
elevators-opt08-strips p21.pddl 228 0.000 0.004
floortile-opt11-strips opt-p07-014.pddl 201 0.010 0.004
scanalyzer-08-strips p03.pddl 41 0.010 0.003
grid prob05.pddl 711 0.010 0.006
pipesworld-notankage p07-net1-b12-g5.pddl 97 0.000 0.005
woodworking-opt08-strips p15.pddl 191 0.010 0.008
miconic s22-2.pddl 1189 0.010 0.009
ged-opt14-strips d-3-2.pddl 27 0.010 0.007
miconic s26-3.pddl 1613 0.010 0.012
transport-opt11-strips p01.pddl 99 0.010 0.002
rovers p26.pddl 1147 0.010 0.011
logistics00 probLOGISTICS-15-1.pddl 148 0.000 0.003
rovers p15.pddl 308 0.000 0.005
hiking-opt14-strips ptesting-2-3-5.pddl 51 0.000 0.003
airport p40-airport5MUC-p4.pddl 3233 0.710 0.710
organic-synthesis-opt18-strips p02.pddl 259 0.010 0.017
elevators-opt08-strips p18.pddl 241 0.000 0.004
transport-opt14-strips p14.pddl 297 0.000 0.005
freecell probfreecell-9-4.pddl 323 0.010 0.007
movie prob23.pddl 406 0.000 0.003
pipesworld-tankage p02-net1-b6-g4-t50.pddl 133 0.000 0.006
movie prob03.pddl 106 0.010 0.002
miconic s25-0.pddl 1501 0.010 0.011
airport p33-airport4halfMUC-p10.pddl 3996 0.560 0.561
scanalyzer-opt11-strips p06.pddl 61 0.010 0.003
mystery prob08.pddl 213 0.000 0.003
movie prob02.pddl 91 0.000 0.002
movie prob18.pddl 331 0.010 0.003
driverlog p16.pddl 412 0.000 0.005
gripper prob07.pddl 79 0.000 0.002
openstacks-opt08-strips p03.pddl 75 0.010 0.005
miconic s15-1.pddl 601 0.000 0.006
satellite p25-HC-pfile5.pddl 396 0.010 0.005
openstacks-opt14-strips p30_1.pddl 286 0.010 0.013
miconic s22-4.pddl 1189 0.010 0.009
organic-synthesis-split-opt18-strips p03.pddl 172 0.310 0.308
openstacks-opt14-strips p50_1.pddl 480 0.020 0.021
freecell probfreecell-7-2.pddl 267 0.010 0.006
tpp p28.pddl 550 0.000 0.006
elevators-opt08-strips p16.pddl 238 0.000 0.004
mystery prob19.pddl 232 0.000 0.003
elevators-opt08-strips p30.pddl 255 0.000 0.004
openstacks-opt08-strips p16.pddl 218 0.010 0.010
psr-small p30-s46-n3-l5-f50.pddl 25 0.020 0.016
gripper prob09.pddl 95 0.000 0.002
satellite p32-HC-pfile12.pddl 910 0.000 0.008
transport-opt08-strips p25.pddl 167 0.000 0.003
sokoban-opt11-strips p09.pddl 651 0.010 0.006
openstacks-opt11-strips p01.pddl 109 0.010 0.006
blocks probBLOCKS-10-1.pddl 33 0.000 0.002
satellite p10-pfile10.pddl 169 0.010 0.003
ged-opt14-strips d-1-4.pddl 17 0.000 0.007
satellite p12-pfile12.pddl 186 0.000 0.003
depot p16.pddl 152 0.000 0.003
nomystery-opt11-strips p20.pddl 9064 0.060 0.062
barman-opt14-strips p435-2.pddl 90 0.000 0.005
floortile-opt14-strips p03-4-4-2.pddl 135 0.000 0.003
blocks probBLOCKS-9-0.pddl 30 0.000 0.002
parcprinter-08-strips p09.pddl 191 0.010 0.009
freecell probfreecell-3-5.pddl 154 0.010 0.005
freecell probfreecell-5-1.pddl 211 0.000 0.006
openstacks-opt08-strips p23.pddl 294 0.010 0.013
rovers p39.pddl 4641 0.030 0.034
sokoban-opt08-strips p24.pddl 476 0.000 0.005
scanalyzer-08-strips p27.pddl 46 0.000 0.003
pegsol-opt11-strips p20.pddl 177 0.000 0.003
psr-small p42-s82-n3-l4-f50.pddl 18 0.010 0.015
floortile-opt11-strips opt-p03-005.pddl 121 0.010 0.003
airport p31-airport4halfMUC-p9.pddl 3688 0.540 0.536
logistics00 probLOGISTICS-10-0.pddl 116 0.000 0.002
parking-opt11-strips pfile04-014.pddl 74 0.000 0.002
barman-opt11-strips pfile01-001.pddl 80 0.010 0.005
movie prob30.pddl 511 0.000 0.004
miconic s24-3.pddl 1393 0.010 0.010
rovers p17.pddl 476 0.010 0.007
parking-opt14-strips p_18_10-01.pddl 95 0.000 0.003
driverlog p06.pddl 76 0.010 0.003
floortile-opt11-strips opt-p03-006.pddl 121 0.000 0.005
psr-small p40-s80-n3-l4-f10.pddl 23 0.190 0.192
organic-synthesis-opt18-strips p16.pddl 430 0.050 0.062
sokoban-opt11-strips p10.pddl 384 0.000 0.005
driverlog p09.pddl 120 0.000 0.003
pipesworld-tankage p24-net3-b14-g5-t60.pddl 257 0.000 0.006
floortile-opt11-strips opt-p05-010.pddl 161 0.000 0.004
mprime prob22.pddl 338 0.010 0.004
pathways-noneg p22.pddl 1319 0.020 0.013
freecell probfreecell-6-2.pddl 238 0.010 0.006
transport-opt11-strips p09.pddl 177 0.010 0.004
scanalyzer-08-strips p01.pddl 49 0.000 0.003
transport-opt11-strips p02.pddl 111 0.000 0.003
zenotravel p14.pddl 122 0.000 0.003
pipesworld-notankage p14-net2-b12-g5.pddl 97 0.000 0.005
pipesworld-notankage p36-net4-b18-g6.pddl 135 0.010 0.005
pegsol-08-strips p12.pddl 177 0.000 0.003
parcprinter-opt11-strips p07.pddl 143 0.000 0.009
miconic s2-1.pddl 29 0.000 0.002
sokoban-opt08-strips p30.pddl 492 0.010 0.005
pathways-noneg p21.pddl 1624 0.020 0.014
psr-small p08-s12-n1-l5-f10.pddl 8 0.010 0.006
mystery prob05.pddl 160 0.010 0.003
driverlog p20.pddl 631 0.010 0.006
nomystery-opt11-strips p19.pddl 17909 0.130 0.124
pipesworld-tankage p41-net5-b22-g2-t20.pddl 267 0.010 0.006
pipesworld-notankage p35-net4-b18-g4.pddl 135 0.010 0.005
grid prob01.pddl 247 0.010 0.004
woodworking-opt08-strips p30.pddl 253 0.000 0.009
satellite p33-HC-pfile13.pddl 1099 0.010 0.010
blocks probBLOCKS-16-1.pddl 52 0.000 0.002
nomystery-opt11-strips p16.pddl 16395 0.110 0.112
childsnack-opt14-strips child-snack_pfile10-2.pddl 239 0.010 0.004
pathways-noneg p06.pddl 574 0.010 0.006
miconic s18-2.pddl 829 0.010 0.007
miconic s21-0.pddl 1093 0.010 0.009
movie prob06.pddl 151 0.010 0.002
freecell probfreecell-7-3.pddl 267 0.010 0.006
psr-small p41-s81-n3-l4-f30.pddl 24 0.010 0.010
logistics00 probLOGISTICS-5-0.pddl 60 0.000 0.002
mprime prob03.pddl 154 0.000 0.003
woodworking-opt08-strips p01.pddl 119 0.000 0.008
miconic s16-0.pddl 673 0.000 0.006
childsnack-opt14-strips child-snack_pfile03.pddl 133 0.000 0.003
depot p21.pddl 315 0.010 0.004
nomystery-opt11-strips p13.pddl 1199 0.010 0.010
freecell p02.pddl 128 0.000 0.005
organic-synthesis-opt18-strips p10.pddl 294 0.020 0.017
floortile-opt14-strips p03-4-3-2.pddl 102 0.010 0.003
parcprinter-08-strips p25.pddl 122 0.010 0.009
organic-synthesis-split-opt18-strips p11.pddl 297 0.060 0.052
barman-opt11-strips pfile05-020.pddl 130 0.010 0.005
gripper prob01.pddl 31 0.000 0.002
floortile-opt11-strips opt-p01-002.pddl 83 0.010 0.003
miconic s28-3.pddl 1849 0.010 0.013
miconic s26-4.pddl 1613 0.020 0.012
blocks probBLOCKS-11-0.pddl 37 0.000 0.002
ged-opt14-strips d-4-8.pddl 47 0.000 0.007
airport p25-airport4halfMUC-p5.pddl 2456 0.470 0.468
airport p35-airport4halfMUC-p12.pddl 4612 0.600 0.603
gripper prob13.pddl 127 0.000 0.003
parcprinter-08-strips p15.pddl 160 0.010 0.013
transport-opt14-strips p06.pddl 218 0.000 0.004
organic-synthesis-split-opt18-strips p09.pddl 286 0.050 0.054
pipesworld-tankage p10-net1-b14-g8-t50.pddl 201 0.010 0.006
psr-small p23-s38-n3-l3-f50.pddl 25 0.010 0.013
parcprinter-opt11-strips p08.pddl 107 0.010 0.009
openstacks-opt11-strips p13.pddl 228 0.010 0.010
pipesworld-tankage p12-net2-b10-g4-t60.pddl 161 0.000 0.006
transport-opt11-strips p18.pddl 177 0.010 0.004
floortile-opt11-strips opt-p10-019.pddl 284 0.000 0.005
pegsol-08-strips p28.pddl 177 0.000 0.003
parking-opt11-strips pfile06-021.pddl 95 0.010 0.003
pipesworld-notankage p33-net4-b16-g5.pddl 127 0.000 0.005
tpp p03.pddl 38 0.000 0.002
gripper prob08.pddl 87 0.010 0.002
driverlog p11.pddl 177 0.000 0.003
blocks probBLOCKS-9-2.pddl 30 0.000 0.002
organic-synthesis-opt18-strips p20.pddl 354 0.060 0.062
logistics00 probLOGISTICS-6-1.pddl 60 0.000 0.002
logistics98 prob03.pddl 332 0.010 0.004
ged-opt14-strips d-7-5.pddl 37 0.000 0.007
parcprinter-08-strips p13.pddl 133 0.010 0.013
elevators-opt08-strips p01.pddl 139 0.000 0.004
miconic s19-3.pddl 913 0.010 0.008
psr-small p13-s22-n2-l3-f50.pddl 11 0.010 0.007
miconic s6-2.pddl 133 0.000 0.002
mprime prob21.pddl 270 0.000 0.004
logistics98 prob24.pddl 760 0.010 0.006
transport-opt14-strips p04.pddl 168 0.000 0.003
freecell probfreecell-2-3.pddl 124 0.010 0.005
nomystery-opt11-strips p18.pddl 14325 0.110 0.104
logistics00 probLOGISTICS-4-0.pddl 60 0.000 0.002
psr-small p24-s39-n3-l3-f70.pddl 21 0.010 0.009
mprime prob30.pddl 207 0.010 0.003
openstacks-opt08-strips p11.pddl 163 0.010 0.008
scanalyzer-opt11-strips p07.pddl 253 0.010 0.005
pipesworld-tankage p14-net2-b12-g5-t30.pddl 161 0.000 0.006
ged-opt14-strips d-3-4.pddl 37 0.010 0.007
parking-opt14-strips p_12_7-03.pddl 64 0.000 0.002
pathways-noneg p14.pddl 957 0.010 0.009
ged-opt14-strips d-2-8.pddl 47 0.010 0.007
pegsol-08-strips p13.pddl 177 0.010 0.003
miconic s21-2.pddl 1093 0.010 0.009
pipesworld-notankage p13-net2-b12-g3.pddl 97 0.010 0.005
pipesworld-notankage p15-net2-b14-g4.pddl 105 0.000 0.005
logistics98 prob31.pddl 100 0.000 0.002
airport p02-airport1-p1.pddl 84 0.010 0.017
openstacks-opt14-strips p25_1.pddl 241 0.010 0.011
blocks probBLOCKS-15-0.pddl 51 0.000 0.002
miconic s26-1.pddl 1613 0.010 0.012
woodworking-opt08-strips p17.pddl 218 0.000 0.009
miconic s24-4.pddl 1393 0.020 0.010
mprime prob04.pddl 127 0.000 0.003
nomystery-opt11-strips p02.pddl 5943 0.040 0.041
mystery prob10.pddl 363 0.010 0.004
mystery prob22.pddl 338 0.000 0.004
woodworking-opt08-strips p12.pddl 150 0.010 0.009
zenotravel p08.pddl 81 0.000 0.002
mprime prob25.pddl 82 0.000 0.002
mystery prob02.pddl 182 0.000 0.003
movie prob08.pddl 181 0.000 0.002
parcprinter-08-strips p23.pddl 95 0.010 0.009
pipesworld-notankage p39-net4-b22-g7.pddl 151 0.010 0.005
parcprinter-08-strips p18.pddl 193 0.010 0.015
floortile-opt14-strips p03-5-4-2.pddl 161 0.010 0.004
airport p26-airport4halfMUC-p6.pddl 2764 0.490 0.485
miconic s6-1.pddl 133 0.000 0.002
hiking-opt14-strips ptesting-2-4-4.pddl 51 0.000 0.003
psr-small p46-s97-n5-l2-f30.pddl 23 0.020 0.018
visitall-opt14-strips p-1-9.pddl 452 0.000 0.005
freecell p11.pddl 309 0.010 0.006
movie prob26.pddl 451 0.010 0.004
pegsol-opt11-strips p09.pddl 177 0.000 0.003
organic-synthesis-opt18-strips p11.pddl 295 0.020 0.016
woodworking-opt08-strips p05.pddl 187 0.010 0.010
scanalyzer-opt11-strips p11.pddl 49 0.000 0.003
airport p18-airport3-p6.pddl 442 0.070 0.065
airport p05-airport2-p1.pddl 176 0.050 0.044
pegsol-opt11-strips p16.pddl 177 0.000 0.003
elevators-opt08-strips p02.pddl 152 0.000 0.003
nomystery-opt11-strips p06.pddl 29995 0.220 0.220
rovers p30.pddl 1948 0.020 0.016
barman-opt11-strips pfile02-006.pddl 91 0.000 0.005
freecell probfreecell-5-5.pddl 211 0.000 0.006
gripper prob15.pddl 143 0.000 0.002
freecell probfreecell-13-4.pddl 435 0.000 0.007
elevators-opt08-strips p15.pddl 225 0.010 0.004
satellite p05-pfile5.pddl 119 0.000 0.003
pipesworld-notankage p26-net3-b16-g7.pddl 121 0.000 0.005
parcprinter-opt11-strips p02.pddl 107 0.010 0.008
miconic s17-1.pddl 749 0.010 0.007
woodworking-opt11-strips p09.pddl 187 0.010 0.008
scanalyzer-08-strips p22.pddl 23 0.010 0.002
airport p34-airport4halfMUC-p11.pddl 4304 0.570 0.571
miconic s19-1.pddl 913 0.010 0.008
miconic s18-0.pddl 829 0.010 0.007
organic-synthesis-split-opt18-strips p14.pddl 403 0.050 0.053
satellite p02-pfile2.pddl 53 0.000 0.002
logistics98 prob08.pddl 564 0.000 0.005
miconic s30-1.pddl 2101 0.010 0.015
elevators-opt11-strips p08.pddl 145 0.000 0.004
tpp p16.pddl 238 0.010 0.004
miconic s27-3.pddl 1729 0.020 0.013
driverlog p02.pddl 69 0.000 0.003
miconic s5-4.pddl 101 0.000 0.002
elevators-opt08-strips p24.pddl 246 0.000 0.004
scanalyzer-08-strips p28.pddl 79 0.010 0.003
psr-small p35-s57-n5-l2-f30.pddl 25 0.020 0.022
hiking-opt14-strips ptesting-2-2-8.pddl 57 0.010 0.003
transport-opt11-strips p13.pddl 159 0.000 0.003
sokoban-opt11-strips p19.pddl 523 0.000 0.005
openstacks-opt14-strips p25_3.pddl 281 0.010 0.013
mystery prob26.pddl 161 0.000 0.003
depot p12.pddl 182 0.000 0.003
driverlog p10.pddl 154 0.000 0.003
mprime prob08.pddl 213 0.010 0.003
zenotravel p05.pddl 65 0.000 0.002
openstacks-opt08-strips p27.pddl 344 0.010 0.015
pipesworld-notankage p01-net1-b6-g2.pddl 73 0.000 0.004
transport-opt14-strips p03.pddl 149 0.000 0.003
pegsol-08-strips p29.pddl 177 0.000 0.003
mprime prob12.pddl 122 0.000 0.002
transport-opt14-strips p18.pddl 618 0.010 0.007
organic-synthesis-split-opt18-strips p06.pddl 219 0.310 0.306
scanalyzer-08-strips p04.pddl 73 0.000 0.003
transport-opt08-strips p27.pddl 280 0.010 0.005
satellite p15-pfile15.pddl 256 0.000 0.004
pipesworld-tankage p11-net2-b10-g2-t30.pddl 137 0.010 0.006
logistics98 prob06.pddl 536 0.010 0.005
miconic s24-2.pddl 1393 0.010 0.010
pipesworld-notankage p40-net4-b22-g8.pddl 151 0.010 0.005
scanalyzer-08-strips p08.pddl 81 0.000 0.003
psr-small p27-s42-n3-l4-f50.pddl 18 0.000 0.011
miconic s10-2.pddl 301 0.010 0.004
tpp p18.pddl 316 0.000 0.005
freecell probfreecell-3-4.pddl 154 0.000 0.006
airport p24-airport4halfMUC-p4.pddl 2148 0.450 0.455
miconic s14-2.pddl 533 0.010 0.005
freecell probfreecell-11-2.pddl 379 0.010 0.007
miconic s28-0.pddl 1849 0.010 0.013
psr-small p43-s83-n3-l4-f70.pddl 21 0.010 0.011
transport-opt08-strips p16.pddl 326 0.010 0.005
barman-opt14-strips p536-1.pddl 101 0.000 0.005
parcprinter-opt11-strips p14.pddl 179 0.010 0.009
miconic s18-4.pddl 829 0.010 0.007
openstacks-opt11-strips p07.pddl 173 0.010 0.008
depot p02.pddl 74 0.010 0.003
pathways-noneg p08.pddl 927 0.010 0.008
miconic s15-3.pddl 601 0.000 0.006
visitall-opt11-strips problem03-full.pddl 44 0.000 0.001
miconic s6-4.pddl 133 0.000 0.002
openstacks-opt08-strips p14.pddl 196 0.000 0.009
mystery prob15.pddl 275 0.010 0.004
pipesworld-notankage p05-net1-b10-g4.pddl 89 0.000 0.004
miconic s29-4.pddl 1973 0.010 0.014
parcprinter-opt11-strips p17.pddl 160 0.010 0.013
pipesworld-tankage p03-net1-b8-g3-t80.pddl 165 0.010 0.006
barman-opt14-strips p739-1.pddl 129 0.010 0.005
freecell probfreecell-8-5.pddl 295 0.000 0.006
freecell p03.pddl 156 0.000 0.005
ged-opt14-strips d-2-3.pddl 27 0.000 0.007
openstacks-opt14-strips p30_3.pddl 352 0.020 0.016
barman-opt14-strips p638-3.pddl 118 0.010 0.005
openstacks-opt11-strips p05.pddl 153 0.000 0.008
psr-small p02-s5-n1-l3-f30.pddl 11 0.010 0.007
miconic s1-0.pddl 13 0.000 0.002
miconic s16-3.pddl 673 0.010 0.006
parking-opt11-strips pfile05-018.pddl 84 0.000 0.002
pathways-noneg p05.pddl 416 0.010 0.005
freecell probfreecell-7-5.pddl 267 0.010 0.006
miconic s6-3.pddl 133 0.000 0.002
openstacks-opt08-strips p06.pddl 109 0.010 0.006
tpp p07.pddl 99 0.000 0.002
psr-small p01-s2-n1-l2-f50.pddl 5 0.000 0.003
visitall-opt14-strips p-1-15.pddl 1292 0.010 0.010
pipesworld-tankage p07-net1-b12-g5-t80.pddl 205 0.000 0.006
sokoban-opt11-strips p01.pddl 253 0.000 0.004
openstacks-opt11-strips p09.pddl 196 0.000 0.009
freecell probfreecell-6-5.pddl 239 0.000 0.006
elevators-opt08-strips p09.pddl 151 0.000 0.003
pipesworld-notankage p44-net5-b24-g5.pddl 167 0.010 0.005
parking-opt14-strips p_14_8-01.pddl 75 0.000 0.002
organic-synthesis-split-opt18-strips p12.pddl 333 0.050 0.051
mprime prob09.pddl 148 0.000 0.003
freecell probfreecell-3-1.pddl 154 0.000 0.005
childsnack-opt14-strips child-snack_pfile03-2.pddl 133 0.000 0.003
woodworking-opt11-strips p15.pddl 218 0.000 0.008
pathways-noneg p09.pddl 863 0.010 0.008
psr-small p22-s37-n3-l3-f30.pddl 20 0.010 0.017
barman-opt14-strips p839-2.pddl 134 0.010 0.005
blocks probBLOCKS-8-2.pddl 30 0.000 0.002
barman-opt11-strips pfile01-004.pddl 80 0.000 0.005
parking-opt14-strips p_18_10-04.pddl 95 0.010 0.002
parcprinter-opt11-strips p01.pddl 83 0.000 0.008
freecell p10.pddl 310 0.010 0.006
miconic s18-3.pddl 829 0.010 0.007
mystery prob27.pddl 151 0.000 0.002
parcprinter-08-strips p01.pddl 95 0.010 0.008
miconic s21-3.pddl 1093 0.010 0.008
freecell p07.pddl 246 0.010 0.006
depot p14.pddl 176 0.010 0.003
tpp p26.pddl 500 0.000 0.005
visitall-opt14-strips p-1-6.pddl 194 0.000 0.002
blocks probBLOCKS-6-2.pddl 20 0.000 0.002
parking-opt14-strips p_12_7-04.pddl 64 0.000 0.002
parcprinter-08-strips p30.pddl 182 0.010 0.009
mprime prob24.pddl 315 0.000 0.004
blocks probBLOCKS-11-1.pddl 38 0.000 0.002
woodworking-opt11-strips p13.pddl 204 0.010 0.008
logistics98 prob21.pddl 816 0.000 0.006
miconic s12-2.pddl 409 0.010 0.004
mprime prob17.pddl 269 0.000 0.004
childsnack-opt14-strips child-snack_pfile07.pddl 193 0.000 0.004
nomystery-opt11-strips p10.pddl 16624 0.110 0.112
mystery prob01.pddl 96 0.000 0.002
parcprinter-08-strips p22.pddl 83 0.010 0.008
visitall-opt14-strips p-1-8.pddl 354 0.010 0.004
pegsol-opt11-strips p18.pddl 177 0.000 0.003
visitall-opt14-strips p-1-16.pddl 1474 0.010 0.012
miconic s5-1.pddl 101 0.000 0.003
organic-synthesis-opt18-strips p01.pddl 197 0.010 0.017
pipesworld-notankage p12-net2-b10-g4.pddl 89 0.000 0.004
elevators-opt11-strips p20.pddl 246 0.010 0.004
miconic s2-2.pddl 29 0.000 0.002
floortile-opt11-strips opt-p04-008.pddl 135 0.000 0.003
freecell probfreecell-5-3.pddl 211 0.010 0.006
visitall-opt11-strips problem09-half.pddl 452 0.000 0.004
depot p11.pddl 152 0.000 0.003
logistics98 prob10.pddl 452 0.010 0.006
elevators-opt08-strips p28.pddl 252 0.000 0.004
pipesworld-notankage p30-net3-b20-g8.pddl 137 0.010 0.005
freecell p14.pddl 342 0.000 0.006
floortile-opt14-strips p01-5-5-2.pddl 201 0.010 0.004
freecell probfreecell-13-1.pddl 435 0.010 0.007
pipesworld-notankage p10-net1-b14-g8.pddl 105 0.000 0.005
blocks probBLOCKS-9-1.pddl 29 0.000 0.002
elevators-opt08-strips p19.pddl 231 0.000 0.004
sokoban-opt11-strips p12.pddl 2185 0.010 0.015
logistics00 probLOGISTICS-13-0.pddl 148 0.000 0.003
openstacks-opt14-strips p35_2.pddl 342 0.010 0.015
miconic s11-0.pddl 353 0.010 0.004
grid prob02.pddl 336 0.000 0.004
elevators-opt08-strips p08.pddl 161 0.010 0.004
sokoban-opt11-strips p16.pddl 618 0.010 0.006
hiking-opt14-strips ptesting-1-2-3.pddl 28 0.000 0.003
mystery prob25.pddl 82 0.000 0.002
rovers p25.pddl 1044 0.010 0.010
woodworking-opt08-strips p23.pddl 146 0.010 0.008
parcprinter-opt11-strips p20.pddl 143 0.010 0.009
parcprinter-08-strips p12.pddl 121 0.010 0.013
parking-opt11-strips pfile04-016.pddl 74 0.000 0.002
woodworking-opt08-strips p09.pddl 243 0.010 0.009
miconic s20-2.pddl 1001 0.010 0.008
sokoban-opt08-strips p29.pddl 723 0.010 0.006
movie prob16.pddl 301 0.010 0.003
airport p39-airport5MUC-p4.pddl 3233 0.710 0.712
nomystery-opt11-strips p17.pddl 11294 0.070 0.075
parcprinter-opt11-strips p04.pddl 131 0.010 0.009
barman-opt11-strips pfile03-011.pddl 102 0.000 0.005
logistics00 probLOGISTICS-5-1.pddl 60 0.000 0.002
logistics00 probLOGISTICS-12-1.pddl 116 0.000 0.002
miconic s17-4.pddl 749 0.010 0.006
driverlog p04.pddl 73 0.000 0.002
scanalyzer-08-strips p16.pddl 209 0.010 0.004
woodworking-opt08-strips p27.pddl 195 0.010 0.008
sokoban-opt11-strips p02.pddl 640 0.000 0.006
pipesworld-tankage p50-net5-b30-g8-t50.pddl 511 0.010 0.008
miconic s5-0.pddl 101 0.000 0.002
depot p05.pddl 110 0.000 0.003
psr-small p48-s101-n5-l3-f30.pddl 31 0.040 0.031
parcprinter-08-strips p14.pddl 145 0.010 0.012
transport-opt14-strips p02.pddl 129 0.000 0.003
rovers p32.pddl 2649 0.020 0.021
woodworking-opt11-strips p03.pddl 148 0.010 0.008
elevators-opt11-strips p03.pddl 232 0.000 0.004
freecell probfreecell-10-2.pddl 351 0.010 0.006
parcprinter-opt11-strips p06.pddl 155 0.010 0.009
movie prob07.pddl 166 0.000 0.002
logistics00 probLOGISTICS-11-1.pddl 116 0.000 0.002
miconic s16-1.pddl 673 0.000 0.006
scanalyzer-08-strips p15.pddl 121 0.000 0.003
blocks probBLOCKS-4-1.pddl 14 0.000 0.002
miconic s8-4.pddl 209 0.000 0.003
airport p32-airport4halfMUC-p10.pddl 3996 0.550 0.557
depot p20.pddl 230 0.010 0.007
airport p15-airport3-p3.pddl 292 0.060 0.057
mystery prob21.pddl 270 0.000 0.004
gripper prob10.pddl 103 0.000 0.002
transport-opt08-strips p17.pddl 334 0.000 0.005
logistics98 prob22.pddl 1096 0.010 0.008
elevators-opt08-strips p27.pddl 237 0.000 0.004
scanalyzer-opt11-strips p02.pddl 43 0.000 0.003
pegsol-opt11-strips p01.pddl 177 0.010 0.003
transport-opt08-strips p24.pddl 129 0.000 0.003
miconic s8-2.pddl 209 0.010 0.003
organic-synthesis-split-opt18-strips p20.pddl 356 0.310 0.310
organic-synthesis-opt18-strips p18.pddl 479 0.070 0.062
movie prob19.pddl 346 0.000 0.003
barman-opt14-strips p536-3.pddl 101 0.010 0.005
floortile-opt14-strips p02-6-4-2.pddl 187 0.000 0.004
pipesworld-tankage p47-net5-b28-g5-t50.pddl 483 0.010 0.008
transport-opt08-strips p08.pddl 286 0.010 0.005
miconic s12-1.pddl 409 0.010 0.005
floortile-opt11-strips opt-p02-003.pddl 102 0.010 0.003
openstacks-opt08-strips p29.pddl 365 0.010 0.016
transport-opt08-strips p04.pddl 141 0.000 0.003
organic-synthesis-split-opt18-strips p17.pddl 519 0.310 0.308
sokoban-opt08-strips p08.pddl 410 0.010 0.005
woodworking-opt11-strips p01.pddl 146 0.020 0.008
woodworking-opt11-strips p16.pddl 215 0.020 0.009
airport p19-airport3-p6.pddl 442 0.060 0.062
mprime prob16.pddl 177 0.000 0.003
visitall-opt11-strips problem11-half.pddl 684 0.010 0.006
barman-opt11-strips pfile05-019.pddl 130 0.000 0.006
freecell probfreecell-4-1.pddl 182 0.010 0.006
nomystery-opt11-strips p07.pddl 20622 0.140 0.143
visitall-opt11-strips problem08-half.pddl 354 0.000 0.004
scanalyzer-08-strips p30.pddl 71 0.000 0.003
psr-small p20-s34-n3-l2-f50.pddl 21 0.010 0.010
sokoban-opt11-strips p14.pddl 454 0.010 0.005
visitall-opt14-strips p-1-18.pddl 1874 0.020 0.014
scanalyzer-opt11-strips p04.pddl 73 0.000 0.003
freecell probfreecell-8-2.pddl 295 0.010 0.006
mystery prob24.pddl 315 0.010 0.004
rovers p22.pddl 1270 0.010 0.011
airport p49-airport5MUC-p10.pddl 6011 0.890 0.896
transport-opt08-strips p07.pddl 256 0.010 0.004
elevators-opt11-strips p16.pddl 225 0.000 0.004
blocks probBLOCKS-17-0.pddl 57 0.000 0.002
organic-synthesis-opt18-strips p07.pddl 235 0.060 0.062
miconic s14-3.pddl 533 0.010 0.005
pathways-noneg p23.pddl 1408 0.010 0.013
blocks probBLOCKS-5-2.pddl 17 0.000 0.002
tpp p04.pddl 45 0.010 0.002
floortile-opt14-strips p03-6-5-2.pddl 234 0.010 0.004
pipesworld-tankage p15-net2-b14-g4-t30.pddl 169 0.010 0.006
openstacks-opt08-strips p20.pddl 259 0.010 0.012
openstacks-opt14-strips p20_1.pddl 192 0.010 0.009
sokoban-opt08-strips p05.pddl 384 0.010 0.004
satellite p17-pfile17.pddl 312 0.000 0.004
organic-synthesis-opt18-strips p13.pddl 360 0.060 0.062
openstacks-opt11-strips p08.pddl 183 0.010 0.009
scanalyzer-08-strips p18.pddl 146 0.000 0.003
zenotravel p10.pddl 89 0.000 0.002
satellite p08-pfile8.pddl 148 0.010 0.002
openstacks-opt11-strips p04.pddl 141 0.010 0.007
pegsol-08-strips p06.pddl 177 0.000 0.003
ged-opt14-strips d-8-9.pddl 47 0.010 0.007
parcprinter-08-strips p24.pddl 107 0.010 0.008
transport-opt11-strips p12.pddl 202 0.000 0.004
openstacks-opt08-strips p17.pddl 228 0.010 0.010
elevators-opt11-strips p04.pddl 142 0.000 0.004
depot p22.pddl 375 0.000 0.004
childsnack-opt14-strips child-snack_pfile05.pddl 164 0.000 0.003
miconic s9-2.pddl 253 0.000 0.003
airport p43-airport5MUC-p5.pddl 3696 0.750 0.743
pipesworld-notankage p22-net3-b12-g4.pddl 105 0.000 0.005
elevators-opt08-strips p03.pddl 142 0.000 0.004
visitall-opt14-strips p-05-8.pddl 354 0.010 0.004
miconic s23-1.pddl 1289 0.010 0.010
freecell probfreecell-6-1.pddl 239 0.000 0.006
miconic s26-0.pddl 1613 0.010 0.012
sokoban-opt08-strips p06.pddl 253 0.000 0.004
pegsol-08-strips p18.pddl 177 0.010 0.003
satellite p28-HC-pfile8.pddl 546 0.010 0.006
parcprinter-opt11-strips p15.pddl 191 0.010 0.010
openstacks-opt11-strips p10.pddl 290 0.010 0.013
visitall-opt14-strips p-1-5.pddl 132 0.000 0.002
freecell p04.pddl 184 0.000 0.006
parking-opt11-strips pfile04-013.pddl 75 0.010 0.002
pegsol-opt11-strips p13.pddl 177 0.010 0.003
tpp p02.pddl 31 0.000 0.002
openstacks-opt14-strips p45_1.pddl 430 0.030 0.019
rovers p08.pddl 175 0.010 0.005
scanalyzer-08-strips p19.pddl 253 0.000 0.005
transport-opt14-strips p10.pddl 298 0.000 0.005
pipesworld-tankage p25-net3-b16-g5-t60.pddl 297 0.000 0.007
elevators-opt11-strips p07.pddl 249 0.010 0.004
psr-small p18-s31-n2-l5-f70.pddl 21 0.010 0.010
movie prob12.pddl 241 0.000 0.002
elevators-opt08-strips p25.pddl 234 0.010 0.004
mprime prob01.pddl 96 0.010 0.002
parking-opt14-strips p_14_8-02.pddl 75 0.000 0.002
logistics00 probLOGISTICS-7-0.pddl 88 0.000 0.002
scanalyzer-08-strips p14.pddl 127 0.010 0.003
miconic s5-3.pddl 101 0.010 0.002
openstacks-opt11-strips p12.pddl 218 0.010 0.010
parcprinter-08-strips p11.pddl 109 0.010 0.012
mystery prob11.pddl 123 0.000 0.002
movie prob25.pddl 436 0.000 0.004
tpp p12.pddl 137 0.000 0.003
parcprinter-opt11-strips p18.pddl 169 0.020 0.013
sokoban-opt08-strips p21.pddl 403 0.010 0.005
freecell probfreecell-4-4.pddl 182 0.010 0.006
organic-synthesis-split-opt18-strips p01.pddl 199 0.050 0.052
woodworking-opt11-strips p12.pddl 196 0.010 0.008
woodworking-opt11-strips p06.pddl 176 0.010 0.008
transport-opt08-strips p28.pddl 306 0.000 0.005
miconic s9-1.pddl 253 0.000 0.003
barman-opt11-strips pfile03-012.pddl 102 0.010 0.005
psr-small p03-s7-n1-l3-f70.pddl 7 0.000 0.004
sokoban-opt11-strips p07.pddl 490 0.010 0.005
miconic s11-2.pddl 353 0.010 0.004
parking-opt11-strips pfile04-015.pddl 74 0.000 0.002
elevators-opt08-strips p05.pddl 145 0.000 0.004
driverlog p13.pddl 320 0.000 0.005
logistics00 probLOGISTICS-9-1.pddl 88 0.000 0.002
parking-opt11-strips pfile05-017.pddl 84 0.000 0.002
barman-opt11-strips pfile01-003.pddl 80 0.010 0.005
miconic s12-0.pddl 409 0.000 0.005
hiking-opt14-strips ptesting-2-4-6.pddl 57 0.000 0.003
miconic s4-3.pddl 73 0.000 0.002
parcprinter-08-strips p03.pddl 119 0.010 0.009
sokoban-opt11-strips p20.pddl 383 0.010 0.005
psr-small p12-s21-n2-l3-f30.pddl 11 0.000 0.007
woodworking-opt11-strips p02.pddl 150 0.010 0.008
miconic s7-3.pddl 169 0.000 0.002
transport-opt11-strips p07.pddl 167 0.000 0.004
transport-opt08-strips p20.pddl 434 0.000 0.006
miconic s1-1.pddl 13 0.010 0.002
rovers p33.pddl 2840 0.020 0.022
rovers p05.pddl 100 0.000 0.004
elevators-opt11-strips p18.pddl 241 0.010 0.004
pathways-noneg p28.pddl 1887 0.010 0.017
pipesworld-tankage p27-net3-b18-g6-t70.pddl 321 0.010 0.007
openstacks-opt11-strips p18.pddl 294 0.010 0.013
parking-opt11-strips pfile08-030.pddl 115 0.000 0.003
parcprinter-opt11-strips p16.pddl 203 0.010 0.009
elevators-opt08-strips p23.pddl 231 0.000 0.004
childsnack-opt14-strips child-snack_pfile02-2.pddl 118 0.010 0.003
openstacks-opt08-strips p10.pddl 153 0.010 0.008
mprime prob27.pddl 151 0.000 0.003
movie prob01.pddl 76 0.000 0.002
logistics00 probLOGISTICS-5-2.pddl 60 0.000 0.002
freecell probfreecell-5-2.pddl 210 0.010 0.006
satellite p18-pfile18.pddl 202 0.000 0.003
parking-opt14-strips p_14_8-04.pddl 75 0.000 0.002
floortile-opt14-strips p02-5-5-2.pddl 201 0.000 0.004
pegsol-opt11-strips p17.pddl 177 0.010 0.003
airport p47-airport5MUC-p8.pddl 5085 0.830 0.834
transport-opt11-strips p03.pddl 93 0.000 0.002
transport-opt14-strips p05.pddl 230 0.010 0.004
miconic s27-4.pddl 1729 0.010 0.012
logistics00 probLOGISTICS-14-0.pddl 148 0.000 0.003
woodworking-opt08-strips p10.pddl 266 0.010 0.009
miconic s11-1.pddl 353 0.000 0.004
rovers p19.pddl 664 0.010 0.008
miconic s10-1.pddl 301 0.000 0.004
mprime prob28.pddl 107 0.000 0.003
zenotravel p18.pddl 186 0.000 0.003
openstacks-opt14-strips p35_1.pddl 338 0.020 0.015
woodworking-opt08-strips p22.pddl 134 0.000 0.008
airport p37-airport5MUC-p3.pddl 2770 0.690 0.693
miconic s16-4.pddl 673 0.010 0.006
freecell probfreecell-5-4.pddl 211 0.000 0.006
sokoban-opt11-strips p15.pddl 542 0.000 0.005
airport p14-airport3-p3.pddl 292 0.060 0.057
mprime prob18.pddl 259 0.000 0.004
freecell probfreecell-10-4.pddl 351 0.000 0.007
transport-opt11-strips p20.pddl 242 0.010 0.004
childsnack-opt14-strips child-snack_pfile04-2.pddl 149 0.000 0.003
rovers p38.pddl 4443 0.030 0.032
airport p48-airport5MUC-p9.pddl 5548 0.870 0.875
pathways-noneg p01.pddl 134 0.000 0.002
pipesworld-tankage p16-net2-b14-g6-t80.pddl 249 0.000 0.006
miconic s23-0.pddl 1289 0.010 0.010
woodworking-opt08-strips p07.pddl 215 0.010 0.009
scanalyzer-08-strips p21.pddl 173 0.000 0.004
sokoban-opt08-strips p22.pddl 523 0.010 0.005
logistics00 probLOGISTICS-6-0.pddl 60 0.010 0.002
woodworking-opt08-strips p29.pddl 240 0.010 0.010
openstacks-opt11-strips p20.pddl 318 0.010 0.014
pegsol-opt11-strips p14.pddl 177 0.010 0.003
logistics98 prob32.pddl 84 0.000 0.002
psr-small p09-s13-n1-l5-f30.pddl 8 0.000 0.006
pathways-noneg p30.pddl 1965 0.020 0.018
rovers p28.pddl 1592 0.010 0.014
transport-opt08-strips p03.pddl 111 0.000 0.002
airport p07-airport2-p2.pddl 222 0.050 0.045
floortile-opt14-strips p03-6-4-2.pddl 187 0.000 0.004
sokoban-opt08-strips p27.pddl 440 0.010 0.005
miconic s12-4.pddl 409 0.000 0.005
pegsol-opt11-strips p15.pddl 177 0.000 0.003
pegsol-08-strips p07.pddl 177 0.010 0.003
satellite p06-pfile6.pddl 95 0.000 0.002
rovers p12.pddl 215 0.000 0.005
freecell p13.pddl 341 0.010 0.007
satellite p27-HC-pfile7.pddl 400 0.010 0.006
airport p01-airport1-p1.pddl 84 0.010 0.017
logistics98 prob14.pddl 468 0.010 0.005
organic-synthesis-opt18-strips p06.pddl 217 0.060 0.062
transport-opt11-strips p15.pddl 203 0.000 0.004
parking-opt14-strips p_16_9-04.pddl 85 0.010 0.003
hiking-opt14-strips ptesting-2-2-6.pddl 51 0.000 0.003
logistics98 prob17.pddl 324 0.010 0.004
elevators-opt11-strips p01.pddl 219 0.000 0.004
elevators-opt08-strips p04.pddl 155 0.000 0.004
freecell p08.pddl 278 0.000 0.006
scanalyzer-opt11-strips p20.pddl 79 0.000 0.003
organic-synthesis-split-opt18-strips p02.pddl 261 0.050 0.052
miconic s20-3.pddl 1001 0.000 0.008
miconic s7-4.pddl 169 0.000 0.003
pipesworld-tankage p13-net2-b12-g3-t70.pddl 205 0.000 0.006
satellite p31-HC-pfile11.pddl 775 0.010 0.007
organic-synthesis-opt18-strips p04.pddl 167 0.050 0.062
parcprinter-08-strips p07.pddl 167 0.010 0.009
woodworking-opt11-strips p18.pddl 218 0.010 0.009
blocks probBLOCKS-5-1.pddl 19 0.000 0.002
barman-opt11-strips pfile04-014.pddl 119 0.000 0.005
logistics98 prob13.pddl 824 0.010 0.006
pipesworld-tankage p01-net1-b6-g2-t50.pddl 133 0.000 0.006
driverlog p08.pddl 91 0.000 0.003
scanalyzer-opt11-strips p16.pddl 103 0.000 0.003
blocks probBLOCKS-5-0.pddl 18 0.000 0.002
logistics98 prob23.pddl 308 0.010 0.004
elevators-opt08-strips p22.pddl 243 0.010 0.004
barman-opt11-strips pfile04-013.pddl 119 0.010 0.006
miconic s27-0.pddl 1729 0.020 0.012
pipesworld-notankage p17-net2-b16-g5.pddl 113 0.010 0.005
pathways-noneg p12.pddl 1055 0.010 0.009
pegsol-08-strips p20.pddl 177 0.000 0.003
logistics00 probLOGISTICS-8-0.pddl 88 0.000 0.002
mprime prob05.pddl 160 0.000 0.003
visitall-opt11-strips problem10-half.pddl 562 0.010 0.005
tpp p20.pddl 354 0.010 0.005
pipesworld-tankage p48-net5-b28-g7-t50.pddl 483 0.010 0.008
depot p08.pddl 128 0.010 0.003
parking-opt14-strips p_20_11-03.pddl 104 0.010 0.003
woodworking-opt08-strips p14.pddl 163 0.010 0.008
parcprinter-08-strips p26.pddl 131 0.010 0.009
pegsol-08-strips p17.pddl 177 0.000 0.003
woodworking-opt08-strips p20.pddl 264 0.010 0.009
miconic s27-1.pddl 1729 0.020 0.012
barman-opt11-strips pfile02-008.pddl 91 0.000 0.005
logistics98 prob04.pddl 400 0.000 0.004
pipesworld-notankage p50-net5-b30-g8.pddl 191 0.000 0.005
barman-opt11-strips pfile02-007.pddl 91 0.000 0.005
openstacks-opt08-strips p02.pddl 65 0.010 0.004
scanalyzer-opt11-strips p03.pddl 41 0.000 0.003
childsnack-opt14-strips child-snack_pfile09.pddl 224 0.000 0.004
rovers p24.pddl 1492 0.020 0.013
pipesworld-tankage p26-net3-b16-g7-t70.pddl 313 0.000 0.007
parcprinter-08-strips p08.pddl 179 0.010 0.010
parking-opt14-strips p_12_7-01.pddl 64 0.000 0.002
rovers p21.pddl 1092 0.010 0.010
psr-small p17-s30-n2-l5-f50.pddl 18 0.010 0.008
miconic s29-2.pddl 1973 0.010 0.014
pipesworld-tankage p23-net3-b14-g3-t60.pddl 257 0.010 0.006
zenotravel p07.pddl 73 0.010 0.003
psr-small p21-s35-n3-l2-f70.pddl 21 0.010 0.009
floortile-opt14-strips p03-5-3-2.pddl 121 0.010 0.003
freecell probfreecell-12-3.pddl 407 0.000 0.007
movie prob04.pddl 121 0.000 0.002
logistics98 prob02.pddl 196 0.010 0.003
logistics98 prob11.pddl 192 0.000 0.003
tpp p23.pddl 376 0.000 0.005
sokoban-opt08-strips p25.pddl 414 0.010 0.005
miconic s5-2.pddl 101 0.000 0.002
blocks probBLOCKS-12-1.pddl 39 0.000 0.002
parking-opt14-strips p_18_10-02.pddl 94 0.000 0.003
scanalyzer-opt11-strips p14.pddl 47 0.000 0.003
scanalyzer-opt11-strips p05.pddl 101 0.000 0.003
openstacks-opt08-strips p30.pddl 368 0.020 0.017
nomystery-opt11-strips p11.pddl 482 0.000 0.005
driverlog p07.pddl 87 0.010 0.003
parcprinter-opt11-strips p12.pddl 145 0.010 0.013
parcprinter-opt11-strips p13.pddl 167 0.010 0.009
mystery prob17.pddl 269 0.000 0.004
airport p21-airport4halfMUC-p2.pddl 1532 0.410 0.411
logistics98 prob30.pddl 1536 0.010 0.009
psr-small p04-s8-n1-l4-f10.pddl 9 0.010 0.010
tpp p11.pddl 124 0.000 0.003
pipesworld-tankage p40-net4-b22-g8-t50.pddl 347 0.000 0.007
openstacks-opt11-strips p06.pddl 163 0.010 0.008
tpp p25.pddl 472 0.010 0.005
pegsol-08-strips p16.pddl 177 0.010 0.003
organic-synthesis-split-opt18-strips p18.pddl 481 0.310 0.318
logistics00 probLOGISTICS-4-2.pddl 60 0.000 0.002
nomystery-opt11-strips p15.pddl 9275 0.070 0.063
visitall-opt14-strips p-05-6.pddl 194 0.000 0.002
blocks probBLOCKS-11-2.pddl 36 0.000 0.002
mprime prob06.pddl 257 0.000 0.004
parcprinter-08-strips p17.pddl 181 0.020 0.013
movie prob21.pddl 376 0.000 0.003
floortile-opt11-strips opt-p01-001.pddl 83 0.000 0.003
elevators-opt08-strips p12.pddl 232 0.000 0.004
mprime prob10.pddl 363 0.000 0.004
transport-opt14-strips p19.pddl 622 0.010 0.008
pipesworld-tankage p32-net4-b14-g5-t30.pddl 215 0.010 0.006
openstacks-opt11-strips p02.pddl 120 0.010 0.006
movie prob13.pddl 256 0.000 0.003
sokoban-opt11-strips p17.pddl 416 0.010 0.005
miconic s9-4.pddl 253 0.000 0.003
psr-small p29-s45-n3-l5-f30.pddl 26 0.020 0.026
scanalyzer-08-strips p10.pddl 133 0.010 0.003
freecell p06.pddl 247 0.000 0.006
elevators-opt08-strips p14.pddl 235 0.010 0.004
satellite p04-pfile4.pddl 71 0.000 0.002
psr-small p33-s51-n4-l2-f70.pddl 22 0.020 0.019
transport-opt08-strips p18.pddl 446 0.000 0.006
rovers p20.pddl 937 0.010 0.010
satellite p16-pfile16.pddl 300 0.010 0.004
airport p41-airport5MUC-p4.pddl 3233 0.690 0.704
mystery prob04.pddl 127 0.000 0.002
freecell p05.pddl 215 0.010 0.006
woodworking-opt11-strips p07.pddl 163 0.010 0.008
mystery prob13.pddl 387 0.010 0.004
freecell probfreecell-6-3.pddl 239 0.010 0.006
parking-opt11-strips pfile05-019.pddl 84 0.000 0.002
openstacks-opt08-strips p12.pddl 173 0.010 0.008
hiking-opt14-strips ptesting-2-2-7.pddl 54 0.000 0.003
pegsol-opt11-strips p12.pddl 177 0.000 0.003
freecell probfreecell-4-3.pddl 183 0.000 0.006
scanalyzer-08-strips p07.pddl 101 0.010 0.003
mystery prob14.pddl 401 0.010 0.004
grid prob04.pddl 562 0.000 0.005
mystery prob29.pddl 154 0.010 0.002
pipesworld-tankage p05-net1-b10-g4-t50.pddl 165 0.010 0.006
blocks probBLOCKS-13-1.pddl 42 0.000 0.002
miconic s19-4.pddl 913 0.010 0.007
pathways-noneg p27.pddl 2198 0.020 0.018
airport p03-airport1-p2.pddl 107 0.020 0.017
parcprinter-08-strips p04.pddl 131 0.000 0.009
rovers p40.pddl 4798 0.040 0.035
woodworking-opt08-strips p21.pddl 116 0.010 0.008
mprime prob32.pddl 152 0.000 0.003
elevators-opt08-strips p26.pddl 249 0.000 0.004
zenotravel p19.pddl 212 0.010 0.004
pipesworld-tankage p44-net5-b24-g5-t80.pddl 547 0.010 0.008
floortile-opt11-strips opt-p06-011.pddl 187 0.010 0.004
depot p13.pddl 152 0.000 0.003
pegsol-08-strips p10.pddl 177 0.000 0.003
woodworking-opt08-strips p18.pddl 218 0.000 0.009
rovers p14.pddl 272 0.010 0.005
parcprinter-opt11-strips p03.pddl 121 0.010 0.012
pipesworld-tankage p39-net4-b22-g7-t50.pddl 347 0.010 0.007
depot p09.pddl 158 0.000 0.003
zenotravel p06.pddl 69 0.000 0.002
pegsol-opt11-strips p11.pddl 177 0.000 0.003
transport-opt08-strips p05.pddl 211 0.010 0.004
parking-opt14-strips p_12_7-02.pddl 64 0.010 0.002
sokoban-opt11-strips p04.pddl 361 0.010 0.005
miconic s16-2.pddl 673 0.010 0.006
pegsol-08-strips p21.pddl 177 0.000 0.003
airport p28-airport4halfMUC-p7.pddl 3072 0.500 0.497
pegsol-08-strips p15.pddl 177 0.000 0.003
airport p38-airport5MUC-p3.pddl 2770 0.700 0.692
parcprinter-08-strips p29.pddl 173 0.010 0.009
sokoban-opt11-strips p08.pddl 452 0.000 0.005
pipesworld-tankage p36-net4-b18-g6-t90.pddl 423 0.010 0.007
psr-small p26-s41-n3-l4-f30.pddl 19 0.010 0.010
parking-opt11-strips pfile06-022.pddl 95 0.000 0.003
miconic s4-0.pddl 73 0.000 0.002
visitall-opt11-strips problem06-full.pddl 194 0.010 0.002
sokoban-opt08-strips p12.pddl 454 0.000 0.005
airport p06-airport2-p2.pddl 222 0.050 0.045
pipesworld-notankage p41-net5-b22-g2.pddl 159 0.000 0.005
openstacks-opt08-strips p19.pddl 249 0.010 0.011
rovers p31.pddl 2334 0.010 0.018
visitall-opt11-strips problem09-full.pddl 452 0.010 0.005
floortile-opt14-strips p02-5-4-2.pddl 161 0.000 0.004
woodworking-opt11-strips p05.pddl 163 0.020 0.008
openstacks-opt08-strips p22.pddl 290 0.020 0.013
woodworking-opt08-strips p04.pddl 176 0.010 0.008
pathways-noneg p16.pddl 1648 0.020 0.013
organic-synthesis-opt18-strips p03.pddl 170 0.060 0.062
parcprinter-08-strips p10.pddl 203 0.010 0.010
freecell p01.pddl 96 0.000 0.005
freecell probfreecell-10-3.pddl 351 0.000 0.006
openstacks-opt14-strips p40_2.pddl 388 0.020 0.017
nomystery-opt11-strips p05.pddl 16931 0.130 0.117
mprime prob29.pddl 154 0.000 0.003
transport-opt11-strips p14.pddl 200 0.000 0.004
pathways-noneg p03.pddl 248 0.000 0.004
visitall-opt11-strips problem11-full.pddl 684 0.010 0.006
transport-opt08-strips p30.pddl 406 0.010 0.006
freecell probfreecell-9-3.pddl 323 0.010 0.007
miconic s8-3.pddl 209 0.000 0.003
satellite p21-HC-pfile1.pddl 243 0.010 0.004
miconic s29-1.pddl 1973 0.010 0.014
transport-opt14-strips p01.pddl 75 0.000 0.002
airport p29-airport4halfMUC-p8.pddl 3380 0.520 0.512
floortile-opt14-strips p01-5-4-2.pddl 161 0.000 0.004
pegsol-opt11-strips p06.pddl 177 0.000 0.003
zenotravel p04.pddl 66 0.000 0.002
parcprinter-08-strips p28.pddl 155 0.010 0.009
miconic s25-1.pddl 1501 0.010 0.012
transport-opt08-strips p01.pddl 47 0.000 0.002
miconic s1-3.pddl 13 0.000 0.002
pathways-noneg p20.pddl 1417 0.010 0.013
driverlog p17.pddl 467 0.000 0.005
logistics98 prob19.pddl 528 0.010 0.005
childsnack-opt14-strips child-snack_pfile04.pddl 149 0.000 0.003
freecell p15.pddl 373 0.010 0.007
visitall-opt11-strips problem02-full.pddl 18 0.000 0.001
transport-opt11-strips p10.pddl 162 0.000 0.003
sokoban-opt08-strips p16.pddl 640 0.000 0.006
organic-synthesis-opt18-strips p15.pddl 392 0.060 0.063
visitall-opt11-strips problem04-full.pddl 82 0.000 0.002
organic-synthesis-split-opt18-strips p07.pddl 237 0.300 0.306
pipesworld-tankage p45-net5-b26-g4-t50.pddl 455 0.000 0.007
satellite p24-HC-pfile4.pddl 373 0.000 0.005
mystery prob30.pddl 207 0.000 0.003
logistics00 probLOGISTICS-10-1.pddl 116 0.000 0.003
rovers p02.pddl 69 0.000 0.004
freecell probfreecell-11-3.pddl 379 0.010 0.007
floortile-opt11-strips opt-p05-009.pddl 161 0.000 0.004
psr-small p25-s40-n3-l4-f10.pddl 20 3.030 3.032
mprime prob33.pddl 305 0.000 0.004
pipesworld-tankage p18-net2-b16-g7-t60.pddl 233 0.000 0.006
miconic s1-4.pddl 13 0.000 0.002
pipesworld-tankage p20-net2-b18-g8-t90.pddl 337 0.000 0.007
freecell probfreecell-7-4.pddl 267 0.000 0.006
openstacks-opt08-strips p24.pddl 303 0.010 0.013
transport-opt08-strips p19.pddl 478 0.010 0.007
freecell probfreecell-11-1.pddl 379 0.000 0.007
childsnack-opt14-strips child-snack_pfile02.pddl 118 0.000 0.003
pegsol-opt11-strips p10.pddl 177 0.000 0.003
pipesworld-tankage p06-net1-b10-g6-t50.pddl 165 0.000 0.006
pegsol-08-strips p02.pddl 177 0.000 0.003
driverlog p03.pddl 70 0.000 0.003
openstacks-opt14-strips p40_3.pddl 478 0.020 0.021
zenotravel p15.pddl 148 0.000 0.003
gripper prob19.pddl 175 0.000 0.003
airport p36-airport5MUC-p2.pddl 2307 0.660 0.660
rovers p10.pddl 199 0.000 0.005
satellite p36-HC-pfile16.pddl 843 0.010 0.008
scanalyzer-08-strips p29.pddl 73 0.000 0.003
blocks probBLOCKS-15-1.pddl 48 0.000 0.002
logistics00 probLOGISTICS-12-0.pddl 116 0.000 0.003
transport-opt08-strips p29.pddl 340 0.010 0.005
blocks probBLOCKS-6-1.pddl 24 0.000 0.002
movie prob09.pddl 196 0.000 0.002
miconic s18-1.pddl 829 0.010 0.007
visitall-opt11-strips problem06-half.pddl 194 0.000 0.002
airport p11-airport3-p1.pddl 192 0.050 0.053
pathways-noneg p13.pddl 906 0.010 0.009
sokoban-opt08-strips p28.pddl 635 0.000 0.006
miconic s2-4.pddl 29 0.000 0.002
woodworking-opt08-strips p11.pddl 119 0.010 0.008
airport p10-airport3-p1.pddl 192 0.050 0.053
openstacks-opt08-strips p07.pddl 120 0.000 0.007
airport p17-airport3-p5.pddl 392 0.060 0.063
pipesworld-tankage p49-net5-b30-g6-t50.pddl 511 0.010 0.007
openstacks-opt14-strips p50_3.pddl 625 0.020 0.027
transport-opt11-strips p11.pddl 197 0.010 0.004
grid prob03.pddl 443 0.000 0.005
driverlog p14.pddl 232 0.010 0.004
miconic s20-0.pddl 1001 0.010 0.008
floortile-opt11-strips opt-p02-004.pddl 102 0.000 0.003
miconic s25-2.pddl 1501 0.010 0.011
pipesworld-notankage p49-net5-b30-g6.pddl 191 0.000 0.005
transport-opt11-strips p05.pddl 129 0.000 0.003
parcprinter-opt11-strips p09.pddl 133 0.010 0.013
parking-opt11-strips pfile07-025.pddl 104 0.010 0.003
pipesworld-notankage p02-net1-b6-g4.pddl 73 0.010 0.004
miconic s15-0.pddl 601 0.000 0.006
nomystery-opt11-strips p09.pddl 33039 0.240 0.237
freecell probfreecell-7-1.pddl 267 0.010 0.006
woodworking-opt08-strips p26.pddl 195 0.010 0.008
childsnack-opt14-strips child-snack_pfile05-2.pddl 164 0.000 0.003
pipesworld-notankage p03-net1-b8-g3.pddl 81 0.010 0.004
nomystery-opt11-strips p03.pddl 2087 0.010 0.015
depot p01.pddl 62 0.000 0.002
floortile-opt14-strips p01-6-4-2.pddl 187 0.000 0.004
freecell probfreecell-2-2.pddl 125 0.010 0.005
sokoban-opt08-strips p19.pddl 416 0.010 0.005
depot p04.pddl 98 0.000 0.003
transport-opt14-strips p20.pddl 622 0.010 0.008
visitall-opt14-strips p-05-9.pddl 452 0.010 0.004
logistics98 prob27.pddl 1276 0.010 0.008
visitall-opt14-strips p-1-12.pddl 818 0.000 0.009
satellite p07-pfile7.pddl 125 0.010 0.003
miconic s13-4.pddl 469 0.010 0.005
airport p20-airport3-p7.pddl 492 0.070 0.068
parcprinter-opt11-strips p05.pddl 95 0.010 0.008
pegsol-08-strips p30.pddl 177 0.000 0.003
miconic s7-1.pddl 169 0.000 0.003
pipesworld-tankage p37-net4-b20-g5-t60.pddl 335 0.010 0.007
parcprinter-08-strips p06.pddl 155 0.010 0.009
mystery prob09.pddl 148 0.000 0.002
organic-synthesis-opt18-strips p09.pddl 284 0.020 0.017
miconic s23-4.pddl 1289 0.010 0.010
openstacks-opt14-strips p50_2.pddl 494 0.020 0.022
pegsol-opt11-strips p08.pddl 177 0.000 0.003
movie prob14.pddl 271 0.010 0.003
depot p07.pddl 104 0.010 0.003
mprime prob13.pddl 387 0.010 0.005
parking-opt14-strips p_16_9-02.pddl 85 0.000 0.002
scanalyzer-08-strips p24.pddl 23 0.010 0.003
pipesworld-tankage p29-net3-b20-g6-t70.pddl 365 0.010 0.007
tpp p09.pddl 155 0.000 0.003
blocks probBLOCKS-14-1.pddl 48 0.000 0.002
psr-small p06-s10-n1-l4-f50.pddl 9 0.000 0.004
movie prob17.pddl 316 0.010 0.003
mprime prob02.pddl 182 0.000 0.003
transport-opt14-strips p15.pddl 365 0.000 0.005
airport p42-airport5MUC-p5.pddl 3696 0.760 0.753
woodworking-opt11-strips p17.pddl 221 0.010 0.009
rovers p01.pddl 71 0.010 0.004
organic-synthesis-split-opt18-strips p16.pddl 432 0.310 0.318
logistics00 probLOGISTICS-11-0.pddl 116 0.000 0.003
pipesworld-tankage p38-net4-b20-g7-t60.pddl 335 0.010 0.007
openstacks-opt11-strips p14.pddl 240 0.010 0.011
floortile-opt14-strips p02-4-4-2.pddl 135 0.000 0.003
miconic s30-2.pddl 2101 0.010 0.015
pipesworld-tankage p33-net4-b16-g5-t60.pddl 271 0.000 0.006
woodworking-opt08-strips p06.pddl 204 0.010 0.008
hiking-opt14-strips ptesting-2-3-4.pddl 48 0.000 0.003
parcprinter-opt11-strips p10.pddl 122 0.010 0.009
pipesworld-notankage p27-net3-b18-g6.pddl 129 0.010 0.005
woodworking-opt11-strips p19.pddl 248 0.010 0.009
psr-small p31-s49-n4-l2-f30.pddl 25 0.160 0.163
scanalyzer-08-strips p02.pddl 43 0.000 0.003
depot p10.pddl 128 0.010 0.003
ged-opt14-strips d-2-1.pddl 17 0.000 0.007
visitall-opt14-strips p-1-7.pddl 268 0.000 0.003
freecell probfreecell-12-1.pddl 407 0.000 0.007
airport p23-airport4halfMUC-p4.pddl 2148 0.460 0.456
psr-small p36-s65-n6-l2-f30.pddl 31 0.070 0.076
miconic s15-4.pddl 601 0.010 0.006
hiking-opt14-strips ptesting-1-2-4.pddl 31 0.000 0.003
transport-opt14-strips p12.pddl 410 0.010 0.006
ged-opt14-strips d-1-3.pddl 32 0.010 0.007
pipesworld-tankage p42-net5-b22-g4-t50.pddl 419 0.010 0.007
depot p18.pddl 206 0.000 0.004
freecell probfreecell-2-1.pddl 125 0.010 0.005
freecell probfreecell-10-1.pddl 351 0.010 0.007
miconic s24-1.pddl 1393 0.010 0.010
movie prob29.pddl 496 0.000 0.004
childsnack-opt14-strips child-snack_pfile06.pddl 180 0.010 0.003
airport p45-airport5MUC-p6.pddl 4159 0.780 0.779
psr-small p47-s98-n5-l2-f50.pddl 25 0.010 0.015
depot p19.pddl 188 0.010 0.003
pathways-noneg p25.pddl 1856 0.010 0.016
miconic s6-0.pddl 133 0.010 0.002
floortile-opt14-strips p02-6-5-2.pddl 234 0.010 0.004
openstacks-opt08-strips p28.pddl 347 0.010 0.015
freecell p17.pddl 404 0.000 0.007
hiking-opt14-strips ptesting-2-4-3.pddl 48 0.000 0.003
movie prob24.pddl 421 0.000 0.003
pegsol-opt11-strips p02.pddl 177 0.000 0.003
hiking-opt14-strips ptesting-1-2-5.pddl 34 0.000 0.003
pipesworld-notankage p21-net3-b12-g2.pddl 105 0.000 0.005
hiking-opt14-strips ptesting-2-2-5.pddl 48 0.000 0.003
childsnack-opt14-strips child-snack_pfile06-2.pddl 180 0.000 0.003
elevators-opt08-strips p11.pddl 219 0.000 0.004
woodworking-opt11-strips p20.pddl 240 0.010 0.009
satellite p13-pfile13.pddl 193 0.000 0.003
miconic s29-3.pddl 1973 0.010 0.014
freecell probfreecell-12-2.pddl 407 0.010 0.007
organic-synthesis-split-opt18-strips p10.pddl 296 0.050 0.051
miconic s20-1.pddl 1001 0.010 0.008
sokoban-opt08-strips p15.pddl 618 0.010 0.006
ged-opt14-strips d-3-1.pddl 32 0.010 0.007
movie prob22.pddl 391 0.010 0.003
barman-opt11-strips pfile01-002.pddl 80 0.010 0.005
parking-opt11-strips pfile07-027.pddl 105 0.000 0.003
visitall-opt14-strips p-1-10.pddl 562 0.000 0.006
ged-opt14-strips d-8-2.pddl 47 0.010 0.007
openstacks-opt14-strips p40_1.pddl 384 0.020 0.018
miconic s2-0.pddl 29 0.000 0.002
scanalyzer-opt11-strips p13.pddl 46 0.000 0.003
logistics00 probLOGISTICS-13-1.pddl 148 0.000 0.003
airport p44-airport5MUC-p5.pddl 3696 0.750 0.761
logistics98 prob18.pddl 720 0.010 0.006
barman-opt11-strips pfile04-015.pddl 119 0.000 0.005
zenotravel p13.pddl 100 0.000 0.003
miconic s13-1.pddl 469 0.010 0.005
parcprinter-08-strips p05.pddl 143 0.010 0.009
sokoban-opt08-strips p02.pddl 243 0.010 0.004
elevators-opt08-strips p10.pddl 164 0.010 0.004
rovers p18.pddl 647 0.000 0.008
blocks probBLOCKS-8-1.pddl 29 0.000 0.002
gripper prob20.pddl 183 0.000 0.003
elevators-opt08-strips p06.pddl 158 0.010 0.004
logistics00 probLOGISTICS-7-1.pddl 88 0.000 0.002
psr-small p38-s78-n3-l3-f50.pddl 20 0.010 0.011
logistics98 prob16.pddl 464 0.010 0.005
pathways-noneg p02.pddl 184 0.010 0.003
blocks probBLOCKS-7-0.pddl 23 0.000 0.002
pegsol-08-strips p24.pddl 177 0.000 0.003
scanalyzer-08-strips p12.pddl 98 0.000 0.003
ged-opt14-strips d-8-1.pddl 37 0.010 0.008
miconic s1-2.pddl 13 0.000 0.002
mystery prob06.pddl 257 0.000 0.004
tpp p22.pddl 354 0.010 0.005
gripper prob17.pddl 159 0.010 0.003
visitall-opt11-strips problem07-half.pddl 268 0.000 0.003
pipesworld-notankage p11-net2-b10-g2.pddl 89 0.000 0.004
hiking-opt14-strips ptesting-2-4-5.pddl 54 0.000 0.003
openstacks-opt11-strips p19.pddl 303 0.020 0.014
miconic s26-2.pddl 1613 0.010 0.012
blocks probBLOCKS-13-0.pddl 43 0.010 0.002
freecell p16.pddl 373 0.010 0.007
floortile-opt11-strips opt-p04-007.pddl 135 0.010 0.003
floortile-opt14-strips p01-4-3-2.pddl 102 0.010 0.003
elevators-opt11-strips p19.pddl 231 0.010 0.004
zenotravel p01.pddl 49 0.000 0.002
transport-opt14-strips p13.pddl 151 0.010 0.003
pipesworld-notankage p38-net4-b20-g7.pddl 143 0.000 0.005
pipesworld-notankage p42-net5-b22-g4.pddl 159 0.010 0.007
rovers p11.pddl 219 0.000 0.005
pathways-noneg p29.pddl 1654 0.010 0.016
pathways-noneg p19.pddl 1843 0.010 0.014
sokoban-opt08-strips p18.pddl 542 0.010 0.006
tpp p19.pddl 335 0.010 0.005
elevators-opt08-strips p20.pddl 244 0.000 0.004
movie prob05.pddl 136 0.000 0.002
nomystery-opt11-strips p14.pddl 2931 0.020 0.021
openstacks-opt08-strips p21.pddl 268 0.010 0.013
woodworking-opt08-strips p02.pddl 141 0.010 0.008
rovers p16.pddl 325 0.010 0.006
floortile-opt11-strips opt-p06-012.pddl 187 0.000 0.004
psr-small p39-s79-n3-l3-f70.pddl 19 0.010 0.017
freecell probfreecell-8-3.pddl 295 0.010 0.006
pathways-noneg p18.pddl 1284 0.010 0.012
pegsol-08-strips p27.pddl 177 0.000 0.003
visitall-opt11-strips problem03-half.pddl 44 0.000 0.001
childsnack-opt14-strips child-snack_pfile01.pddl 102 0.000 0.003
visitall-opt14-strips p-05-5.pddl 132 0.000 0.002
gripper prob12.pddl 119 0.000 0.002
parking-opt11-strips pfile06-024.pddl 95 0.000 0.003
pathways-noneg p10.pddl 804 0.010 0.008
rovers p13.pddl 253 0.010 0.005
nomystery-opt11-strips p04.pddl 5334 0.040 0.037
parking-opt11-strips pfile05-020.pddl 85 0.000 0.002
visitall-opt11-strips problem05-full.pddl 132 0.000 0.002
logistics98 prob15.pddl 224 0.000 0.004
pipesworld-tankage p08-net1-b12-g7-t80.pddl 205 0.000 0.006
airport p12-airport3-p2.pddl 242 0.050 0.058
nomystery-opt11-strips p08.pddl 26235 0.190 0.192
parcprinter-opt11-strips p19.pddl 181 0.010 0.013
miconic s22-0.pddl 1189 0.000 0.009
ged-opt14-strips d-1-8.pddl 37 0.000 0.007
pegsol-08-strips p05.pddl 177 0.000 0.003
transport-opt14-strips p16.pddl 436 0.010 0.006
sokoban-opt08-strips p10.pddl 490 0.000 0.005
zenotravel p03.pddl 62 0.000 0.002
openstacks-opt14-strips p45_3.pddl 564 0.030 0.024
transport-opt08-strips p21.pddl 51 0.000 0.002
parking-opt14-strips p_20_11-02.pddl 104 0.010 0.003
pegsol-08-strips p11.pddl 177 0.010 0.003
woodworking-opt11-strips p10.pddl 191 0.010 0.008
woodworking-opt08-strips p08.pddl 248 0.010 0.009
pipesworld-notankage p16-net2-b14-g6.pddl 105 0.010 0.005
mystery prob07.pddl 196 0.000 0.003
gripper prob04.pddl 55 0.000 0.002
sokoban-opt08-strips p09.pddl 452 0.010 0.005
parking-opt14-strips p_18_10-03.pddl 94 0.000 0.003
sokoban-opt08-strips p23.pddl 383 0.000 0.005
miconic s7-0.pddl 169 0.000 0.003
miconic s22-3.pddl 1189 0.010 0.010
openstacks-opt14-strips p20_3.pddl 219 0.010 0.011
logistics98 prob12.pddl 816 0.000 0.007
pipesworld-notankage p29-net3-b20-g6.pddl 137 0.010 0.005
pipesworld-notankage p28-net3-b18-g7.pddl 129 0.010 0.005
transport-opt11-strips p17.pddl 211 0.010 0.004
sokoban-opt11-strips p18.pddl 403 0.000 0.005
psr-small p34-s55-n4-l3-f70.pddl 31 0.020 0.014
gripper prob05.pddl 63 0.000 0.002
psr-small p05-s9-n1-l4-f30.pddl 10 0.010 0.007
miconic s30-3.pddl 2101 0.010 0.015
miconic s17-0.pddl 749 0.000 0.007
pegsol-08-strips p22.pddl 177 0.000 0.003
freecell probfreecell-12-4.pddl 407 0.000 0.007
floortile-opt14-strips p01-4-4-2.pddl 135 0.010 0.003
logistics00 probLOGISTICS-15-0.pddl 148 0.000 0.003
sokoban-opt08-strips p20.pddl 2185 0.020 0.014
pipesworld-notankage p18-net2-b16-g7.pddl 113 0.010 0.005
driverlog p19.pddl 604 0.020 0.006
logistics00 probLOGISTICS-14-1.pddl 148 0.000 0.003
satellite p30-HC-pfile10.pddl 675 0.010 0.007
parking-opt11-strips pfile03-011.pddl 65 0.000 0.002
rovers p34.pddl 2986 0.030 0.024
mprime prob15.pddl 275 0.000 0.004
miconic s9-3.pddl 253 0.000 0.003
psr-small p15-s24-n2-l4-f10.pddl 15 0.160 0.165
satellite p01-pfile1.pddl 41 0.010 0.002
movie prob27.pddl 466 0.010 0.004
pipesworld-tankage p30-net3-b20-g8-t70.pddl 377 0.010 0.007
rovers p36.pddl 3634 0.030 0.027
gripper prob16.pddl 151 0.000 0.002
transport-opt11-strips p04.pddl 137 0.000 0.003
airport p22-airport4halfMUC-p3.pddl 1840 0.430 0.431
visitall-opt14-strips p-1-13.pddl 964 0.000 0.008
scanalyzer-opt11-strips p12.pddl 58 0.000 0.003
logistics98 prob20.pddl 980 0.000 0.007
elevators-opt11-strips p05.pddl 222 0.010 0.004
transport-opt11-strips p08.pddl 156 0.000 0.003
miconic s3-3.pddl 49 0.000 0.002
psr-small p49-s105-n6-l2-f30.pddl 35 0.040 0.037
parcprinter-08-strips p19.pddl 211 0.010 0.013
floortile-opt11-strips opt-p09-017.pddl 273 0.010 0.005
hiking-opt14-strips ptesting-2-2-4.pddl 45 0.000 0.003
freecell probfreecell-3-3.pddl 154 0.000 0.005
hiking-opt14-strips ptesting-2-3-6.pddl 54 0.000 0.003
logistics98 prob26.pddl 1128 0.010 0.007
hiking-opt14-strips ptesting-1-2-7.pddl 40 0.000 0.003
miconic s17-3.pddl 749 0.010 0.012
visitall-opt11-strips problem04-half.pddl 82 0.000 0.001
miconic s11-3.pddl 353 0.010 0.004
pipesworld-notankage p48-net5-b28-g7.pddl 183 0.010 0.005
pegsol-08-strips p25.pddl 177 0.010 0.003
depot p17.pddl 176 0.010 0.003
zenotravel p02.pddl 53 0.000 0.002
childsnack-opt14-strips child-snack_pfile01-2.pddl 102 0.010 0.003
mprime prob35.pddl 104 0.010 0.003
blocks probBLOCKS-12-0.pddl 40 0.000 0.002
sokoban-opt08-strips p04.pddl 361 0.000 0.004
psr-small p10-s17-n2-l2-f30.pddl 16 0.020 0.014
openstacks-opt08-strips p18.pddl 240 0.010 0.011
elevators-opt11-strips p17.pddl 228 0.000 0.004
logistics98 prob25.pddl 1752 0.010 0.010
barman-opt14-strips p638-1.pddl 118 0.000 0.005
parking-opt14-strips p_16_9-03.pddl 84 0.010 0.003
pipesworld-notankage p43-net5-b24-g3.pddl 167 0.000 0.005
freecell p19.pddl 435 0.010 0.007
scanalyzer-08-strips p20.pddl 181 0.000 0.004
satellite p03-pfile3.pddl 71 0.000 0.002
blocks probBLOCKS-6-0.pddl 21 0.000 0.002
elevators-opt11-strips p06.pddl 155 0.000 0.004
parking-opt11-strips pfile08-029.pddl 114 0.000 0.003
organic-synthesis-opt18-strips p19.pddl 318 0.070 0.065
scanalyzer-opt11-strips p19.pddl 181 0.000 0.004
blocks probBLOCKS-7-1.pddl 24 0.010 0.002
floortile-opt11-strips opt-p08-015.pddl 237 0.000 0.005
sokoban-opt08-strips p01.pddl 376 0.000 0.005
floortile-opt11-strips opt-p08-016.pddl 237 0.000 0.005
pegsol-opt11-strips p05.pddl 177 0.000 0.003
mprime prob31.pddl 176 0.010 0.003
transport-opt08-strips p26.pddl 238 0.010 0.007
logistics00 probLOGISTICS-6-2.pddl 60 0.000 0.003
miconic s10-4.pddl 301 0.010 0.004
scanalyzer-opt11-strips p08.pddl 133 0.000 0.003
ged-opt14-strips d-4-3.pddl 37 0.010 0.007
pipesworld-tankage p46-net5-b26-g6-t50.pddl 455 0.010 0.007
satellite p09-pfile9.pddl 166 0.000 0.003
psr-small p07-s11-n1-l4-f70.pddl 11 0.000 0.006
woodworking-opt08-strips p28.pddl 221 0.010 0.009
mystery prob18.pddl 259 0.000 0.004
logistics00 probLOGISTICS-4-1.pddl 60 0.000 0.002
miconic s3-2.pddl 49 0.000 0.002
elevators-opt11-strips p13.pddl 148 0.010 0.004
mystery prob28.pddl 107 0.000 0.002
pipesworld-tankage p31-net4-b14-g3-t20.pddl 159 0.010 0.006
pipesworld-notankage p46-net5-b26-g6.pddl 175 0.000 0.005
pipesworld-notankage p04-net1-b8-g5.pddl 81 0.010 0.004
elevators-opt11-strips p09.pddl 243 0.010 0.004
scanalyzer-opt11-strips p01.pddl 23 0.000 0.002
freecell probfreecell-4-5.pddl 183 0.000 0.006
childsnack-opt14-strips child-snack_pfile08.pddl 208 0.000 0.004
psr-small p44-s89-n4-l2-f30.pddl 17 0.010 0.013
tpp p10.pddl 168 0.010 0.003
mystery prob20.pddl 253 0.000 0.003
sokoban-opt11-strips p11.pddl 444 0.010 0.005
visitall-opt11-strips problem08-full.pddl 354 0.000 0.004
pathways-noneg p24.pddl 1706 0.010 0.015
miconic s9-0.pddl 253 0.000 0.003
blocks probBLOCKS-10-2.pddl 33 0.000 0.002
transport-opt14-strips p11.pddl 414 0.010 0.006
ged-opt14-strips d-1-2.pddl 17 0.000 0.007
mprime prob07.pddl 196 0.000 0.003
scanalyzer-opt11-strips p10.pddl 209 0.000 0.004
visitall-opt14-strips p-05-10.pddl 562 0.010 0.005
miconic s13-2.pddl 469 0.000 0.005
miconic s21-4.pddl 1093 0.010 0.009
miconic s13-3.pddl 469 0.000 0.005
psr-small p11-s18-n2-l2-f50.pddl 14 0.000 0.008
transport-opt08-strips p06.pddl 242 0.010 0.004
pipesworld-tankage p19-net2-b18-g6-t60.pddl 241 0.000 0.006
miconic s28-1.pddl 1849 0.010 0.013
pipesworld-notankage p25-net3-b16-g5.pddl 121 0.000 0.005
movie prob15.pddl 286 0.000 0.003
tpp p17.pddl 297 0.010 0.004
tpp p30.pddl 675 0.010 0.007
mystery prob12.pddl 122 0.000 0.002
nomystery-opt11-strips p12.pddl 3297 0.030 0.024
parking-opt11-strips pfile07-026.pddl 104 0.000 0.003
hiking-opt14-strips ptesting-2-2-3.pddl 42 0.000 0.003
woodworking-opt08-strips p24.pddl 163 0.010 0.008
blocks probBLOCKS-16-2.pddl 51 0.000 0.002
organic-synthesis-split-opt18-strips p19.pddl 320 0.300 0.308
logistics98 prob07.pddl 240 0.000 0.004
depot p06.pddl 140 0.000 0.003
driverlog p05.pddl 78 0.000 0.003
psr-small p14-s23-n2-l3-f70.pddl 16 0.000 0.008
freecell probfreecell-8-1.pddl 295 0.000 0.006
organic-synthesis-opt18-strips p17.pddl 517 0.060 0.065
pathways-noneg p11.pddl 745 0.010 0.008
zenotravel p11.pddl 88 0.000 0.002
freecell probfreecell-11-5.pddl 379 0.010 0.007
scanalyzer-08-strips p13.pddl 169 0.000 0.004
visitall-opt14-strips p-1-11.pddl 684 0.010 0.006
barman-opt11-strips pfile03-009.pddl 102 0.000 0.005
sokoban-opt11-strips p05.pddl 640 0.010 0.006
floortile-opt14-strips p01-5-3-2.pddl 121 0.000 0.003
parking-opt11-strips pfile06-023.pddl 95 0.000 0.002
miconic s17-2.pddl 749 0.000 0.007
pegsol-opt11-strips p19.pddl 177 0.010 0.003
pipesworld-notankage p47-net5-b28-g5.pddl 183 0.000 0.005
miconic s23-3.pddl 1289 0.000 0.010
pegsol-08-strips p23.pddl 177 0.000 0.003
freecell probfreecell-13-2.pddl 435 0.010 0.007
pipesworld-notankage p09-net1-b14-g6.pddl 105 0.010 0.005
woodworking-opt08-strips p25.pddl 192 0.010 0.008
blocks probBLOCKS-14-0.pddl 46 0.000 0.002
elevators-opt11-strips p15.pddl 151 0.000 0.004
rovers p37.pddl 4131 0.030 0.031
freecell probfreecell-6-4.pddl 239 0.000 0.006
zenotravel p09.pddl 85 0.000 0.003
freecell probfreecell-13-3.pddl 435 0.010 0.007
openstacks-opt08-strips p05.pddl 99 0.000 0.006
mprime prob11.pddl 123 0.010 0.003
logistics98 prob09.pddl 484 0.010 0.005
barman-opt14-strips p839-1.pddl 134 0.000 0.005
tpp p21.pddl 332 0.000 0.004
pipesworld-tankage p35-net4-b18-g4-t90.pddl 423 0.000 0.007
sokoban-opt08-strips p03.pddl 203 0.000 0.003
psr-small p50-s107-n6-l2-f70.pddl 50 0.030 0.024
pipesworld-tankage p04-net1-b8-g5-t80.pddl 165 0.010 0.006
miconic s19-0.pddl 913 0.000 0.007
pipesworld-notankage p32-net4-b14-g5.pddl 119 0.010 0.005
pipesworld-notankage p31-net4-b14-g3.pddl 119 0.010 0.005
floortile-opt11-strips opt-p09-018.pddl 273 0.010 0.007
sokoban-opt08-strips p17.pddl 640 0.000 0.006
elevators-opt08-strips p13.pddl 222 0.010 0.004
tpp p06.pddl 89 0.000 0.002
visitall-opt14-strips p-1-14.pddl 1122 0.010 0.012
pipesworld-notankage p24-net3-b14-g5.pddl 113 0.000 0.005
freecell probfreecell-8-4.pddl 295 0.010 0.006
miconic s25-4.pddl 1501 0.020 0.013
openstacks-opt08-strips p26.pddl 324 0.020 0.014
movie prob20.pddl 361 0.010 0.003
openstacks-opt08-strips p09.pddl 141 0.010 0.007
pegsol-08-strips p01.pddl 177 0.010 0.003
scanalyzer-opt11-strips p17.pddl 127 0.000 0.003
pipesworld-notankage p45-net5-b26-g4.pddl 175 0.000 0.005
barman-opt11-strips pfile02-005.pddl 91 0.010 0.005
freecell probfreecell-9-5.pddl 323 0.010 0.006
miconic s7-2.pddl 169 0.010 0.003
transport-opt08-strips p14.pddl 177 0.010 0.004
mprime prob26.pddl 161 0.000 0.003
movie prob28.pddl 481 0.000 0.004
organic-synthesis-opt18-strips p05.pddl 210 0.060 0.062
ged-opt14-strips d-4-2.pddl 22 0.010 0.007
rovers p35.pddl 3376 0.030 0.029
barman-opt14-strips p435-1.pddl 90 0.000 0.005
parcprinter-08-strips p02.pddl 107 0.010 0.009
pipesworld-tankage p17-net2-b16-g5-t20.pddl 177 0.000 0.006
miconic s27-2.pddl 1729 0.010 0.013
movie prob10.pddl 211 0.000 0.002
pegsol-opt11-strips p03.pddl 177 0.000 0.003
satellite p22-HC-pfile2.pddl 262 0.010 0.004
sokoban-opt08-strips p14.pddl 358 0.000 0.005
pipesworld-notankage p08-net1-b12-g7.pddl 97 0.000 0.005
satellite p11-pfile11.pddl 163 0.000 0.003
transport-opt08-strips p15.pddl 237 0.000 0.004
scanalyzer-08-strips p17.pddl 153 0.000 0.004
rovers p07.pddl 135 0.000 0.004
rovers p29.pddl 1816 0.010 0.015
organic-synthesis-split-opt18-strips p05.pddl 212 0.320 0.314
pipesworld-notankage p37-net4-b20-g5.pddl 143 0.000 0.005
ged-opt14-strips d-8-4.pddl 47 0.010 0.007
freecell probfreecell-4-2.pddl 182 0.010 0.006
miconic s3-1.pddl 49 0.010 0.002
pipesworld-tankage p21-net3-b12-g2-t60.pddl 217 0.000 0.006
tpp p05.pddl 76 0.000 0.002
barman-opt14-strips p536-2.pddl 101 0.000 0.005
miconic s30-4.pddl 2101 0.010 0.015
miconic s10-3.pddl 301 0.010 0.004
freecell probfreecell-9-2.pddl 323 0.010 0.006
depot p15.pddl 206 0.000 0.004
openstacks-opt14-strips p20_2.pddl 196 0.010 0.010
pegsol-opt11-strips p04.pddl 177 0.000 0.003
tpp p01.pddl 24 0.010 0.002
mprime prob20.pddl 253 0.000 0.004
transport-opt14-strips p07.pddl 109 0.010 0.002
miconic s30-0.pddl 2101 0.010 0.015
organic-synthesis-split-opt18-strips p15.pddl 394 0.310 0.309
tpp p08.pddl 109 0.000 0.003
pegsol-opt11-strips p07.pddl 177 0.010 0.003
miconic s29-0.pddl 1973 0.020 0.015
sokoban-opt08-strips p13.pddl 444 0.000 0.005
blocks probBLOCKS-4-0.pddl 17 0.000 0.002
mprime prob14.pddl 401 0.010 0.005
organic-synthesis-split-opt18-strips p08.pddl 260 0.310 0.309
airport p16-airport3-p4.pddl 342 0.060 0.063
openstacks-opt08-strips p25.pddl 318 0.010 0.014
freecell probfreecell-2-4.pddl 125 0.010 0.006
miconic s14-0.pddl 533 0.000 0.005
transport-opt14-strips p09.pddl 261 0.010 0.005
organic-synthesis-split-opt18-strips p04.pddl 169 0.310 0.314
childsnack-opt14-strips child-snack_pfile10.pddl 239 0.000 0.004
miconic s15-2.pddl 601 0.010 0.006
satellite p26-HC-pfile6.pddl 418 0.000 0.005
pipesworld-tankage p09-net1-b14-g6-t50.pddl 201 0.010 0.006
freecell probfreecell-10-5.pddl 351 0.000 0.007
logistics98 prob33.pddl 104 0.000 0.003
gripper prob18.pddl 167 0.000 0.003
visitall-opt11-strips problem07-full.pddl 268 0.000 0.003
tpp p14.pddl 203 0.000 0.003
nomystery-opt11-strips p01.pddl 827 0.010 0.007
mprime prob19.pddl 232 0.000 0.004
sokoban-opt11-strips p06.pddl 667 0.010 0.006
woodworking-opt08-strips p19.pddl 233 0.010 0.009
visitall-opt11-strips problem10-full.pddl 562 0.000 0.006
logistics98 prob34.pddl 168 0.000 0.003
logistics00 probLOGISTICS-6-9.pddl 60 0.010 0.002
rovers p06.pddl 123 0.000 0.005
pathways-noneg p15.pddl 995 0.010 0.010
organic-synthesis-opt18-strips p14.pddl 401 0.010 0.017
pipesworld-notankage p19-net2-b18-g6.pddl 121 0.010 0.005
airport p08-airport2-p3.pddl 268 0.050 0.047
freecell probfreecell-11-4.pddl 379 0.010 0.007
miconic s2-3.pddl 29 0.000 0.002
openstacks-opt08-strips p15.pddl 204 0.010 0.010
freecell p09.pddl 278 0.010 0.006
parking-opt14-strips p_14_8-03.pddl 75 0.000 0.002
miconic s4-1.pddl 73 0.000 0.002
pegsol-08-strips p03.pddl 177 0.010 0.003
woodworking-opt11-strips p11.pddl 195 0.010 0.008
openstacks-opt08-strips p08.pddl 132 0.010 0.007
driverlog p01.pddl 55 0.010 0.002
logistics98 prob29.pddl 868 0.010 0.007
scanalyzer-opt11-strips p15.pddl 81 0.000 0.003
miconic s3-4.pddl 49 0.000 0.002
transport-opt08-strips p09.pddl 344 0.000 0.005
pathways-noneg p26.pddl 1847 0.010 0.016
elevators-opt11-strips p10.pddl 235 0.000 0.004
openstacks-opt08-strips p04.pddl 86 0.000 0.005
driverlog p12.pddl 257 0.010 0.004
transport-opt08-strips p02.pddl 73 0.000 0.002
transport-opt08-strips p13.pddl 137 0.010 0.003
miconic s12-3.pddl 409 0.000 0.005
freecell probfreecell-13-5.pddl 435 0.000 0.007
visitall-opt11-strips problem05-half.pddl 132 0.000 0.002
freecell probfreecell-3-2.pddl 154 0.010 0.005
