12
18
18
18
18
18
18
18
18
20
20
20
23
23
23
23
24
25
25
26
27
27
27
28
31
31
33
33
33
33
34
34
35
38
38
40
40
40
40
40
40
40
41
41
41
42
42
43
43
43
43
44
44
44
44
44
45
45
45
45
45
45
46
46
46
46
46
46
47
47
47
47
47
48
48
48
48
49
49
49
49
50
51
51
51
51
51
51
53
54
54
54
55
56
56
56
56
57
57
57
58
58
58
58
60
60
60
61
61
61
61
61
61
63
63
64
64
64
64
64
65
65
66
66
66
66
66
66
66
66
66
67
67
67
68
68
68
68
69
71
71
71
71
73
73
73
73
73
73
73
74
74
74
74
75
75
75
75
75
75
75
76
77
77
78
78
78
78
79
79
80
80
80
80
81
81
81
81
82
82
82
83
83
83
83
84
84
84
84
84
84
84
85
85
85
85
86
86
88
89
89
89
89
89
90
90
90
91
91
91
91
91
93
93
93
93
94
94
95
95
95
95
95
95
95
95
95
95
96
96
96
96
96
97
97
97
97
97
97
97
98
98
99
99
99
99
100
101
101
101
101
101
101
102
102
102
102
102
102
102
102
102
102
103
103
104
104
104
104
104
104
104
105
105
105
105
105
105
105
105
107
107
107
107
107
107
107
108
109
109
109
109
109
111
111
113
113
113
113
114
115
115
116
118
118
118
118
118
118
118
118
118
118
119
119
119
119
119
119
119
119
119
120
120
121
121
121
121
121
121
121
121
121
121
121
121
122
122
123
124
124
124
127
127
127
127
128
129
129
129
129
129
129
129
129
130
130
130
130
130
130
130
130
130
131
131
131
131
131
132
132
132
132
132
132
133
133
133
133
133
133
133
133
134
134
134
134
135
135
135
135
135
135
135
135
135
137
137
137
137
137
137
137
138
139
141
141
141
141
141
141
141
141
142
142
143
143
143
143
143
143
145
145
145
145
146
146
146
148
148
148
148
148
149
149
149
150
150
151
151
151
151
151
151
151
152
153
153
153
153
155
155
155
155
155
155
156
158
158
158
159
159
159
159
159
159
159
160
160
160
161
161
161
161
161
161
161
161
161
162
163
163
163
163
163
163
164
164
164
165
165
165
165
166
166
166
167
167
167
167
167
167
167
167
167
168
168
168
168
168
168
168
168
169
169
169
169
169
170
170
173
173
173
173
173
175
175
175
176
176
176
176
177
177
177
177
177
177
177
177
177
177
177
177
177
177
177
177
177
177
177
177
177
177
177
177
177
177
177
177
177
177
177
177
177
177
177
177
177
177
177
177
177
177
177
177
177
177
177
177
177
177
177
177
177
177
177
178
179
179
180
180
181
181
181
181
182
183
183
183
183
183
186
187
187
187
187
187
187
187
187
188
191
191
191
191
191
191
192
192
192
192
192
193
193
193
193
193
194
194
194
194
195
195
195
195
196
196
196
196
196
197
197
198
198
198
198
198
198
199
200
201
201
201
201
201
201
201
202
203
203
203
203
203
204
204
204
204
204
205
205
205
205
207
208
208
208
208
209
209
210
210
210
210
210
210
211
211
211
215
215
215
215
217
217
217
218
218
218
218
218
218
218
218
219
219
219
219
219
220
221
221
222
222
222
222
222
222
224
224
225
225
228
228
228
228
228
228
228
230
231
231
231
232
232
233
233
234
234
234
234
235
235
235
235
237
237
237
237
238
238
238
238
239
239
240
240
240
240
240
240
241
241
241
241
242
242
242
242
243
243
243
243
244
246
246
248
248
248
249
249
249
249
249
251
252
252
253
253
253
253
253
253
253
253
255
256
256
256
256
256
256
257
257
258
258
259
259
259
259
261
264
266
267
267
268
268
268
268
268
268
268
268
268
271
272
273
273
274
278
280
281
284
284
284
286
286
286
286
287
288
288
288
288
288
288
289
290
290
291
292
292
294
294
294
295
297
297
297
298
298
301
303
303
306
306
306
306
306
306
308
308
313
314
316
318
318
318
318
318
321
321
321
321
322
324
324
325
326
326
328
331
331
332
334
335
335
335
336
337
337
338
338
339
340
341
342
342
344
344
347
347
347
347
348
351
352
354
354
354
354
354
354
354
355
355
358
358
358
360
360
360
360
360
360
360
361
361
362
365
365
365
368
371
376
376
377
383
383
384
384
384
388
392
392
394
398
398
401
403
403
406
410
410
410
410
410
413
414
414
416
416
418
418
418
418
418
418
419
421
422
423
423
426
430
430
430
433
434
436
436
440
442
442
444
444
445
446
446
448
449
450
452
452
452
452
452
452
454
454
455
455
458
464
465
467
468
469
471
471
471
472
476
476
478
478
479
480
480
480
480
480
480
482
483
483
484
486
486
486
486
486
486
486
486
486
486
486
486
490
490
492
492
494
499
500
501
505
508
511
511
514
517
521
523
523
523
525
530
538
539
542
542
545
546
546
546
546
546
547
547
550
553
555
562
562
562
562
564
570
575
576
579
581
582
586
589
594
612
613
616
616
616
616
616
618
618
618
620
622
622
622
624
625
629
633
633
635
635
635
640
640
640
640
645
645
646
647
647
648
648
648
648
651
651
660
661
664
667
667
675
676
679
682
684
684
684
690
690
690
690
690
709
720
723
727
730
731
733
733
735
739
745
750
751
751
760
765
767
768
768
768
768
768
783
792
793
798
806
818
818
827
830
830
834
850
850
850
850
850
876
879
879
880
907
907
911
923
933
936
936
936
936
936
937
939
964
967
975
1014
1014
1021
1021
1021
1021
1021
1021
1026
1026
1026
1026
1026
1044
1044
1045
1051
1056
1071
1092
1120
1120
1120
1120
1120
1122
1127
1147
1155
1155
1155
1155
1155
1158
1179
1193
1199
1218
1218
1218
1218
1218
1233
1248
1270
1292
1308
1315
1320
1320
1320
1320
1320
1348
1350
1350
1369
1371
1372
1383
1405
1412
1413
1413
1419
1426
1426
1426
1426
1426
1437
1438
1444
1455
1455
1455
1455
1455
1456
1460
1474
1479
1492
1502
1520
1531
1532
1536
1536
1536
1536
1536
1556
1558
1562
1592
1594
1632
1639
1639
1650
1650
1650
1650
1650
1652
1668
1668
1680
1681
1692
1693
1719
1737
1741
1752
1752
1752
1752
1752
1752
1768
1768
1768
1768
1768
1770
1774
1782
1787
1787
1787
1787
1787
1816
1828
1828
1840
1861
1869
1874
1881
1889
1890
1890
1890
1890
1890
1896
1920
1924
1948
2002
2005
2016
2016
2016
2016
2016
2086
2087
2130
2146
2146
2146
2146
2146
2148
2148
2151
2151
2151
2151
2151
2168
2176
2185
2185
2233
2280
2280
2280
2280
2280
2307
2334
2363
2363
2373
2373
2384
2416
2448
2456
2547
2547
2547
2547
2547
2578
2578
2583
2583
2649
2686
2736
2764
2764
2770
2770
2783
2783
2820
2820
2826
2827
2827
2827
2827
2827
2827
2840
2880
2880
2931
2939
2975
2975
2975
2975
2975
2986
3040
3072
3123
3142
3233
3233
3233
3273
3297
3360
3376
3380
3380
3435
3435
3435
3435
3435
3447
3447
3447
3501
3632
3634
3688
3696
3696
3696
3696
3734
3736
3736
3811
3927
3927
3927
3927
3927
3940
3940
3948
3948
3996
3996
4048
4064
4064
4131
4159
4159
4189
4304
4316
4324
4416
4443
4443
4443
4451
4451
4451
4451
4451
4455
4455
4612
4641
4647
4670
4716
4721
4721
4731
4731
4778
4780
4798
4806
4896
4899
4930
4994
4994
5007
5007
5007
5007
5007
5061
5083
5085
5131
5287
5334
5448
5448
5548
5582
5582
5595
5595
5595
5595
5595
5756
5943
5946
6011
6215
6215
6215
6215
6215
6215
6215
6263
6265
6405
6507
6507
6852
6855
6855
7014
7125
7169
7172
7172
7191
7191
7218
7353
7606
8045
8112
8305
8326
8344
8352
8976
8976
9064
9132
9275
9764
9764
9867
9979
10157
10157
10164
10164
10476
10514
10567
10976
10976
11294
12036
12260
12260
12294
12711
12711
13300
13598
14000
14077
14077
14325
16158
16395
16424
16624
16931
17102
17102
17909
18670
19232
19232
19763
20265
20622
20984
21648
21684
23064
23086
23926
23926
25833
26235
27072
27188
27645
27778
27778
28458
28458
29398
29601
29995
33039
35184
36270
40124
41710
47689
62949
65280
72697
83775
83780
85205
85429
94720
99705
110751
119407
120735
131440
150850
159753
193889
204385
295966
384942
481540
